<?xml version="1.0" encoding="UTF-8"?>
<!-- Generated by org.testng.reporters.JUnitXMLReporter -->
<testsuite ignored="0" hostname="1021HP440G815" failures="1" tests="1" name="Chaining_TC001" time="1.502" errors="0" timestamp="2025-11-24T11:07:34 IST">
  <testcase classname="com.ep.app.tests.ChainingTest" name="testChainingRequest" time="1.501">
    <failure type="java.lang.IllegalStateException" message="Post ID is missing from the response.">
      <![CDATA[java.lang.IllegalStateException: Post ID is missing from the response.
at com.ep.app.tests.Common.updatePostIdInQueryParamForNextMatchingCaseID(Common.java:393)
at com.ep.app.tests.Common.executeChainedSteps(Common.java:641)
at com.ep.app.tests.ChainingTest.testChainingRequest(ChainingTest.java:26)
at java.base/java.util.ArrayList.forEach(ArrayList.java:1596)
at com.ep.app.tests.RunEnabledAPITests.runTestNGSuite(RunEnabledAPITests.java:36)
at com.ep.app.tests.RunEnabledAPITests.main(RunEnabledAPITests.java:30)
... Removed 22 stack frames]]>
    </failure>
  </testcase> <!-- testChainingRequest -->
</testsuite> <!-- Chaining_TC001 -->
