<?xml version="1.0" encoding="UTF-8"?>
<!-- Generated by org.testng.reporters.JUnitXMLReporter -->
<testsuite ignored="0" hostname="1021HP440G815" failures="1" tests="1" name="Chaining_TC001" time="7.606" errors="0" timestamp="2025-11-20T16:51:52 IST">
  <testcase classname="com.ep.app.tests.ChainingTest" name="testChainingRequest" time="7.01">
    <failure type="java.lang.AssertionError" message="Mismatch for [name]: expected=api67, actual=api0908 expected [api67] but found [api0908]">
      <![CDATA[java.lang.AssertionError: Mismatch for [name]: expected=api67, actual=api0908 expected [api67] but found [api0908]
at com.ep.app.tests.Common.validateResponseParams(Common.java:288)
at com.ep.app.tests.Common.executeChainedSteps(Common.java:622)
at com.ep.app.tests.ChainingTest.testChainingRequest(ChainingTest.java:26)
at java.base/java.util.ArrayList.forEach(ArrayList.java:1596)
at com.ep.app.tests.RunEnabledAPITests.runTestNGSuite(RunEnabledAPITests.java:36)
at com.ep.app.tests.RunEnabledAPITests.main(RunEnabledAPITests.java:30)
... Removed 27 stack frames]]>
    </failure>
  </testcase> <!-- testChainingRequest -->
</testsuite> <!-- Chaining_TC001 -->
