<?xml version="1.0" encoding="UTF-8"?>
<!-- Generated by org.testng.reporters.JUnitXMLReporter -->
<testsuite ignored="0" hostname="CPDK203" failures="0" tests="4" name="ChainingAPITests" time="1.414" errors="0" timestamp="2025-07-03T14:40:52 IST">
  <testcase classname="com.ep.app.tests.APIMethods" name="testGETRequest" time="1.273"/>
  <testcase classname="com.ep.app.tests.APIMethods" name="testPOSTRequest" time="0.042">
    <skipped/>
  </testcase> <!-- testPOSTRequest -->
  <testcase classname="com.ep.app.tests.APIMethods" name="testPUTRequest" time="0.046">
    <skipped/>
  </testcase> <!-- testPUTRequest -->
  <testcase classname="com.ep.app.tests.APIMethods" name="testDELETERequest" time="0.048">
    <skipped/>
  </testcase> <!-- testDELETERequest -->
</testsuite> <!-- ChainingAPITests -->
