<?xml version="1.0" encoding="UTF-8"?>
<!-- Generated by org.testng.reporters.JUnitXMLReporter -->
<testsuite ignored="0" hostname="1021HP440G815" failures="1" tests="1" name="Chaining_TC003" time="3.124" errors="0" timestamp="2026-01-20T11:59:30 IST">
  <testcase classname="com.ep.app.tests.ChainingTest" name="testChainingRequest" time="3.09">
    <failure type="java.lang.StackOverflowError">
      <![CDATA[java.lang.StackOverflowError
at com.ep.app.tests.Common.validateResponseParams(Common.java:315)
at com.ep.app.tests.Common.validateResponseParams(Common.java:325)
at com.ep.app.tests.Common.validateResponseParams(Common.java:325)
at com.ep.app.tests.Common.validateResponseParams(Common.java:325)
at com.ep.app.tests.Common.validateResponseParams(Common.java:325)
at com.ep.app.tests.Common.validateResponseParams(Common.java:325)
at com.ep.app.tests.Common.validateResponseParams(Common.java:325)
at com.ep.app.tests.Common.validateResponseParams(Common.java:325)
at com.ep.app.tests.Common.validateResponseParams(Common.java:325)
at com.ep.app.tests.Common.validateResponseParams(Common.java:325)
at com.ep.app.tests.Common.validateResponseParams(Common.java:325)
at com.ep.app.tests.Common.validateResponseParams(Common.java:325)
at com.ep.app.tests.Common.validateResponseParams(Common.java:325)
at com.ep.app.tests.Common.validateResponseParams(Common.java:325)
at com.ep.app.tests.Common.validateResponseParams(Common.java:325)
at com.ep.app.tests.Common.validateResponseParams(Common.java:325)
at com.ep.app.tests.Common.validateResponseParams(Common.java:325)
at com.ep.app.tests.Common.validateResponseParams(Common.java:325)
at com.ep.app.tests.Common.validateResponseParams(Common.java:325)
at com.ep.app.tests.Common.validateResponseParams(Common.java:325)
at com.ep.app.tests.Common.validateResponseParams(Common.java:325)
at com.ep.app.tests.Common.validateResponseParams(Common.java:325)
at com.ep.app.tests.Common.validateResponseParams(Common.java:325)
at com.ep.app.tests.Common.validateResponseParams(Common.java:325)
at com.ep.app.tests.Common.validateResponseParams(Common.java:325)
at com.ep.app.tests.Common.validateResponseParams(Common.java:325)
at com.ep.app.tests.Common.validateResponseParams(Common.java:325)
at com.ep.app.tests.Common.validateResponseParams(Common.java:325)
at com.ep.app.tests.Common.validateResponseParams(Common.java:325)
at com.ep.app.tests.Common.validateResponseParams(Common.java:325)
at com.ep.app.tests.Common.validateResponseParams(Common.java:325)
at com.ep.app.tests.Common.validateResponseParams(Common.java:325)
at com.ep.app.tests.Common.validateResponseParams(Common.java:325)
at com.ep.app.tests.Common.validateResponseParams(Common.java:325)
at com.ep.app.tests.Common.validateResponseParams(Common.java:325)
at com.ep.app.tests.Common.validateResponseParams(Common.java:325)
at com.ep.app.tests.Common.validateResponseParams(Common.java:325)
at com.ep.app.tests.Common.validateResponseParams(Common.java:325)
at com.ep.app.tests.Common.validateResponseParams(Common.java:325)
at com.ep.app.tests.Common.validateResponseParams(Common.java:325)
at com.ep.app.tests.Common.validateResponseParams(Common.java:325)
at com.ep.app.tests.Common.validateResponseParams(Common.java:325)
at com.ep.app.tests.Common.validateResponseParams(Common.java:325)
at com.ep.app.tests.Common.validateResponseParams(Common.java:325)
at com.ep.app.tests.Common.validateResponseParams(Common.java:325)
at com.ep.app.tests.Common.validateResponseParams(Common.java:325)
at com.ep.app.tests.Common.validateResponseParams(Common.java:325)
at com.ep.app.tests.Common.validateResponseParams(Common.java:325)
at com.ep.app.tests.Common.validateResponseParams(Common.java:325)
at com.ep.app.tests.Common.validateResponseParams(Common.java:325)
at com.ep.app.tests.Common.validateResponseParams(Common.java:325)
at com.ep.app.tests.Common.validateResponseParams(Common.java:325)
at com.ep.app.tests.Common.validateResponseParams(Common.java:325)
at com.ep.app.tests.Common.validateResponseParams(Common.java:325)
at com.ep.app.tests.Common.validateResponseParams(Common.java:325)
at com.ep.app.tests.Common.validateResponseParams(Common.java:325)
at com.ep.app.tests.Common.validateResponseParams(Common.java:325)
at com.ep.app.tests.Common.validateResponseParams(Common.java:325)
at com.ep.app.tests.Common.validateResponseParams(Common.java:325)
at com.ep.app.tests.Common.validateResponseParams(Common.java:325)
at com.ep.app.tests.Common.validateResponseParams(Common.java:325)
at com.ep.app.tests.Common.validateResponseParams(Common.java:325)
at com.ep.app.tests.Common.validateResponseParams(Common.java:325)
at com.ep.app.tests.Common.validateResponseParams(Common.java:325)
at com.ep.app.tests.Common.validateResponseParams(Common.java:325)
at com.ep.app.tests.Common.validateResponseParams(Common.java:325)
at com.ep.app.tests.Common.validateResponseParams(Common.java:325)
at com.ep.app.tests.Common.validateResponseParams(Common.java:325)
at com.ep.app.tests.Common.validateResponseParams(Common.java:325)
at com.ep.app.tests.Common.validateResponseParams(Common.java:325)
at com.ep.app.tests.Common.validateResponseParams(Common.java:325)
at com.ep.app.tests.Common.validateResponseParams(Common.java:325)
at com.ep.app.tests.Common.validateResponseParams(Common.java:325)
at com.ep.app.tests.Common.validateResponseParams(Common.java:325)
at com.ep.app.tests.Common.validateResponseParams(Common.java:325)
at com.ep.app.tests.Common.validateResponseParams(Common.java:325)
at com.ep.app.tests.Common.validateResponseParams(Common.java:325)
at com.ep.app.tests.Common.validateResponseParams(Common.java:325)
at com.ep.app.tests.Common.validateResponseParams(Common.java:325)
at com.ep.app.tests.Common.validateResponseParams(Common.java:325)
at com.ep.app.tests.Common.validateResponseParams(Common.java:325)
at com.ep.app.tests.Common.validateResponseParams(Common.java:325)
at com.ep.app.tests.Common.validateResponseParams(Common.java:325)
at com.ep.app.tests.Common.validateResponseParams(Common.java:325)
at com.ep.app.tests.Common.validateResponseParams(Common.java:325)
at com.ep.app.tests.Common.validateResponseParams(Common.java:325)
at com.ep.app.tests.Common.validateResponseParams(Common.java:325)
at com.ep.app.tests.Common.validateResponseParams(Common.java:325)
at com.ep.app.tests.Common.validateResponseParams(Common.java:325)
at com.ep.app.tests.Common.validateResponseParams(Common.java:325)
at com.ep.app.tests.Common.validateResponseParams(Common.java:325)
at com.ep.app.tests.Common.validateResponseParams(Common.java:325)
at com.ep.app.tests.Common.validateResponseParams(Common.java:325)
at com.ep.app.tests.Common.validateResponseParams(Common.java:325)
at com.ep.app.tests.Common.validateResponseParams(Common.java:325)
at com.ep.app.tests.Common.validateResponseParams(Common.java:325)
at com.ep.app.tests.Common.validateResponseParams(Common.java:325)
at com.ep.app.tests.Common.validateResponseParams(Common.java:325)
at com.ep.app.tests.Common.validateResponseParams(Common.java:325)
at com.ep.app.tests.Common.validateResponseParams(Common.java:325)
at com.ep.app.tests.Common.validateResponseParams(Common.java:325)
at com.ep.app.tests.Common.validateResponseParams(Common.java:325)
at com.ep.app.tests.Common.validateResponseParams(Common.java:325)
at com.ep.app.tests.Common.validateResponseParams(Common.java:325)
at com.ep.app.tests.Common.validateResponseParams(Common.java:325)
at com.ep.app.tests.Common.validateResponseParams(Common.java:325)
at com.ep.app.tests.Common.validateResponseParams(Common.java:325)
at com.ep.app.tests.Common.validateResponseParams(Common.java:325)
at com.ep.app.tests.Common.validateResponseParams(Common.java:325)
at com.ep.app.tests.Common.validateResponseParams(Common.java:325)
at com.ep.app.tests.Common.validateResponseParams(Common.java:325)
at com.ep.app.tests.Common.validateResponseParams(Common.java:325)
at com.ep.app.tests.Common.validateResponseParams(Common.java:325)
at com.ep.app.tests.Common.validateResponseParams(Common.java:325)
at com.ep.app.tests.Common.validateResponseParams(Common.java:325)
at com.ep.app.tests.Common.validateResponseParams(Common.java:325)
at com.ep.app.tests.Common.validateResponseParams(Common.java:325)
at com.ep.app.tests.Common.validateResponseParams(Common.java:325)
at com.ep.app.tests.Common.validateResponseParams(Common.java:325)
at com.ep.app.tests.Common.validateResponseParams(Common.java:325)
at com.ep.app.tests.Common.validateResponseParams(Common.java:325)
at com.ep.app.tests.Common.validateResponseParams(Common.java:325)
at com.ep.app.tests.Common.validateResponseParams(Common.java:325)
at com.ep.app.tests.Common.validateResponseParams(Common.java:325)
at com.ep.app.tests.Common.validateResponseParams(Common.java:325)
at com.ep.app.tests.Common.validateResponseParams(Common.java:325)
at com.ep.app.tests.Common.validateResponseParams(Common.java:325)
at com.ep.app.tests.Common.validateResponseParams(Common.java:325)
at com.ep.app.tests.Common.validateResponseParams(Common.java:325)
at com.ep.app.tests.Common.validateResponseParams(Common.java:325)
at com.ep.app.tests.Common.validateResponseParams(Common.java:325)
at com.ep.app.tests.Common.validateResponseParams(Common.java:325)
at com.ep.app.tests.Common.validateResponseParams(Common.java:325)
at com.ep.app.tests.Common.validateResponseParams(Common.java:325)
at com.ep.app.tests.Common.validateResponseParams(Common.java:325)
at com.ep.app.tests.Common.validateResponseParams(Common.java:325)
at com.ep.app.tests.Common.validateResponseParams(Common.java:325)
at com.ep.app.tests.Common.validateResponseParams(Common.java:325)
at com.ep.app.tests.Common.validateResponseParams(Common.java:325)
at com.ep.app.tests.Common.validateResponseParams(Common.java:325)
at com.ep.app.tests.Common.validateResponseParams(Common.java:325)
at com.ep.app.tests.Common.validateResponseParams(Common.java:325)
at com.ep.app.tests.Common.validateResponseParams(Common.java:325)
at com.ep.app.tests.Common.validateResponseParams(Common.java:325)
at com.ep.app.tests.Common.validateResponseParams(Common.java:325)
at com.ep.app.tests.Common.validateResponseParams(Common.java:325)
at com.ep.app.tests.Common.validateResponseParams(Common.java:325)
at com.ep.app.tests.Common.validateResponseParams(Common.java:325)
at com.ep.app.tests.Common.validateResponseParams(Common.java:325)
at com.ep.app.tests.Common.validateResponseParams(Common.java:325)
at com.ep.app.tests.Common.validateResponseParams(Common.java:325)
at com.ep.app.tests.Common.validateResponseParams(Common.java:325)
at com.ep.app.tests.Common.validateResponseParams(Common.java:325)
at com.ep.app.tests.Common.validateResponseParams(Common.java:325)
at com.ep.app.tests.Common.validateResponseParams(Common.java:325)
at com.ep.app.tests.Common.validateResponseParams(Common.java:325)
at com.ep.app.tests.Common.validateResponseParams(Common.java:325)
at com.ep.app.tests.Common.validateResponseParams(Common.java:325)
at com.ep.app.tests.Common.validateResponseParams(Common.java:325)
at com.ep.app.tests.Common.validateResponseParams(Common.java:325)
at com.ep.app.tests.Common.validateResponseParams(Common.java:325)
at com.ep.app.tests.Common.validateResponseParams(Common.java:325)
at com.ep.app.tests.Common.validateResponseParams(Common.java:325)
at com.ep.app.tests.Common.validateResponseParams(Common.java:325)
at com.ep.app.tests.Common.validateResponseParams(Common.java:325)
at com.ep.app.tests.Common.validateResponseParams(Common.java:325)
at com.ep.app.tests.Common.validateResponseParams(Common.java:325)
at com.ep.app.tests.Common.validateResponseParams(Common.java:325)
at com.ep.app.tests.Common.validateResponseParams(Common.java:325)
at com.ep.app.tests.Common.validateResponseParams(Common.java:325)
at com.ep.app.tests.Common.validateResponseParams(Common.java:325)
at com.ep.app.tests.Common.validateResponseParams(Common.java:325)
at com.ep.app.tests.Common.validateResponseParams(Common.java:325)
at com.ep.app.tests.Common.validateResponseParams(Common.java:325)
at com.ep.app.tests.Common.validateResponseParams(Common.java:325)
at com.ep.app.tests.Common.validateResponseParams(Common.java:325)
at com.ep.app.tests.Common.validateResponseParams(Common.java:325)
at com.ep.app.tests.Common.validateResponseParams(Common.java:325)
at com.ep.app.tests.Common.validateResponseParams(Common.java:325)
at com.ep.app.tests.Common.validateResponseParams(Common.java:325)
at com.ep.app.tests.Common.validateResponseParams(Common.java:325)
at com.ep.app.tests.Common.validateResponseParams(Common.java:325)
at com.ep.app.tests.Common.validateResponseParams(Common.java:325)
at com.ep.app.tests.Common.validateResponseParams(Common.java:325)
at com.ep.app.tests.Common.validateResponseParams(Common.java:325)
at com.ep.app.tests.Common.validateResponseParams(Common.java:325)
at com.ep.app.tests.Common.validateResponseParams(Common.java:325)
at com.ep.app.tests.Common.validateResponseParams(Common.java:325)
at com.ep.app.tests.Common.validateResponseParams(Common.java:325)
at com.ep.app.tests.Common.validateResponseParams(Common.java:325)
at com.ep.app.tests.Common.validateResponseParams(Common.java:325)
at com.ep.app.tests.Common.validateResponseParams(Common.java:325)
at com.ep.app.tests.Common.validateResponseParams(Common.java:325)
at com.ep.app.tests.Common.validateResponseParams(Common.java:325)
at com.ep.app.tests.Common.validateResponseParams(Common.java:325)
at com.ep.app.tests.Common.validateResponseParams(Common.java:325)
at com.ep.app.tests.Common.validateResponseParams(Common.java:325)
at com.ep.app.tests.Common.validateResponseParams(Common.java:325)
at com.ep.app.tests.Common.validateResponseParams(Common.java:325)
at com.ep.app.tests.Common.validateResponseParams(Common.java:325)
at com.ep.app.tests.Common.validateResponseParams(Common.java:325)
at com.ep.app.tests.Common.validateResponseParams(Common.java:325)
at com.ep.app.tests.Common.validateResponseParams(Common.java:325)
at com.ep.app.tests.Common.validateResponseParams(Common.java:325)
at com.ep.app.tests.Common.validateResponseParams(Common.java:325)
at com.ep.app.tests.Common.validateResponseParams(Common.java:325)
at com.ep.app.tests.Common.validateResponseParams(Common.java:325)
at com.ep.app.tests.Common.validateResponseParams(Common.java:325)
at com.ep.app.tests.Common.validateResponseParams(Common.java:325)
at com.ep.app.tests.Common.validateResponseParams(Common.java:325)
at com.ep.app.tests.Common.validateResponseParams(Common.java:325)
at com.ep.app.tests.Common.validateResponseParams(Common.java:325)
at com.ep.app.tests.Common.validateResponseParams(Common.java:325)
at com.ep.app.tests.Common.validateResponseParams(Common.java:325)
at com.ep.app.tests.Common.validateResponseParams(Common.java:325)
at com.ep.app.tests.Common.validateResponseParams(Common.java:325)
at com.ep.app.tests.Common.validateResponseParams(Common.java:325)
at com.ep.app.tests.Common.validateResponseParams(Common.java:325)
at com.ep.app.tests.Common.validateResponseParams(Common.java:325)
at com.ep.app.tests.Common.validateResponseParams(Common.java:325)
at com.ep.app.tests.Common.validateResponseParams(Common.java:325)
at com.ep.app.tests.Common.validateResponseParams(Common.java:325)
at com.ep.app.tests.Common.validateResponseParams(Common.java:325)
at com.ep.app.tests.Common.validateResponseParams(Common.java:325)
at com.ep.app.tests.Common.validateResponseParams(Common.java:325)
at com.ep.app.tests.Common.validateResponseParams(Common.java:325)
at com.ep.app.tests.Common.validateResponseParams(Common.java:325)
at com.ep.app.tests.Common.validateResponseParams(Common.java:325)
at com.ep.app.tests.Common.validateResponseParams(Common.java:325)
at com.ep.app.tests.Common.validateResponseParams(Common.java:325)
at com.ep.app.tests.Common.validateResponseParams(Common.java:325)
at com.ep.app.tests.Common.validateResponseParams(Common.java:325)
at com.ep.app.tests.Common.validateResponseParams(Common.java:325)
at com.ep.app.tests.Common.validateResponseParams(Common.java:325)
at com.ep.app.tests.Common.validateResponseParams(Common.java:325)
at com.ep.app.tests.Common.validateResponseParams(Common.java:325)
at com.ep.app.tests.Common.validateResponseParams(Common.java:325)
at com.ep.app.tests.Common.validateResponseParams(Common.java:325)
at com.ep.app.tests.Common.validateResponseParams(Common.java:325)
at com.ep.app.tests.Common.validateResponseParams(Common.java:325)
at com.ep.app.tests.Common.validateResponseParams(Common.java:325)
at com.ep.app.tests.Common.validateResponseParams(Common.java:325)
at com.ep.app.tests.Common.validateResponseParams(Common.java:325)
at com.ep.app.tests.Common.validateResponseParams(Common.java:325)
at com.ep.app.tests.Common.validateResponseParams(Common.java:325)
at com.ep.app.tests.Common.validateResponseParams(Common.java:325)
at com.ep.app.tests.Common.validateResponseParams(Common.java:325)
at com.ep.app.tests.Common.validateResponseParams(Common.java:325)
at com.ep.app.tests.Common.validateResponseParams(Common.java:325)
at com.ep.app.tests.Common.validateResponseParams(Common.java:325)
at com.ep.app.tests.Common.validateResponseParams(Common.java:325)
at com.ep.app.tests.Common.validateResponseParams(Common.java:325)
at com.ep.app.tests.Common.validateResponseParams(Common.java:325)
at com.ep.app.tests.Common.validateResponseParams(Common.java:325)
at com.ep.app.tests.Common.validateResponseParams(Common.java:325)
at com.ep.app.tests.Common.validateResponseParams(Common.java:325)
at com.ep.app.tests.Common.validateResponseParams(Common.java:325)
at com.ep.app.tests.Common.validateResponseParams(Common.java:325)
at com.ep.app.tests.Common.validateResponseParams(Common.java:325)
at com.ep.app.tests.Common.validateResponseParams(Common.java:325)
at com.ep.app.tests.Common.validateResponseParams(Common.java:325)
at com.ep.app.tests.Common.validateResponseParams(Common.java:325)
at com.ep.app.tests.Common.validateResponseParams(Common.java:325)
at com.ep.app.tests.Common.validateResponseParams(Common.java:325)
at com.ep.app.tests.Common.validateResponseParams(Common.java:325)
at com.ep.app.tests.Common.validateResponseParams(Common.java:325)
at com.ep.app.tests.Common.validateResponseParams(Common.java:325)
at com.ep.app.tests.Common.validateResponseParams(Common.java:325)
at com.ep.app.tests.Common.validateResponseParams(Common.java:325)
at com.ep.app.tests.Common.validateResponseParams(Common.java:325)
at com.ep.app.tests.Common.validateResponseParams(Common.java:325)
at com.ep.app.tests.Common.validateResponseParams(Common.java:325)
at com.ep.app.tests.Common.validateResponseParams(Common.java:325)
at com.ep.app.tests.Common.validateResponseParams(Common.java:325)
at com.ep.app.tests.Common.validateResponseParams(Common.java:325)
at com.ep.app.tests.Common.validateResponseParams(Common.java:325)
at com.ep.app.tests.Common.validateResponseParams(Common.java:325)
at com.ep.app.tests.Common.validateResponseParams(Common.java:325)
at com.ep.app.tests.Common.validateResponseParams(Common.java:325)
at com.ep.app.tests.Common.validateResponseParams(Common.java:325)
at com.ep.app.tests.Common.validateResponseParams(Common.java:325)
at com.ep.app.tests.Common.validateResponseParams(Common.java:325)
at com.ep.app.tests.Common.validateResponseParams(Common.java:325)
at com.ep.app.tests.Common.validateResponseParams(Common.java:325)
at com.ep.app.tests.Common.validateResponseParams(Common.java:325)
at com.ep.app.tests.Common.validateResponseParams(Common.java:325)
at com.ep.app.tests.Common.validateResponseParams(Common.java:325)
at com.ep.app.tests.Common.validateResponseParams(Common.java:325)
at com.ep.app.tests.Common.validateResponseParams(Common.java:325)
at com.ep.app.tests.Common.validateResponseParams(Common.java:325)
at com.ep.app.tests.Common.validateResponseParams(Common.java:325)
at com.ep.app.tests.Common.validateResponseParams(Common.java:325)
at com.ep.app.tests.Common.validateResponseParams(Common.java:325)
at com.ep.app.tests.Common.validateResponseParams(Common.java:325)
at com.ep.app.tests.Common.validateResponseParams(Common.java:325)
at com.ep.app.tests.Common.validateResponseParams(Common.java:325)
at com.ep.app.tests.Common.validateResponseParams(Common.java:325)
at com.ep.app.tests.Common.validateResponseParams(Common.java:325)
at com.ep.app.tests.Common.validateResponseParams(Common.java:325)
at com.ep.app.tests.Common.validateResponseParams(Common.java:325)
at com.ep.app.tests.Common.validateResponseParams(Common.java:325)
at com.ep.app.tests.Common.validateResponseParams(Common.java:325)
at com.ep.app.tests.Common.validateResponseParams(Common.java:325)
at com.ep.app.tests.Common.validateResponseParams(Common.java:325)
at com.ep.app.tests.Common.validateResponseParams(Common.java:325)
at com.ep.app.tests.Common.validateResponseParams(Common.java:325)
at com.ep.app.tests.Common.validateResponseParams(Common.java:325)
at com.ep.app.tests.Common.validateResponseParams(Common.java:325)
at com.ep.app.tests.Common.validateResponseParams(Common.java:325)
at com.ep.app.tests.Common.validateResponseParams(Common.java:325)
at com.ep.app.tests.Common.validateResponseParams(Common.java:325)
at com.ep.app.tests.Common.validateResponseParams(Common.java:325)
at com.ep.app.tests.Common.validateResponseParams(Common.java:325)
at com.ep.app.tests.Common.validateResponseParams(Common.java:325)
at com.ep.app.tests.Common.validateResponseParams(Common.java:325)
at com.ep.app.tests.Common.validateResponseParams(Common.java:325)
at com.ep.app.tests.Common.validateResponseParams(Common.java:325)
at com.ep.app.tests.Common.validateResponseParams(Common.java:325)
at com.ep.app.tests.Common.validateResponseParams(Common.java:325)
at com.ep.app.tests.Common.validateResponseParams(Common.java:325)
at com.ep.app.tests.Common.validateResponseParams(Common.java:325)
at com.ep.app.tests.Common.validateResponseParams(Common.java:325)
at com.ep.app.tests.Common.validateResponseParams(Common.java:325)
at com.ep.app.tests.Common.validateResponseParams(Common.java:325)
at com.ep.app.tests.Common.validateResponseParams(Common.java:325)
at com.ep.app.tests.Common.validateResponseParams(Common.java:325)
at com.ep.app.tests.Common.validateResponseParams(Common.java:325)
at com.ep.app.tests.Common.validateResponseParams(Common.java:325)
at com.ep.app.tests.Common.validateResponseParams(Common.java:325)
at com.ep.app.tests.Common.validateResponseParams(Common.java:325)
at com.ep.app.tests.Common.validateResponseParams(Common.java:325)
at com.ep.app.tests.Common.validateResponseParams(Common.java:325)
at com.ep.app.tests.Common.validateResponseParams(Common.java:325)
at com.ep.app.tests.Common.validateResponseParams(Common.java:325)
at com.ep.app.tests.Common.validateResponseParams(Common.java:325)
at com.ep.app.tests.Common.validateResponseParams(Common.java:325)
at com.ep.app.tests.Common.validateResponseParams(Common.java:325)
at com.ep.app.tests.Common.validateResponseParams(Common.java:325)
at com.ep.app.tests.Common.validateResponseParams(Common.java:325)
at com.ep.app.tests.Common.validateResponseParams(Common.java:325)
at com.ep.app.tests.Common.validateResponseParams(Common.java:325)
at com.ep.app.tests.Common.validateResponseParams(Common.java:325)
at com.ep.app.tests.Common.validateResponseParams(Common.java:325)
at com.ep.app.tests.Common.validateResponseParams(Common.java:325)
at com.ep.app.tests.Common.validateResponseParams(Common.java:325)
at com.ep.app.tests.Common.validateResponseParams(Common.java:325)
at com.ep.app.tests.Common.validateResponseParams(Common.java:325)
at com.ep.app.tests.Common.validateResponseParams(Common.java:325)
at com.ep.app.tests.Common.validateResponseParams(Common.java:325)
at com.ep.app.tests.Common.validateResponseParams(Common.java:325)
at com.ep.app.tests.Common.validateResponseParams(Common.java:325)
at com.ep.app.tests.Common.validateResponseParams(Common.java:325)
at com.ep.app.tests.Common.validateResponseParams(Common.java:325)
at com.ep.app.tests.Common.validateResponseParams(Common.java:325)
at com.ep.app.tests.Common.validateResponseParams(Common.java:325)
at com.ep.app.tests.Common.validateResponseParams(Common.java:325)
at com.ep.app.tests.Common.validateResponseParams(Common.java:325)
at com.ep.app.tests.Common.validateResponseParams(Common.java:325)
at com.ep.app.tests.Common.validateResponseParams(Common.java:325)
at com.ep.app.tests.Common.validateResponseParams(Common.java:325)
at com.ep.app.tests.Common.validateResponseParams(Common.java:325)
at com.ep.app.tests.Common.validateResponseParams(Common.java:325)
at com.ep.app.tests.Common.validateResponseParams(Common.java:325)
at com.ep.app.tests.Common.validateResponseParams(Common.java:325)
at com.ep.app.tests.Common.validateResponseParams(Common.java:325)
at com.ep.app.tests.Common.validateResponseParams(Common.java:325)
at com.ep.app.tests.Common.validateResponseParams(Common.java:325)
at com.ep.app.tests.Common.validateResponseParams(Common.java:325)
at com.ep.app.tests.Common.validateResponseParams(Common.java:325)
at com.ep.app.tests.Common.validateResponseParams(Common.java:325)
at com.ep.app.tests.Common.validateResponseParams(Common.java:325)
at com.ep.app.tests.Common.validateResponseParams(Common.java:325)
at com.ep.app.tests.Common.validateResponseParams(Common.java:325)
at com.ep.app.tests.Common.validateResponseParams(Common.java:325)
at com.ep.app.tests.Common.validateResponseParams(Common.java:325)
at com.ep.app.tests.Common.validateResponseParams(Common.java:325)
at com.ep.app.tests.Common.validateResponseParams(Common.java:325)
at com.ep.app.tests.Common.validateResponseParams(Common.java:325)
at com.ep.app.tests.Common.validateResponseParams(Common.java:325)
at com.ep.app.tests.Common.validateResponseParams(Common.java:325)
at com.ep.app.tests.Common.validateResponseParams(Common.java:325)
at com.ep.app.tests.Common.validateResponseParams(Common.java:325)
at com.ep.app.tests.Common.validateResponseParams(Common.java:325)
at com.ep.app.tests.Common.validateResponseParams(Common.java:325)
at com.ep.app.tests.Common.validateResponseParams(Common.java:325)
at com.ep.app.tests.Common.validateResponseParams(Common.java:325)
at com.ep.app.tests.Common.validateResponseParams(Common.java:325)
at com.ep.app.tests.Common.validateResponseParams(Common.java:325)
at com.ep.app.tests.Common.validateResponseParams(Common.java:325)
at com.ep.app.tests.Common.validateResponseParams(Common.java:325)
at com.ep.app.tests.Common.validateResponseParams(Common.java:325)
at com.ep.app.tests.Common.validateResponseParams(Common.java:325)
at com.ep.app.tests.Common.validateResponseParams(Common.java:325)
at com.ep.app.tests.Common.validateResponseParams(Common.java:325)
at com.ep.app.tests.Common.validateResponseParams(Common.java:325)
at com.ep.app.tests.Common.validateResponseParams(Common.java:325)
at com.ep.app.tests.Common.validateResponseParams(Common.java:325)
at com.ep.app.tests.Common.validateResponseParams(Common.java:325)
at com.ep.app.tests.Common.validateResponseParams(Common.java:325)
at com.ep.app.tests.Common.validateResponseParams(Common.java:325)
at com.ep.app.tests.Common.validateResponseParams(Common.java:325)
at com.ep.app.tests.Common.validateResponseParams(Common.java:325)
at com.ep.app.tests.Common.validateResponseParams(Common.java:325)
at com.ep.app.tests.Common.validateResponseParams(Common.java:325)
at com.ep.app.tests.Common.validateResponseParams(Common.java:325)
at com.ep.app.tests.Common.validateResponseParams(Common.java:325)
at com.ep.app.tests.Common.validateResponseParams(Common.java:325)
at com.ep.app.tests.Common.validateResponseParams(Common.java:325)
at com.ep.app.tests.Common.validateResponseParams(Common.java:325)
at com.ep.app.tests.Common.validateResponseParams(Common.java:325)
at com.ep.app.tests.Common.validateResponseParams(Common.java:325)
at com.ep.app.tests.Common.validateResponseParams(Common.java:325)
at com.ep.app.tests.Common.validateResponseParams(Common.java:325)
at com.ep.app.tests.Common.validateResponseParams(Common.java:325)
at com.ep.app.tests.Common.validateResponseParams(Common.java:325)
at com.ep.app.tests.Common.validateResponseParams(Common.java:325)
at com.ep.app.tests.Common.validateResponseParams(Common.java:325)
at com.ep.app.tests.Common.validateResponseParams(Common.java:325)
at com.ep.app.tests.Common.validateResponseParams(Common.java:325)
at com.ep.app.tests.Common.validateResponseParams(Common.java:325)
at com.ep.app.tests.Common.validateResponseParams(Common.java:325)
at com.ep.app.tests.Common.validateResponseParams(Common.java:325)
at com.ep.app.tests.Common.validateResponseParams(Common.java:325)
at com.ep.app.tests.Common.validateResponseParams(Common.java:325)
at com.ep.app.tests.Common.validateResponseParams(Common.java:325)
at com.ep.app.tests.Common.validateResponseParams(Common.java:325)
at com.ep.app.tests.Common.validateResponseParams(Common.java:325)
at com.ep.app.tests.Common.validateResponseParams(Common.java:325)
at com.ep.app.tests.Common.validateResponseParams(Common.java:325)
at com.ep.app.tests.Common.validateResponseParams(Common.java:325)
at com.ep.app.tests.Common.validateResponseParams(Common.java:325)
at com.ep.app.tests.Common.validateResponseParams(Common.java:325)
at com.ep.app.tests.Common.validateResponseParams(Common.java:325)
at com.ep.app.tests.Common.validateResponseParams(Common.java:325)
at com.ep.app.tests.Common.validateResponseParams(Common.java:325)
at com.ep.app.tests.Common.validateResponseParams(Common.java:325)
at com.ep.app.tests.Common.validateResponseParams(Common.java:325)
at com.ep.app.tests.Common.validateResponseParams(Common.java:325)
at com.ep.app.tests.Common.validateResponseParams(Common.java:325)
at com.ep.app.tests.Common.validateResponseParams(Common.java:325)
at com.ep.app.tests.Common.validateResponseParams(Common.java:325)
at com.ep.app.tests.Common.validateResponseParams(Common.java:325)
at com.ep.app.tests.Common.validateResponseParams(Common.java:325)
at com.ep.app.tests.Common.validateResponseParams(Common.java:325)
at com.ep.app.tests.Common.validateResponseParams(Common.java:325)
at com.ep.app.tests.Common.validateResponseParams(Common.java:325)
at com.ep.app.tests.Common.validateResponseParams(Common.java:325)
at com.ep.app.tests.Common.validateResponseParams(Common.java:325)
at com.ep.app.tests.Common.validateResponseParams(Common.java:325)
at com.ep.app.tests.Common.validateResponseParams(Common.java:325)
at com.ep.app.tests.Common.validateResponseParams(Common.java:325)
at com.ep.app.tests.Common.validateResponseParams(Common.java:325)
at com.ep.app.tests.Common.validateResponseParams(Common.java:325)
at com.ep.app.tests.Common.validateResponseParams(Common.java:325)
at com.ep.app.tests.Common.validateResponseParams(Common.java:325)
at com.ep.app.tests.Common.validateResponseParams(Common.java:325)
at com.ep.app.tests.Common.validateResponseParams(Common.java:325)
at com.ep.app.tests.Common.validateResponseParams(Common.java:325)
at com.ep.app.tests.Common.validateResponseParams(Common.java:325)
at com.ep.app.tests.Common.validateResponseParams(Common.java:325)
at com.ep.app.tests.Common.validateResponseParams(Common.java:325)
at com.ep.app.tests.Common.validateResponseParams(Common.java:325)
at com.ep.app.tests.Common.validateResponseParams(Common.java:325)
at com.ep.app.tests.Common.validateResponseParams(Common.java:325)
at com.ep.app.tests.Common.validateResponseParams(Common.java:325)
at com.ep.app.tests.Common.validateResponseParams(Common.java:325)
at com.ep.app.tests.Common.validateResponseParams(Common.java:325)
at com.ep.app.tests.Common.validateResponseParams(Common.java:325)
at com.ep.app.tests.Common.validateResponseParams(Common.java:325)
at com.ep.app.tests.Common.validateResponseParams(Common.java:325)
at com.ep.app.tests.Common.validateResponseParams(Common.java:325)
at com.ep.app.tests.Common.validateResponseParams(Common.java:325)
at com.ep.app.tests.Common.validateResponseParams(Common.java:325)
at com.ep.app.tests.Common.validateResponseParams(Common.java:325)
at com.ep.app.tests.Common.validateResponseParams(Common.java:325)
at com.ep.app.tests.Common.validateResponseParams(Common.java:325)
at com.ep.app.tests.Common.validateResponseParams(Common.java:325)
at com.ep.app.tests.Common.validateResponseParams(Common.java:325)
at com.ep.app.tests.Common.validateResponseParams(Common.java:325)
at com.ep.app.tests.Common.validateResponseParams(Common.java:325)
at com.ep.app.tests.Common.validateResponseParams(Common.java:325)
at com.ep.app.tests.Common.validateResponseParams(Common.java:325)
at com.ep.app.tests.Common.validateResponseParams(Common.java:325)
at com.ep.app.tests.Common.validateResponseParams(Common.java:325)
at com.ep.app.tests.Common.validateResponseParams(Common.java:325)
at com.ep.app.tests.Common.validateResponseParams(Common.java:325)
at com.ep.app.tests.Common.validateResponseParams(Common.java:325)
at com.ep.app.tests.Common.validateResponseParams(Common.java:325)
at com.ep.app.tests.Common.validateResponseParams(Common.java:325)
at com.ep.app.tests.Common.validateResponseParams(Common.java:325)
at com.ep.app.tests.Common.validateResponseParams(Common.java:325)
at com.ep.app.tests.Common.validateResponseParams(Common.java:325)
at com.ep.app.tests.Common.validateResponseParams(Common.java:325)
at com.ep.app.tests.Common.validateResponseParams(Common.java:325)
at com.ep.app.tests.Common.validateResponseParams(Common.java:325)
at com.ep.app.tests.Common.validateResponseParams(Common.java:325)
at com.ep.app.tests.Common.validateResponseParams(Common.java:325)
at com.ep.app.tests.Common.validateResponseParams(Common.java:325)
at com.ep.app.tests.Common.validateResponseParams(Common.java:325)
at com.ep.app.tests.Common.validateResponseParams(Common.java:325)
at com.ep.app.tests.Common.validateResponseParams(Common.java:325)
at com.ep.app.tests.Common.validateResponseParams(Common.java:325)
at com.ep.app.tests.Common.validateResponseParams(Common.java:325)
at com.ep.app.tests.Common.validateResponseParams(Common.java:325)
at com.ep.app.tests.Common.validateResponseParams(Common.java:325)
at com.ep.app.tests.Common.validateResponseParams(Common.java:325)
at com.ep.app.tests.Common.validateResponseParams(Common.java:325)
at com.ep.app.tests.Common.validateResponseParams(Common.java:325)
at com.ep.app.tests.Common.validateResponseParams(Common.java:325)
at com.ep.app.tests.Common.validateResponseParams(Common.java:325)
at com.ep.app.tests.Common.validateResponseParams(Common.java:325)
at com.ep.app.tests.Common.validateResponseParams(Common.java:325)
at com.ep.app.tests.Common.validateResponseParams(Common.java:325)
at com.ep.app.tests.Common.validateResponseParams(Common.java:325)
at com.ep.app.tests.Common.validateResponseParams(Common.java:325)
at com.ep.app.tests.Common.validateResponseParams(Common.java:325)
at com.ep.app.tests.Common.validateResponseParams(Common.java:325)
at com.ep.app.tests.Common.validateResponseParams(Common.java:325)
at com.ep.app.tests.Common.validateResponseParams(Common.java:325)
at com.ep.app.tests.Common.validateResponseParams(Common.java:325)
at com.ep.app.tests.Common.validateResponseParams(Common.java:325)
at com.ep.app.tests.Common.validateResponseParams(Common.java:325)
at com.ep.app.tests.Common.validateResponseParams(Common.java:325)
at com.ep.app.tests.Common.validateResponseParams(Common.java:325)
at com.ep.app.tests.Common.validateResponseParams(Common.java:325)
at com.ep.app.tests.Common.validateResponseParams(Common.java:325)
at com.ep.app.tests.Common.validateResponseParams(Common.java:325)
at com.ep.app.tests.Common.validateResponseParams(Common.java:325)
at com.ep.app.tests.Common.validateResponseParams(Common.java:325)
at com.ep.app.tests.Common.validateResponseParams(Common.java:325)
at com.ep.app.tests.Common.validateResponseParams(Common.java:325)
at com.ep.app.tests.Common.validateResponseParams(Common.java:325)
at com.ep.app.tests.Common.validateResponseParams(Common.java:325)
at com.ep.app.tests.Common.validateResponseParams(Common.java:325)
at com.ep.app.tests.Common.validateResponseParams(Common.java:325)
at com.ep.app.tests.Common.validateResponseParams(Common.java:325)
at com.ep.app.tests.Common.validateResponseParams(Common.java:325)
at com.ep.app.tests.Common.validateResponseParams(Common.java:325)
at com.ep.app.tests.Common.validateResponseParams(Common.java:325)
at com.ep.app.tests.Common.validateResponseParams(Common.java:325)
at com.ep.app.tests.Common.validateResponseParams(Common.java:325)
at com.ep.app.tests.Common.validateResponseParams(Common.java:325)
at com.ep.app.tests.Common.validateResponseParams(Common.java:325)
at com.ep.app.tests.Common.validateResponseParams(Common.java:325)
at com.ep.app.tests.Common.validateResponseParams(Common.java:325)
at com.ep.app.tests.Common.validateResponseParams(Common.java:325)
at com.ep.app.tests.Common.validateResponseParams(Common.java:325)
at com.ep.app.tests.Common.validateResponseParams(Common.java:325)
at com.ep.app.tests.Common.validateResponseParams(Common.java:325)
at com.ep.app.tests.Common.validateResponseParams(Common.java:325)
at com.ep.app.tests.Common.validateResponseParams(Common.java:325)
at com.ep.app.tests.Common.validateResponseParams(Common.java:325)
at com.ep.app.tests.Common.validateResponseParams(Common.java:325)
at com.ep.app.tests.Common.validateResponseParams(Common.java:325)
at com.ep.app.tests.Common.validateResponseParams(Common.java:325)
at com.ep.app.tests.Common.validateResponseParams(Common.java:325)
at com.ep.app.tests.Common.validateResponseParams(Common.java:325)
at com.ep.app.tests.Common.validateResponseParams(Common.java:325)
at com.ep.app.tests.Common.validateResponseParams(Common.java:325)
at com.ep.app.tests.Common.validateResponseParams(Common.java:325)
at com.ep.app.tests.Common.validateResponseParams(Common.java:325)
at com.ep.app.tests.Common.validateResponseParams(Common.java:325)
at com.ep.app.tests.Common.validateResponseParams(Common.java:325)
at com.ep.app.tests.Common.validateResponseParams(Common.java:325)
at com.ep.app.tests.Common.validateResponseParams(Common.java:325)
at com.ep.app.tests.Common.validateResponseParams(Common.java:325)
at com.ep.app.tests.Common.validateResponseParams(Common.java:325)
at com.ep.app.tests.Common.validateResponseParams(Common.java:325)
at com.ep.app.tests.Common.validateResponseParams(Common.java:325)
at com.ep.app.tests.Common.validateResponseParams(Common.java:325)
at com.ep.app.tests.Common.validateResponseParams(Common.java:325)
at com.ep.app.tests.Common.validateResponseParams(Common.java:325)
at com.ep.app.tests.Common.validateResponseParams(Common.java:325)
at com.ep.app.tests.Common.validateResponseParams(Common.java:325)
at com.ep.app.tests.Common.validateResponseParams(Common.java:325)
at com.ep.app.tests.Common.validateResponseParams(Common.java:325)
at com.ep.app.tests.Common.validateResponseParams(Common.java:325)
at com.ep.app.tests.Common.validateResponseParams(Common.java:325)
at com.ep.app.tests.Common.validateResponseParams(Common.java:325)
at com.ep.app.tests.Common.validateResponseParams(Common.java:325)
at com.ep.app.tests.Common.validateResponseParams(Common.java:325)
at com.ep.app.tests.Common.validateResponseParams(Common.java:325)
at com.ep.app.tests.Common.validateResponseParams(Common.java:325)
at com.ep.app.tests.Common.validateResponseParams(Common.java:325)
at com.ep.app.tests.Common.validateResponseParams(Common.java:325)
at com.ep.app.tests.Common.validateResponseParams(Common.java:325)
at com.ep.app.tests.Common.validateResponseParams(Common.java:325)
at com.ep.app.tests.Common.validateResponseParams(Common.java:325)
at com.ep.app.tests.Common.validateResponseParams(Common.java:325)
at com.ep.app.tests.Common.validateResponseParams(Common.java:325)
at com.ep.app.tests.Common.validateResponseParams(Common.java:325)
at com.ep.app.tests.Common.validateResponseParams(Common.java:325)
at com.ep.app.tests.Common.validateResponseParams(Common.java:325)
at com.ep.app.tests.Common.validateResponseParams(Common.java:325)
at com.ep.app.tests.Common.validateResponseParams(Common.java:325)
at com.ep.app.tests.Common.validateResponseParams(Common.java:325)
at com.ep.app.tests.Common.validateResponseParams(Common.java:325)
at com.ep.app.tests.Common.validateResponseParams(Common.java:325)
at com.ep.app.tests.Common.validateResponseParams(Common.java:325)
at com.ep.app.tests.Common.validateResponseParams(Common.java:325)
at com.ep.app.tests.Common.validateResponseParams(Common.java:325)
at com.ep.app.tests.Common.validateResponseParams(Common.java:325)
at com.ep.app.tests.Common.validateResponseParams(Common.java:325)
at com.ep.app.tests.Common.validateResponseParams(Common.java:325)
at com.ep.app.tests.Common.validateResponseParams(Common.java:325)
at com.ep.app.tests.Common.validateResponseParams(Common.java:325)
at com.ep.app.tests.Common.validateResponseParams(Common.java:325)
at com.ep.app.tests.Common.validateResponseParams(Common.java:325)
at com.ep.app.tests.Common.validateResponseParams(Common.java:325)
at com.ep.app.tests.Common.validateResponseParams(Common.java:325)
at com.ep.app.tests.Common.validateResponseParams(Common.java:325)
at com.ep.app.tests.Common.validateResponseParams(Common.java:325)
at com.ep.app.tests.Common.validateResponseParams(Common.java:325)
at com.ep.app.tests.Common.validateResponseParams(Common.java:325)
at com.ep.app.tests.Common.validateResponseParams(Common.java:325)
at com.ep.app.tests.Common.validateResponseParams(Common.java:325)
at com.ep.app.tests.Common.validateResponseParams(Common.java:325)
at com.ep.app.tests.Common.validateResponseParams(Common.java:325)
at com.ep.app.tests.Common.validateResponseParams(Common.java:325)
at com.ep.app.tests.Common.validateResponseParams(Common.java:325)
at com.ep.app.tests.Common.validateResponseParams(Common.java:325)
at com.ep.app.tests.Common.validateResponseParams(Common.java:325)
at com.ep.app.tests.Common.validateResponseParams(Common.java:325)
at com.ep.app.tests.Common.validateResponseParams(Common.java:325)
at com.ep.app.tests.Common.validateResponseParams(Common.java:325)
at com.ep.app.tests.Common.validateResponseParams(Common.java:325)
at com.ep.app.tests.Common.validateResponseParams(Common.java:325)
at com.ep.app.tests.Common.validateResponseParams(Common.java:325)
at com.ep.app.tests.Common.validateResponseParams(Common.java:325)
at com.ep.app.tests.Common.validateResponseParams(Common.java:325)
at com.ep.app.tests.Common.validateResponseParams(Common.java:325)
at com.ep.app.tests.Common.validateResponseParams(Common.java:325)
at com.ep.app.tests.Common.validateResponseParams(Common.java:325)
at com.ep.app.tests.Common.validateResponseParams(Common.java:325)
at com.ep.app.tests.Common.validateResponseParams(Common.java:325)
at com.ep.app.tests.Common.validateResponseParams(Common.java:325)
at com.ep.app.tests.Common.validateResponseParams(Common.java:325)
at com.ep.app.tests.Common.validateResponseParams(Common.java:325)
at com.ep.app.tests.Common.validateResponseParams(Common.java:325)
at com.ep.app.tests.Common.validateResponseParams(Common.java:325)
at com.ep.app.tests.Common.validateResponseParams(Common.java:325)
at com.ep.app.tests.Common.validateResponseParams(Common.java:325)
at com.ep.app.tests.Common.validateResponseParams(Common.java:325)
at com.ep.app.tests.Common.validateResponseParams(Common.java:325)
at com.ep.app.tests.Common.validateResponseParams(Common.java:325)
at com.ep.app.tests.Common.validateResponseParams(Common.java:325)
at com.ep.app.tests.Common.validateResponseParams(Common.java:325)
at com.ep.app.tests.Common.validateResponseParams(Common.java:325)
at com.ep.app.tests.Common.validateResponseParams(Common.java:325)
at com.ep.app.tests.Common.validateResponseParams(Common.java:325)
at com.ep.app.tests.Common.validateResponseParams(Common.java:325)
at com.ep.app.tests.Common.validateResponseParams(Common.java:325)
at com.ep.app.tests.Common.validateResponseParams(Common.java:325)
at com.ep.app.tests.Common.validateResponseParams(Common.java:325)
at com.ep.app.tests.Common.validateResponseParams(Common.java:325)
at com.ep.app.tests.Common.validateResponseParams(Common.java:325)
at com.ep.app.tests.Common.validateResponseParams(Common.java:325)
at com.ep.app.tests.Common.validateResponseParams(Common.java:325)
at com.ep.app.tests.Common.validateResponseParams(Common.java:325)
at com.ep.app.tests.Common.validateResponseParams(Common.java:325)
at com.ep.app.tests.Common.validateResponseParams(Common.java:325)
at com.ep.app.tests.Common.validateResponseParams(Common.java:325)
at com.ep.app.tests.Common.validateResponseParams(Common.java:325)
at com.ep.app.tests.Common.validateResponseParams(Common.java:325)
at com.ep.app.tests.Common.validateResponseParams(Common.java:325)
at com.ep.app.tests.Common.validateResponseParams(Common.java:325)
at com.ep.app.tests.Common.validateResponseParams(Common.java:325)
at com.ep.app.tests.Common.validateResponseParams(Common.java:325)
at com.ep.app.tests.Common.validateResponseParams(Common.java:325)
at com.ep.app.tests.Common.validateResponseParams(Common.java:325)
at com.ep.app.tests.Common.validateResponseParams(Common.java:325)
at com.ep.app.tests.Common.validateResponseParams(Common.java:325)
at com.ep.app.tests.Common.validateResponseParams(Common.java:325)
at com.ep.app.tests.Common.validateResponseParams(Common.java:325)
at com.ep.app.tests.Common.validateResponseParams(Common.java:325)
at com.ep.app.tests.Common.validateResponseParams(Common.java:325)
at com.ep.app.tests.Common.validateResponseParams(Common.java:325)
at com.ep.app.tests.Common.validateResponseParams(Common.java:325)
at com.ep.app.tests.Common.validateResponseParams(Common.java:325)
at com.ep.app.tests.Common.validateResponseParams(Common.java:325)
at com.ep.app.tests.Common.validateResponseParams(Common.java:325)
at com.ep.app.tests.Common.validateResponseParams(Common.java:325)
at com.ep.app.tests.Common.validateResponseParams(Common.java:325)
at com.ep.app.tests.Common.validateResponseParams(Common.java:325)
at com.ep.app.tests.Common.validateResponseParams(Common.java:325)
at com.ep.app.tests.Common.validateResponseParams(Common.java:325)
at com.ep.app.tests.Common.validateResponseParams(Common.java:325)
at com.ep.app.tests.Common.validateResponseParams(Common.java:325)
at com.ep.app.tests.Common.validateResponseParams(Common.java:325)
at com.ep.app.tests.Common.validateResponseParams(Common.java:325)
at com.ep.app.tests.Common.validateResponseParams(Common.java:325)
at com.ep.app.tests.Common.validateResponseParams(Common.java:325)
at com.ep.app.tests.Common.validateResponseParams(Common.java:325)
at com.ep.app.tests.Common.validateResponseParams(Common.java:325)
at com.ep.app.tests.Common.validateResponseParams(Common.java:325)
at com.ep.app.tests.Common.validateResponseParams(Common.java:325)
at com.ep.app.tests.Common.validateResponseParams(Common.java:325)
at com.ep.app.tests.Common.validateResponseParams(Common.java:325)
at com.ep.app.tests.Common.validateResponseParams(Common.java:325)
at com.ep.app.tests.Common.validateResponseParams(Common.java:325)
at com.ep.app.tests.Common.validateResponseParams(Common.java:325)
at com.ep.app.tests.Common.validateResponseParams(Common.java:325)
at com.ep.app.tests.Common.validateResponseParams(Common.java:325)
at com.ep.app.tests.Common.validateResponseParams(Common.java:325)
at com.ep.app.tests.Common.validateResponseParams(Common.java:325)
at com.ep.app.tests.Common.validateResponseParams(Common.java:325)
at com.ep.app.tests.Common.validateResponseParams(Common.java:325)
at com.ep.app.tests.Common.validateResponseParams(Common.java:325)
at com.ep.app.tests.Common.validateResponseParams(Common.java:325)
at com.ep.app.tests.Common.validateResponseParams(Common.java:325)
at com.ep.app.tests.Common.validateResponseParams(Common.java:325)
at com.ep.app.tests.Common.validateResponseParams(Common.java:325)
at com.ep.app.tests.Common.validateResponseParams(Common.java:325)
at com.ep.app.tests.Common.validateResponseParams(Common.java:325)
at com.ep.app.tests.Common.validateResponseParams(Common.java:325)
at com.ep.app.tests.Common.validateResponseParams(Common.java:325)
at com.ep.app.tests.Common.validateResponseParams(Common.java:325)
at com.ep.app.tests.Common.validateResponseParams(Common.java:325)
at com.ep.app.tests.Common.validateResponseParams(Common.java:325)
at com.ep.app.tests.Common.validateResponseParams(Common.java:325)
at com.ep.app.tests.Common.validateResponseParams(Common.java:325)
at com.ep.app.tests.Common.validateResponseParams(Common.java:325)
at com.ep.app.tests.Common.validateResponseParams(Common.java:325)
at com.ep.app.tests.Common.validateResponseParams(Common.java:325)
at com.ep.app.tests.Common.validateResponseParams(Common.java:325)
at com.ep.app.tests.Common.validateResponseParams(Common.java:325)
at com.ep.app.tests.Common.validateResponseParams(Common.java:325)
at com.ep.app.tests.Common.validateResponseParams(Common.java:325)
at com.ep.app.tests.Common.validateResponseParams(Common.java:325)
at com.ep.app.tests.Common.validateResponseParams(Common.java:325)
at com.ep.app.tests.Common.validateResponseParams(Common.java:325)
at com.ep.app.tests.Common.validateResponseParams(Common.java:325)
at com.ep.app.tests.Common.validateResponseParams(Common.java:325)
at com.ep.app.tests.Common.validateResponseParams(Common.java:325)
at com.ep.app.tests.Common.validateResponseParams(Common.java:325)
at com.ep.app.tests.Common.validateResponseParams(Common.java:325)
at com.ep.app.tests.Common.validateResponseParams(Common.java:325)
at com.ep.app.tests.Common.validateResponseParams(Common.java:325)
at com.ep.app.tests.Common.validateResponseParams(Common.java:325)
at com.ep.app.tests.Common.validateResponseParams(Common.java:325)
at com.ep.app.tests.Common.validateResponseParams(Common.java:325)
at com.ep.app.tests.Common.validateResponseParams(Common.java:325)
at com.ep.app.tests.Common.validateResponseParams(Common.java:325)
at com.ep.app.tests.Common.validateResponseParams(Common.java:325)
at com.ep.app.tests.Common.validateResponseParams(Common.java:325)
at com.ep.app.tests.Common.validateResponseParams(Common.java:325)
at com.ep.app.tests.Common.validateResponseParams(Common.java:325)
at com.ep.app.tests.Common.validateResponseParams(Common.java:325)
at com.ep.app.tests.Common.validateResponseParams(Common.java:325)
at com.ep.app.tests.Common.validateResponseParams(Common.java:325)
at com.ep.app.tests.Common.validateResponseParams(Common.java:325)
at com.ep.app.tests.Common.validateResponseParams(Common.java:325)
at com.ep.app.tests.Common.validateResponseParams(Common.java:325)
at com.ep.app.tests.Common.validateResponseParams(Common.java:325)
at com.ep.app.tests.Common.validateResponseParams(Common.java:325)
at com.ep.app.tests.Common.validateResponseParams(Common.java:325)
at com.ep.app.tests.Common.validateResponseParams(Common.java:325)
at com.ep.app.tests.Common.validateResponseParams(Common.java:325)
at com.ep.app.tests.Common.validateResponseParams(Common.java:325)
at com.ep.app.tests.Common.validateResponseParams(Common.java:325)
at com.ep.app.tests.Common.validateResponseParams(Common.java:325)
at com.ep.app.tests.Common.validateResponseParams(Common.java:325)
at com.ep.app.tests.Common.validateResponseParams(Common.java:325)
at com.ep.app.tests.Common.validateResponseParams(Common.java:325)
at com.ep.app.tests.Common.validateResponseParams(Common.java:325)
at com.ep.app.tests.Common.validateResponseParams(Common.java:325)
at com.ep.app.tests.Common.validateResponseParams(Common.java:325)
at com.ep.app.tests.Common.validateResponseParams(Common.java:325)
at com.ep.app.tests.Common.validateResponseParams(Common.java:325)
at com.ep.app.tests.Common.validateResponseParams(Common.java:325)
at com.ep.app.tests.Common.validateResponseParams(Common.java:325)
at com.ep.app.tests.Common.validateResponseParams(Common.java:325)
at com.ep.app.tests.Common.validateResponseParams(Common.java:325)
at com.ep.app.tests.Common.validateResponseParams(Common.java:325)
at com.ep.app.tests.Common.validateResponseParams(Common.java:325)
at com.ep.app.tests.Common.validateResponseParams(Common.java:325)
at com.ep.app.tests.Common.validateResponseParams(Common.java:325)
at com.ep.app.tests.Common.validateResponseParams(Common.java:325)
at com.ep.app.tests.Common.validateResponseParams(Common.java:325)
at com.ep.app.tests.Common.validateResponseParams(Common.java:325)
at com.ep.app.tests.Common.validateResponseParams(Common.java:325)
at com.ep.app.tests.Common.validateResponseParams(Common.java:325)
at com.ep.app.tests.Common.validateResponseParams(Common.java:325)
at com.ep.app.tests.Common.validateResponseParams(Common.java:325)
at com.ep.app.tests.Common.validateResponseParams(Common.java:325)
at com.ep.app.tests.Common.validateResponseParams(Common.java:325)
at com.ep.app.tests.Common.validateResponseParams(Common.java:325)
at com.ep.app.tests.Common.validateResponseParams(Common.java:325)
at com.ep.app.tests.Common.validateResponseParams(Common.java:325)
at com.ep.app.tests.Common.validateResponseParams(Common.java:325)
at com.ep.app.tests.Common.validateResponseParams(Common.java:325)
at com.ep.app.tests.Common.validateResponseParams(Common.java:325)
at com.ep.app.tests.Common.validateResponseParams(Common.java:325)
at com.ep.app.tests.Common.validateResponseParams(Common.java:325)
at com.ep.app.tests.Common.validateResponseParams(Common.java:325)
at com.ep.app.tests.Common.validateResponseParams(Common.java:325)
at com.ep.app.tests.Common.validateResponseParams(Common.java:325)
at com.ep.app.tests.Common.validateResponseParams(Common.java:325)
at com.ep.app.tests.Common.validateResponseParams(Common.java:325)
at com.ep.app.tests.Common.validateResponseParams(Common.java:325)
at com.ep.app.tests.Common.validateResponseParams(Common.java:325)
at com.ep.app.tests.Common.validateResponseParams(Common.java:325)
at com.ep.app.tests.Common.validateResponseParams(Common.java:325)
at com.ep.app.tests.Common.validateResponseParams(Common.java:325)
at com.ep.app.tests.Common.validateResponseParams(Common.java:325)
at com.ep.app.tests.Common.validateResponseParams(Common.java:325)
at com.ep.app.tests.Common.validateResponseParams(Common.java:325)
at com.ep.app.tests.Common.validateResponseParams(Common.java:325)
at com.ep.app.tests.Common.validateResponseParams(Common.java:325)
at com.ep.app.tests.Common.validateResponseParams(Common.java:325)
at com.ep.app.tests.Common.validateResponseParams(Common.java:325)
at com.ep.app.tests.Common.validateResponseParams(Common.java:325)
at com.ep.app.tests.Common.validateResponseParams(Common.java:325)
at com.ep.app.tests.Common.validateResponseParams(Common.java:325)
at com.ep.app.tests.Common.validateResponseParams(Common.java:325)
at com.ep.app.tests.Common.validateResponseParams(Common.java:325)
at com.ep.app.tests.Common.validateResponseParams(Common.java:325)
at com.ep.app.tests.Common.validateResponseParams(Common.java:325)
at com.ep.app.tests.Common.validateResponseParams(Common.java:325)
at com.ep.app.tests.Common.validateResponseParams(Common.java:325)
at com.ep.app.tests.Common.validateResponseParams(Common.java:325)
at com.ep.app.tests.Common.validateResponseParams(Common.java:325)
at com.ep.app.tests.Common.validateResponseParams(Common.java:325)
at com.ep.app.tests.Common.validateResponseParams(Common.java:325)
at com.ep.app.tests.Common.validateResponseParams(Common.java:325)
at com.ep.app.tests.Common.validateResponseParams(Common.java:325)
at com.ep.app.tests.Common.validateResponseParams(Common.java:325)
at com.ep.app.tests.Common.validateResponseParams(Common.java:325)
at com.ep.app.tests.Common.validateResponseParams(Common.java:325)
at com.ep.app.tests.Common.validateResponseParams(Common.java:325)
at com.ep.app.tests.Common.validateResponseParams(Common.java:325)
at com.ep.app.tests.Common.validateResponseParams(Common.java:325)
at com.ep.app.tests.Common.validateResponseParams(Common.java:325)
at com.ep.app.tests.Common.validateResponseParams(Common.java:325)
at com.ep.app.tests.Common.validateResponseParams(Common.java:325)
at com.ep.app.tests.Common.validateResponseParams(Common.java:325)
at com.ep.app.tests.Common.validateResponseParams(Common.java:325)
at com.ep.app.tests.Common.validateResponseParams(Common.java:325)
at com.ep.app.tests.Common.validateResponseParams(Common.java:325)
at com.ep.app.tests.Common.validateResponseParams(Common.java:325)
at com.ep.app.tests.Common.validateResponseParams(Common.java:325)
at com.ep.app.tests.Common.validateResponseParams(Common.java:325)
at com.ep.app.tests.Common.validateResponseParams(Common.java:325)
at com.ep.app.tests.Common.validateResponseParams(Common.java:325)
at com.ep.app.tests.Common.validateResponseParams(Common.java:325)
at com.ep.app.tests.Common.validateResponseParams(Common.java:325)
at com.ep.app.tests.Common.validateResponseParams(Common.java:325)
at com.ep.app.tests.Common.validateResponseParams(Common.java:325)
at com.ep.app.tests.Common.validateResponseParams(Common.java:325)
at com.ep.app.tests.Common.validateResponseParams(Common.java:325)
at com.ep.app.tests.Common.validateResponseParams(Common.java:325)
at com.ep.app.tests.Common.validateResponseParams(Common.java:325)
at com.ep.app.tests.Common.validateResponseParams(Common.java:325)
at com.ep.app.tests.Common.validateResponseParams(Common.java:325)
at com.ep.app.tests.Common.validateResponseParams(Common.java:325)
at com.ep.app.tests.Common.validateResponseParams(Common.java:325)
at com.ep.app.tests.Common.validateResponseParams(Common.java:325)
at com.ep.app.tests.Common.validateResponseParams(Common.java:325)
at com.ep.app.tests.Common.validateResponseParams(Common.java:325)
at com.ep.app.tests.Common.validateResponseParams(Common.java:325)
at com.ep.app.tests.Common.validateResponseParams(Common.java:325)
at com.ep.app.tests.Common.validateResponseParams(Common.java:325)
at com.ep.app.tests.Common.validateResponseParams(Common.java:325)
at com.ep.app.tests.Common.validateResponseParams(Common.java:325)
at com.ep.app.tests.Common.validateResponseParams(Common.java:325)
at com.ep.app.tests.Common.validateResponseParams(Common.java:325)
at com.ep.app.tests.Common.validateResponseParams(Common.java:325)
at com.ep.app.tests.Common.validateResponseParams(Common.java:325)
at com.ep.app.tests.Common.validateResponseParams(Common.java:325)
at com.ep.app.tests.Common.validateResponseParams(Common.java:325)
at com.ep.app.tests.Common.validateResponseParams(Common.java:325)
at com.ep.app.tests.Common.validateResponseParams(Common.java:325)
at com.ep.app.tests.Common.validateResponseParams(Common.java:325)
at com.ep.app.tests.Common.validateResponseParams(Common.java:325)
at com.ep.app.tests.Common.validateResponseParams(Common.java:325)
at com.ep.app.tests.Common.validateResponseParams(Common.java:325)
at com.ep.app.tests.Common.validateResponseParams(Common.java:325)
at com.ep.app.tests.Common.validateResponseParams(Common.java:325)
at com.ep.app.tests.Common.validateResponseParams(Common.java:325)
at com.ep.app.tests.Common.validateResponseParams(Common.java:325)
at com.ep.app.tests.Common.validateResponseParams(Common.java:325)
at com.ep.app.tests.Common.validateResponseParams(Common.java:325)
at com.ep.app.tests.Common.validateResponseParams(Common.java:325)
at com.ep.app.tests.Common.validateResponseParams(Common.java:325)
at com.ep.app.tests.Common.validateResponseParams(Common.java:325)
at com.ep.app.tests.Common.validateResponseParams(Common.java:325)
at com.ep.app.tests.Common.validateResponseParams(Common.java:325)
at com.ep.app.tests.Common.validateResponseParams(Common.java:325)
at com.ep.app.tests.Common.validateResponseParams(Common.java:325)
at com.ep.app.tests.Common.validateResponseParams(Common.java:325)
at com.ep.app.tests.Common.validateResponseParams(Common.java:325)
at com.ep.app.tests.Common.validateResponseParams(Common.java:325)
at com.ep.app.tests.Common.validateResponseParams(Common.java:325)
at com.ep.app.tests.Common.validateResponseParams(Common.java:325)
at com.ep.app.tests.Common.validateResponseParams(Common.java:325)
at com.ep.app.tests.Common.validateResponseParams(Common.java:325)
at com.ep.app.tests.Common.validateResponseParams(Common.java:325)
at com.ep.app.tests.Common.validateResponseParams(Common.java:325)
at com.ep.app.tests.Common.validateResponseParams(Common.java:325)
at com.ep.app.tests.Common.validateResponseParams(Common.java:325)
at com.ep.app.tests.Common.validateResponseParams(Common.java:325)
at com.ep.app.tests.Common.validateResponseParams(Common.java:325)
at com.ep.app.tests.Common.validateResponseParams(Common.java:325)
at com.ep.app.tests.Common.validateResponseParams(Common.java:325)
at com.ep.app.tests.Common.validateResponseParams(Common.java:325)
at com.ep.app.tests.Common.validateResponseParams(Common.java:325)
at com.ep.app.tests.Common.validateResponseParams(Common.java:325)
at com.ep.app.tests.Common.validateResponseParams(Common.java:325)
at com.ep.app.tests.Common.validateResponseParams(Common.java:325)
at com.ep.app.tests.Common.validateResponseParams(Common.java:325)
at com.ep.app.tests.Common.validateResponseParams(Common.java:325)
at com.ep.app.tests.Common.validateResponseParams(Common.java:325)
at com.ep.app.tests.Common.validateResponseParams(Common.java:325)
at com.ep.app.tests.Common.validateResponseParams(Common.java:325)
at com.ep.app.tests.Common.validateResponseParams(Common.java:325)
at com.ep.app.tests.Common.validateResponseParams(Common.java:325)
at com.ep.app.tests.Common.validateResponseParams(Common.java:325)
at com.ep.app.tests.Common.validateResponseParams(Common.java:325)
at com.ep.app.tests.Common.validateResponseParams(Common.java:325)
at com.ep.app.tests.Common.validateResponseParams(Common.java:325)
at com.ep.app.tests.Common.validateResponseParams(Common.java:325)
at com.ep.app.tests.Common.validateResponseParams(Common.java:325)
at com.ep.app.tests.Common.validateResponseParams(Common.java:325)
at com.ep.app.tests.Common.validateResponseParams(Common.java:325)
at com.ep.app.tests.Common.validateResponseParams(Common.java:325)
at com.ep.app.tests.Common.validateResponseParams(Common.java:325)
at com.ep.app.tests.Common.validateResponseParams(Common.java:325)
at com.ep.app.tests.Common.validateResponseParams(Common.java:325)
at com.ep.app.tests.Common.validateResponseParams(Common.java:325)
at com.ep.app.tests.Common.validateResponseParams(Common.java:325)
at com.ep.app.tests.Common.validateResponseParams(Common.java:325)
at com.ep.app.tests.Common.validateResponseParams(Common.java:325)
at com.ep.app.tests.Common.validateResponseParams(Common.java:325)
at com.ep.app.tests.Common.validateResponseParams(Common.java:325)
at com.ep.app.tests.Common.validateResponseParams(Common.java:325)
at com.ep.app.tests.Common.validateResponseParams(Common.java:325)
at com.ep.app.tests.Common.validateResponseParams(Common.java:325)
at com.ep.app.tests.Common.validateResponseParams(Common.java:325)
at com.ep.app.tests.Common.validateResponseParams(Common.java:325)
at com.ep.app.tests.Common.validateResponseParams(Common.java:325)
at com.ep.app.tests.Common.validateResponseParams(Common.java:325)
at com.ep.app.tests.Common.validateResponseParams(Common.java:325)
at com.ep.app.tests.Common.validateResponseParams(Common.java:325)
at com.ep.app.tests.Common.validateResponseParams(Common.java:325)
at com.ep.app.tests.Common.validateResponseParams(Common.java:325)
at com.ep.app.tests.Common.validateResponseParams(Common.java:325)
at com.ep.app.tests.Common.validateResponseParams(Common.java:325)
at com.ep.app.tests.Common.validateResponseParams(Common.java:325)
at com.ep.app.tests.Common.validateResponseParams(Common.java:325)
at com.ep.app.tests.Common.validateResponseParams(Common.java:325)
at com.ep.app.tests.Common.validateResponseParams(Common.java:325)
at com.ep.app.tests.Common.validateResponseParams(Common.java:325)
at com.ep.app.tests.Common.validateResponseParams(Common.java:325)
at com.ep.app.tests.Common.validateResponseParams(Common.java:325)
at com.ep.app.tests.Common.validateResponseParams(Common.java:325)
at com.ep.app.tests.Common.validateResponseParams(Common.java:325)
at com.ep.app.tests.Common.validateResponseParams(Common.java:325)
at com.ep.app.tests.Common.validateResponseParams(Common.java:325)
at com.ep.app.tests.Common.validateResponseParams(Common.java:325)
at com.ep.app.tests.Common.validateResponseParams(Common.java:325)
at com.ep.app.tests.Common.validateResponseParams(Common.java:325)
at com.ep.app.tests.Common.validateResponseParams(Common.java:325)
at com.ep.app.tests.Common.validateResponseParams(Common.java:325)
at com.ep.app.tests.Common.validateResponseParams(Common.java:325)
at com.ep.app.tests.Common.validateResponseParams(Common.java:325)
at com.ep.app.tests.Common.validateResponseParams(Common.java:325)
at com.ep.app.tests.Common.validateResponseParams(Common.java:325)
at com.ep.app.tests.Common.validateResponseParams(Common.java:325)
at com.ep.app.tests.Common.validateResponseParams(Common.java:325)
at com.ep.app.tests.Common.validateResponseParams(Common.java:325)
at com.ep.app.tests.Common.validateResponseParams(Common.java:325)
at com.ep.app.tests.Common.validateResponseParams(Common.java:325)
at com.ep.app.tests.Common.validateResponseParams(Common.java:325)
at com.ep.app.tests.Common.validateResponseParams(Common.java:325)
at com.ep.app.tests.Common.validateResponseParams(Common.java:325)
at com.ep.app.tests.Common.validateResponseParams(Common.java:325)
at com.ep.app.tests.Common.validateResponseParams(Common.java:325)
at com.ep.app.tests.Common.validateResponseParams(Common.java:325)
at com.ep.app.tests.Common.validateResponseParams(Common.java:325)
at com.ep.app.tests.Common.validateResponseParams(Common.java:325)
at com.ep.app.tests.Common.validateResponseParams(Common.java:325)
at com.ep.app.tests.Common.validateResponseParams(Common.java:325)
at com.ep.app.tests.Common.validateResponseParams(Common.java:325)
at com.ep.app.tests.Common.validateResponseParams(Common.java:325)
at com.ep.app.tests.Common.validateResponseParams(Common.java:325)
at com.ep.app.tests.Common.validateResponseParams(Common.java:325)
at com.ep.app.tests.Common.validateResponseParams(Common.java:325)
at com.ep.app.tests.Common.validateResponseParams(Common.java:325)
at com.ep.app.tests.Common.validateResponseParams(Common.java:325)
at com.ep.app.tests.Common.validateResponseParams(Common.java:325)
at com.ep.app.tests.Common.validateResponseParams(Common.java:325)
at com.ep.app.tests.Common.validateResponseParams(Common.java:325)
at com.ep.app.tests.Common.validateResponseParams(Common.java:325)
at com.ep.app.tests.Common.validateResponseParams(Common.java:325)
at com.ep.app.tests.Common.validateResponseParams(Common.java:325)
at com.ep.app.tests.Common.validateResponseParams(Common.java:325)
at com.ep.app.tests.Common.validateResponseParams(Common.java:325)
at com.ep.app.tests.Common.validateResponseParams(Common.java:325)
at com.ep.app.tests.Common.validateResponseParams(Common.java:325)
at com.ep.app.tests.Common.validateResponseParams(Common.java:325)
at com.ep.app.tests.Common.validateResponseParams(Common.java:325)
at com.ep.app.tests.Common.validateResponseParams(Common.java:325)
at com.ep.app.tests.Common.validateResponseParams(Common.java:325)
at com.ep.app.tests.Common.validateResponseParams(Common.java:325)
at com.ep.app.tests.Common.validateResponseParams(Common.java:325)
at com.ep.app.tests.Common.validateResponseParams(Common.java:325)
at com.ep.app.tests.Common.validateResponseParams(Common.java:325)
at com.ep.app.tests.Common.validateResponseParams(Common.java:325)
at com.ep.app.tests.Common.validateResponseParams(Common.java:325)
at com.ep.app.tests.Common.validateResponseParams(Common.java:325)
at com.ep.app.tests.Common.validateResponseParams(Common.java:325)
at com.ep.app.tests.Common.validateResponseParams(Common.java:325)
at com.ep.app.tests.Common.validateResponseParams(Common.java:325)
at com.ep.app.tests.Common.validateResponseParams(Common.java:325)
at com.ep.app.tests.Common.validateResponseParams(Common.java:325)
at com.ep.app.tests.Common.validateResponseParams(Common.java:325)
at com.ep.app.tests.Common.validateResponseParams(Common.java:325)
at com.ep.app.tests.Common.validateResponseParams(Common.java:325)
at com.ep.app.tests.Common.validateResponseParams(Common.java:325)
at com.ep.app.tests.Common.validateResponseParams(Common.java:325)
at com.ep.app.tests.Common.validateResponseParams(Common.java:325)
at com.ep.app.tests.Common.validateResponseParams(Common.java:325)
at com.ep.app.tests.Common.validateResponseParams(Common.java:325)
at com.ep.app.tests.Common.validateResponseParams(Common.java:325)
]]>
    </failure>
  </testcase> <!-- testChainingRequest -->
</testsuite> <!-- Chaining_TC003 -->
