<?xml version="1.0" encoding="UTF-8"?>
<!-- Generated by org.testng.reporters.JUnitXMLReporter -->
<testsuite ignored="0" hostname="1021HP440G815" failures="1" tests="1" name="Chaining_TC001" time="1.954" errors="0" timestamp="2025-11-20T17:55:14 IST">
  <testcase classname="com.ep.app.tests.ChainingTest" name="testChainingRequest" time="1.953">
    <failure type="java.lang.AssertionError" message="Expected one of [200, 201] but got 422">
      <![CDATA[java.lang.AssertionError: Expected one of [200, 201] but got 422
at com.ep.app.tests.Common.verifyResponseCode(Common.java:250)
at com.ep.app.tests.Common.executeChainedSteps(Common.java:652)
at com.ep.app.tests.ChainingTest.testChainingRequest(ChainingTest.java:26)
at java.base/java.util.ArrayList.forEach(ArrayList.java:1596)
at com.ep.app.tests.RunEnabledAPITests.runTestNGSuite(RunEnabledAPITests.java:36)
at com.ep.app.tests.RunEnabledAPITests.main(RunEnabledAPITests.java:30)
... Removed 23 stack frames]]>
    </failure>
  </testcase> <!-- testChainingRequest -->
</testsuite> <!-- Chaining_TC001 -->
