<?xml version="1.0" encoding="UTF-8"?>
<!-- Generated by org.testng.reporters.JUnitXMLReporter -->
<testsuite ignored="0" hostname="1021HP440G815" failures="1" tests="1" name="Chaining_TC006" time="0.21" errors="0" timestamp="2025-11-20T11:35:09 IST">
  <testcase classname="com.ep.app.tests.ChainingTest" name="testChainingRequest" time="0.207">
    <failure type="java.lang.NullPointerException" message="Cannot invoke &amp;quot;String.contains(java.lang.CharSequence)&amp;quot; because &amp;quot;payload&amp;quot; is null">
      <![CDATA[java.lang.NullPointerException: Cannot invoke "String.contains(java.lang.CharSequence)" because "payload" is null
at com.ep.app.tests.Common.preparePayload(Common.java:170)
at com.ep.app.tests.Common.executeChainedSteps(Common.java:597)
at com.ep.app.tests.ChainingTest.testChainingRequest(ChainingTest.java:26)
at java.base/java.util.ArrayList.forEach(ArrayList.java:1596)
at com.ep.app.tests.RunEnabledAPITests.runTestNGSuite(RunEnabledAPITests.java:36)
at com.ep.app.tests.RunEnabledAPITests.main(RunEnabledAPITests.java:30)
... Removed 22 stack frames]]>
    </failure>
  </testcase> <!-- testChainingRequest -->
</testsuite> <!-- Chaining_TC006 -->
