<?xml version="1.0" encoding="UTF-8"?>
<!-- Generated by org.testng.reporters.JUnitXMLReporter -->
<testsuite ignored="0" hostname="1021HP440G815" failures="0" tests="4" name="Chaining-API" time="4.25" errors="0" timestamp="2025-12-08T11:05:37 IST">
  <testcase classname="com.ep.app.tests.APIMethods" name="testGETRequest" time="0.698">
    <skipped/>
  </testcase> <!-- testGETRequest -->
  <testcase classname="com.ep.app.tests.APIMethods" name="testPOSTRequest" time="3.157"/>
  <testcase classname="com.ep.app.tests.APIMethods" name="testPUTRequest" time="0.083">
    <skipped/>
  </testcase> <!-- testPUTRequest -->
  <testcase classname="com.ep.app.tests.APIMethods" name="testDELETERequest" time="0.07">
    <skipped/>
  </testcase> <!-- testDELETERequest -->
</testsuite> <!-- Chaining-API -->
