<?xml version="1.0" encoding="UTF-8"?>
<!-- Generated by org.testng.reporters.JUnitXMLReporter -->
<testsuite ignored="4" hostname="1021HP440G815" failures="1" tests="1" name="Swagger APIs" time="0.104" errors="0" timestamp="2025-12-29T15:21:20 IST">
  <testcase classname="com.ep.app.tests.APIMethods" name="runApi" time="0.091">
    <failure type="java.lang.RuntimeException" message="No &amp;apos;payLoad&amp;apos; found in Excel for caseID: SWG_1">
      <![CDATA[java.lang.RuntimeException: No 'payLoad' found in Excel for caseID: SWG_1
at com.ep.app.tests.Common.preparePayload(Common.java:210)
at com.ep.app.tests.Common.executeApi(Common.java:73)
at com.ep.app.tests.APIMethods.runApi(APIMethods.java:108)
at java.base/java.util.ArrayList.forEach(ArrayList.java:1596)
at com.ep.app.tests.RunEnabledAPITests.runSuite(RunEnabledAPITests.java:63)
at com.ep.app.tests.RunEnabledAPITests.runEnabledTests(RunEnabledAPITests.java:36)
at java.base/java.util.ArrayList.forEach(ArrayList.java:1596)
... Removed 47 stack frames]]>
    </failure>
  </testcase> <!-- runApi -->
  <testcase classname="com.ep.app.tests.APIMethods" name="testDELETERequest" time="0.0">
    <ignored/>
  </testcase> <!-- testDELETERequest -->
  <testcase classname="com.ep.app.tests.APIMethods" name="testGETRequest" time="0.0">
    <ignored/>
  </testcase> <!-- testGETRequest -->
  <testcase classname="com.ep.app.tests.APIMethods" name="testPUTRequest" time="0.0">
    <ignored/>
  </testcase> <!-- testPUTRequest -->
  <testcase classname="com.ep.app.tests.APIMethods" name="testPOSTRequest" time="0.0">
    <ignored/>
  </testcase> <!-- testPOSTRequest -->
</testsuite> <!-- Swagger APIs -->
