<?xml version="1.0" encoding="UTF-8"?>
<!-- Generated by org.testng.reporters.JUnitXMLReporter -->
<testsuite ignored="3" hostname="CPDK203" failures="0" tests="1" name="API Tests" time="9.578" errors="0" timestamp="2025-06-23T13:04:06 IST">
  <testcase classname="com.ep.app.tests.APIMethods" name="testGETRequest" time="9.078"/>
  <testcase classname="com.ep.app.tests.APIMethods" name="testPUTRequest" time="0.0">
    <ignored/>
  </testcase> <!-- testPUTRequest -->
  <testcase classname="com.ep.app.tests.APIMethods" name="testPOSTRequest" time="0.0">
    <ignored/>
  </testcase> <!-- testPOSTRequest -->
  <testcase classname="com.ep.app.tests.APIMethods" name="testDELETERequest" time="0.0">
    <ignored/>
  </testcase> <!-- testDELETERequest -->
</testsuite> <!-- API Tests -->
