<?xml version="1.0" encoding="UTF-8"?>
<!-- Generated by org.testng.reporters.JUnitXMLReporter -->
<testsuite ignored="0" hostname="CPDK203" failures="4" tests="4" name="APIMethodsTest" time="0.072" errors="0" timestamp="2025-06-18T15:59:17 IST">
  <testcase classname="com.ep.app.tests.APIMethods" name="testDELETEUser" time="0.0">
    <failure type="org.testng.TestNGException" message="
Parameter &amp;apos;caseID&amp;apos; is required by @Test on method testDELETEUser but has not been marked @Optional or defined
in C:\Users\kasthuri.e\Documents\API_DataDriven_TestNG\src\test\resources\testng-generated.xml">
      <![CDATA[org.testng.TestNGException: 
Parameter 'caseID' is required by @Test on method testDELETEUser but has not been marked @Optional or defined
in C:\Users\kasthuri.e\Documents\API_DataDriven_TestNG\src\test\resources\testng-generated.xml
at java.base/java.util.ArrayList.forEach(ArrayList.java:1511)
at com.ep.app.tests.RunEnabledAPITests.main(RunEnabledAPITests.java:36)
... Removed 23 stack frames]]>
    </failure>
  </testcase> <!-- testDELETEUser -->
  <testcase classname="com.ep.app.tests.APIMethods" name="testGETUser" time="0.0">
    <failure type="org.testng.TestNGException" message="
Parameter &amp;apos;caseID&amp;apos; is required by @Test on method testGETUser but has not been marked @Optional or defined
in C:\Users\kasthuri.e\Documents\API_DataDriven_TestNG\src\test\resources\testng-generated.xml">
      <![CDATA[org.testng.TestNGException: 
Parameter 'caseID' is required by @Test on method testGETUser but has not been marked @Optional or defined
in C:\Users\kasthuri.e\Documents\API_DataDriven_TestNG\src\test\resources\testng-generated.xml
at java.base/java.util.ArrayList.forEach(ArrayList.java:1511)
at com.ep.app.tests.RunEnabledAPITests.main(RunEnabledAPITests.java:36)
... Removed 23 stack frames]]>
    </failure>
  </testcase> <!-- testGETUser -->
  <testcase classname="com.ep.app.tests.APIMethods" name="testPOSTUser" time="0.0">
    <failure type="org.testng.TestNGException" message="
Parameter &amp;apos;caseID&amp;apos; is required by @Test on method testPOSTUser but has not been marked @Optional or defined
in C:\Users\kasthuri.e\Documents\API_DataDriven_TestNG\src\test\resources\testng-generated.xml">
      <![CDATA[org.testng.TestNGException: 
Parameter 'caseID' is required by @Test on method testPOSTUser but has not been marked @Optional or defined
in C:\Users\kasthuri.e\Documents\API_DataDriven_TestNG\src\test\resources\testng-generated.xml
at java.base/java.util.ArrayList.forEach(ArrayList.java:1511)
at com.ep.app.tests.RunEnabledAPITests.main(RunEnabledAPITests.java:36)
... Removed 23 stack frames]]>
    </failure>
  </testcase> <!-- testPOSTUser -->
  <testcase classname="com.ep.app.tests.APIMethods" name="testPUTUser" time="0.0">
    <failure type="org.testng.TestNGException" message="
Parameter &amp;apos;caseID&amp;apos; is required by @Test on method testPUTUser but has not been marked @Optional or defined
in C:\Users\kasthuri.e\Documents\API_DataDriven_TestNG\src\test\resources\testng-generated.xml">
      <![CDATA[org.testng.TestNGException: 
Parameter 'caseID' is required by @Test on method testPUTUser but has not been marked @Optional or defined
in C:\Users\kasthuri.e\Documents\API_DataDriven_TestNG\src\test\resources\testng-generated.xml
at java.base/java.util.ArrayList.forEach(ArrayList.java:1511)
at com.ep.app.tests.RunEnabledAPITests.main(RunEnabledAPITests.java:36)
... Removed 23 stack frames]]>
    </failure>
  </testcase> <!-- testPUTUser -->
</testsuite> <!-- APIMethodsTest -->
