<?xml version="1.0" encoding="UTF-8"?>
<!-- Generated by org.testng.reporters.JUnitXMLReporter -->
<testsuite ignored="0" hostname="1021HP440G815" failures="0" tests="4" name="Chaining-API" time="4.312" errors="0" timestamp="2025-12-08T11:00:46 IST">
  <testcase classname="com.ep.app.tests.APIMethods" name="testGETRequest" time="0.691">
    <skipped/>
  </testcase> <!-- testGETRequest -->
  <testcase classname="com.ep.app.tests.APIMethods" name="testPOSTRequest" time="3.235"/>
  <testcase classname="com.ep.app.tests.APIMethods" name="testPUTRequest" time="0.075">
    <skipped/>
  </testcase> <!-- testPUTRequest -->
  <testcase classname="com.ep.app.tests.APIMethods" name="testDELETERequest" time="0.078">
    <skipped/>
  </testcase> <!-- testDELETERequest -->
</testsuite> <!-- Chaining-API -->
