<?xml version="1.0" encoding="UTF-8"?>
<!-- Generated by org.testng.reporters.JUnitXMLReporter -->
<testsuite ignored="3" hostname="CPDK203" failures="1" tests="1" name="testDELETERequest_TC001" time="0.686" errors="0" timestamp="2025-06-26T12:00:58 IST">
  <testcase classname="com.ep.app.tests.APIMethods" name="testDELETERequest" time="0.683">
    <failure type="java.lang.AssertionError" message="Expected one of [204] but got 404">
      <![CDATA[java.lang.AssertionError: Expected one of [204] but got 404
at com.ep.app.tests.Common.verifyResponseCode(Common.java:218)
at com.ep.app.tests.APIMethods.testDELETERequest(APIMethods.java:86)
at java.base/java.util.ArrayList.forEach(ArrayList.java:1511)
at com.ep.app.tests.RunEnabledAPITests.main(RunEnabledAPITests.java:23)
... Removed 23 stack frames]]>
    </failure>
  </testcase> <!-- testDELETERequest -->
  <testcase classname="com.ep.app.tests.APIMethods" name="testPUTRequest" time="0.0">
    <ignored/>
  </testcase> <!-- testPUTRequest -->
  <testcase classname="com.ep.app.tests.APIMethods" name="testPOSTRequest" time="0.0">
    <ignored/>
  </testcase> <!-- testPOSTRequest -->
  <testcase classname="com.ep.app.tests.APIMethods" name="testGETRequest" time="0.0">
    <ignored/>
  </testcase> <!-- testGETRequest -->
</testsuite> <!-- testDELETERequest_TC001 -->
