<?xml version="1.0" encoding="UTF-8"?>
<!-- Generated by org.testng.reporters.JUnitXMLReporter -->
<testsuite ignored="3" hostname="18724HP840G6T38" failures="0" tests="1" name="testGETRequest_TC003" time="1.64" errors="0" timestamp="2025-09-29T10:46:03 IST">
  <testcase classname="com.ep.app.tests.APIMethods" name="testGETRequest" time="1.639"/>
  <testcase classname="com.ep.app.tests.APIMethods" name="testPUTRequest" time="0.0">
    <ignored/>
  </testcase> <!-- testPUTRequest -->
  <testcase classname="com.ep.app.tests.APIMethods" name="testDELETERequest" time="0.0">
    <ignored/>
  </testcase> <!-- testDELETERequest -->
  <testcase classname="com.ep.app.tests.APIMethods" name="testPOSTRequest" time="0.0">
    <ignored/>
  </testcase> <!-- testPOSTRequest -->
</testsuite> <!-- testGETRequest_TC003 -->
