<?xml version="1.0" encoding="UTF-8"?>
<!-- Generated by org.testng.reporters.JUnitXMLReporter -->
<testsuite ignored="3" hostname="CPDK203" failures="1" tests="1" name="testPOSTRequest_TC003" time="0.837" errors="0" timestamp="2025-07-02T16:31:03 IST">
  <testcase classname="com.ep.app.tests.APIMethods" name="testPOSTRequest" time="0.833">
    <failure type="java.lang.AssertionError" message="Mismatch for parameter [customerName]: expected = Jon, actual = null expected [Jon] but found [null]">
      <![CDATA[java.lang.AssertionError: Mismatch for parameter [customerName]: expected = Jon, actual = null expected [Jon] but found [null]
at com.ep.app.tests.Common.validateResponseParams(Common.java:244)
at com.ep.app.tests.APIMethods.testPOSTRequest(APIMethods.java:56)
at java.base/java.util.ArrayList.forEach(ArrayList.java:1511)
at com.ep.app.tests.RunEnabledAPITests.main(RunEnabledAPITests.java:23)
... Removed 27 stack frames]]>
    </failure>
  </testcase> <!-- testPOSTRequest -->
  <testcase classname="com.ep.app.tests.APIMethods" name="testPUTRequest" time="0.0">
    <ignored/>
  </testcase> <!-- testPUTRequest -->
  <testcase classname="com.ep.app.tests.APIMethods" name="testDELETERequest" time="0.0">
    <ignored/>
  </testcase> <!-- testDELETERequest -->
  <testcase classname="com.ep.app.tests.APIMethods" name="testGETRequest" time="0.0">
    <ignored/>
  </testcase> <!-- testGETRequest -->
</testsuite> <!-- testPOSTRequest_TC003 -->
