<?xml version="1.0" encoding="UTF-8"?>
<!-- Generated by org.testng.reporters.JUnitXMLReporter -->
<testsuite ignored="3" hostname="1021HP440G815" failures="0" tests="1" name="testPOSTRequest_TC004" time="1.572" errors="0" timestamp="2025-12-10T15:19:07 IST">
  <testcase classname="com.ep.app.tests.APIMethods" name="testPOSTRequest" time="1.569"/>
  <testcase classname="com.ep.app.tests.APIMethods" name="testGETRequest" time="0.0">
    <ignored/>
  </testcase> <!-- testGETRequest -->
  <testcase classname="com.ep.app.tests.APIMethods" name="testDELETERequest" time="0.0">
    <ignored/>
  </testcase> <!-- testDELETERequest -->
  <testcase classname="com.ep.app.tests.APIMethods" name="testPUTRequest" time="0.0">
    <ignored/>
  </testcase> <!-- testPUTRequest -->
</testsuite> <!-- testPOSTRequest_TC004 -->
