<?xml version="1.0" encoding="UTF-8"?>
<!-- Generated by org.testng.reporters.JUnitXMLReporter -->
<testsuite ignored="3" hostname="1021HP440G815" failures="1" tests="1" name="testPOSTRequest_TC002" time="0.43" errors="0" timestamp="2025-11-26T10:25:33 IST">
  <testcase classname="com.ep.app.tests.APIMethods" name="testPOSTRequest" time="0.424">
    <failure type="java.lang.AssertionError" message="Expected one of [200, 201] but got 308">
      <![CDATA[java.lang.AssertionError: Expected one of [200, 201] but got 308
at com.ep.app.tests.Common.verifyResponseCode(Common.java:283)
at com.ep.app.tests.APIMethods.testPOSTRequest(APIMethods.java:67)
at java.base/java.util.ArrayList.forEach(ArrayList.java:1596)
at com.ep.app.tests.RunEnabledAPITests.runTestNGSuite(RunEnabledAPITests.java:42)
at com.ep.app.tests.RunEnabledAPITests.main(RunEnabledAPITests.java:23)
... Removed 23 stack frames]]>
    </failure>
  </testcase> <!-- testPOSTRequest -->
  <testcase classname="com.ep.app.tests.APIMethods" name="testPUTRequest" time="0.0">
    <ignored/>
  </testcase> <!-- testPUTRequest -->
  <testcase classname="com.ep.app.tests.APIMethods" name="testDELETERequest" time="0.0">
    <ignored/>
  </testcase> <!-- testDELETERequest -->
  <testcase classname="com.ep.app.tests.APIMethods" name="testGETRequest" time="0.0">
    <ignored/>
  </testcase> <!-- testGETRequest -->
</testsuite> <!-- testPOSTRequest_TC002 -->
