<?xml version="1.0" encoding="UTF-8"?>
<!-- Generated by org.testng.reporters.JUnitXMLReporter -->
<testsuite ignored="3" hostname="1021HP440G815" failures="1" tests="1" name="testPOSTRequest_TC001" time="1.686" errors="0" timestamp="2025-11-19T15:28:38 IST">
  <testcase classname="com.ep.app.tests.APIMethods" name="testPOSTRequest" time="1.685">
    <failure type="java.lang.AssertionError" message="Mismatch for parameter [name]: expected = api6, actual = [null] expected [api6] but found [[null]]">
      <![CDATA[java.lang.AssertionError: Mismatch for parameter [name]: expected = api6, actual = [null] expected [api6] but found [[null]]
at com.ep.app.tests.Common.validateResponseParams(Common.java:282)
at com.ep.app.tests.APIMethods.testPOSTRequest(APIMethods.java:68)
at java.base/java.util.ArrayList.forEach(ArrayList.java:1596)
at com.ep.app.tests.RunEnabledAPITests.runTestNGSuite(RunEnabledAPITests.java:36)
at com.ep.app.tests.RunEnabledAPITests.main(RunEnabledAPITests.java:23)
... Removed 27 stack frames]]>
    </failure>
  </testcase> <!-- testPOSTRequest -->
  <testcase classname="com.ep.app.tests.APIMethods" name="testPUTRequest" time="0.0">
    <ignored/>
  </testcase> <!-- testPUTRequest -->
  <testcase classname="com.ep.app.tests.APIMethods" name="testDELETERequest" time="0.0">
    <ignored/>
  </testcase> <!-- testDELETERequest -->
  <testcase classname="com.ep.app.tests.APIMethods" name="testGETRequest" time="0.0">
    <ignored/>
  </testcase> <!-- testGETRequest -->
</testsuite> <!-- testPOSTRequest_TC001 -->
