<?xml version="1.0" encoding="UTF-8"?>
<!-- Generated by org.testng.reporters.JUnitXMLReporter -->
<testsuite ignored="3" hostname="1021HP440G815" failures="1" tests="1" name="testGETRequest_TC001" time="2.807" errors="0" timestamp="2025-11-19T15:28:36 IST">
  <testcase classname="com.ep.app.tests.APIMethods" name="testGETRequest" time="2.613">
    <failure type="java.lang.AssertionError" message="Expected one of [200] but got 404">
      <![CDATA[java.lang.AssertionError: Expected one of [200] but got 404
at com.ep.app.tests.Common.verifyResponseCode(Common.java:250)
at com.ep.app.tests.APIMethods.testGETRequest(APIMethods.java:47)
at java.base/java.util.ArrayList.forEach(ArrayList.java:1596)
at com.ep.app.tests.RunEnabledAPITests.runTestNGSuite(RunEnabledAPITests.java:36)
at com.ep.app.tests.RunEnabledAPITests.main(RunEnabledAPITests.java:23)
... Removed 23 stack frames]]>
    </failure>
  </testcase> <!-- testGETRequest -->
  <testcase classname="com.ep.app.tests.APIMethods" name="testPUTRequest" time="0.0">
    <ignored/>
  </testcase> <!-- testPUTRequest -->
  <testcase classname="com.ep.app.tests.APIMethods" name="testDELETERequest" time="0.0">
    <ignored/>
  </testcase> <!-- testDELETERequest -->
  <testcase classname="com.ep.app.tests.APIMethods" name="testPOSTRequest" time="0.0">
    <ignored/>
  </testcase> <!-- testPOSTRequest -->
</testsuite> <!-- testGETRequest_TC001 -->
