<?xml version="1.0" encoding="UTF-8"?>
<!-- Generated by org.testng.reporters.JUnitXMLReporter -->
<testsuite ignored="3" hostname="1021HP440G815" failures="0" tests="1" name="testGETRequest_TC002" time="5.865" errors="0" timestamp="2025-11-20T16:54:32 IST">
  <testcase classname="com.ep.app.tests.APIMethods" name="testGETRequest" time="5.456"/>
  <testcase classname="com.ep.app.tests.APIMethods" name="testPUTRequest" time="0.0">
    <ignored/>
  </testcase> <!-- testPUTRequest -->
  <testcase classname="com.ep.app.tests.APIMethods" name="testPOSTRequest" time="0.0">
    <ignored/>
  </testcase> <!-- testPOSTRequest -->
  <testcase classname="com.ep.app.tests.APIMethods" name="testDELETERequest" time="0.0">
    <ignored/>
  </testcase> <!-- testDELETERequest -->
</testsuite> <!-- testGETRequest_TC002 -->
