<?xml version="1.0" encoding="UTF-8"?>
<!-- Generated by org.testng.reporters.JUnitXMLReporter -->
<testsuite ignored="3" hostname="1021HP440G815" failures="0" tests="1" name="testPOSTRequest_SWAGGER_TC_2" time="0.022" errors="0" timestamp="2025-12-29T11:57:31 IST">
  <testcase classname="com.ep.app.tests.APIMethods" name="testPOSTRequest" time="0.021">
    <skipped/>
  </testcase> <!-- testPOSTRequest -->
  <testcase classname="com.ep.app.tests.APIMethods" name="testGETRequest" time="0.0">
    <ignored/>
  </testcase> <!-- testGETRequest -->
  <testcase classname="com.ep.app.tests.APIMethods" name="testPUTRequest" time="0.0">
    <ignored/>
  </testcase> <!-- testPUTRequest -->
  <testcase classname="com.ep.app.tests.APIMethods" name="testDELETERequest" time="0.0">
    <ignored/>
  </testcase> <!-- testDELETERequest -->
</testsuite> <!-- testPOSTRequest_SWAGGER_TC_2 -->
