<?xml version="1.0" encoding="UTF-8"?>
<!-- Generated by org.testng.reporters.JUnitXMLReporter -->
<testsuite ignored="3" hostname="1021HP440G815" failures="0" tests="1" name="testGETRequest_apiGET_TC001" time="0.733" errors="0" timestamp="2026-02-02T18:28:41 IST">
  <testcase classname="com.ep.app.tests.APIMethods" name="testGETRequest" time="0.16"/>
  <testcase classname="com.ep.app.tests.APIMethods" name="testPUTRequest" time="0.0">
    <ignored/>
  </testcase> <!-- testPUTRequest -->
  <testcase classname="com.ep.app.tests.APIMethods" name="testDELETERequest" time="0.0">
    <ignored/>
  </testcase> <!-- testDELETERequest -->
  <testcase classname="com.ep.app.tests.APIMethods" name="testPOSTRequest" time="0.0">
    <ignored/>
  </testcase> <!-- testPOSTRequest -->
</testsuite> <!-- testGETRequest_apiGET_TC001 -->
