<?xml version="1.0" encoding="UTF-8"?>
<!-- Generated by org.testng.reporters.JUnitXMLReporter -->
<testsuite ignored="3" hostname="1021HP440G815" failures="1" tests="1" name="testPUTRequest_TC_PUT_15" time="0.005" errors="0" timestamp="2025-12-18T11:32:55 IST">
  <testcase classname="com.ep.app.tests.APIMethods" name="testPUTRequest" time="0.001">
    <failure type="java.lang.NullPointerException">
      <![CDATA[java.lang.NullPointerException
at java.base/java.io.FileInputStream.<init>(FileInputStream.java:144)
at java.base/java.io.FileInputStream.<init>(FileInputStream.java:106)
at com.changepond.test.framework.actions.ExcelActions.extractExcelDataAsMap(ExcelActions.java:21)
at com.ep.app.tests.Common.getTestData(Common.java:71)
at com.ep.app.tests.APIMethods.testPUTRequest(APIMethods.java:72)
at java.base/java.util.ArrayList.forEach(ArrayList.java:1596)
at SwaggerTesting.RunEnabledAPITests.runTestNGSuite(RunEnabledAPITests.java:55)
at SwaggerTesting.RunEnabledAPITests.runEnabledTests(RunEnabledAPITests.java:31)
at java.base/java.util.ArrayList.forEach(ArrayList.java:1596)
... Removed 47 stack frames]]>
    </failure>
  </testcase> <!-- testPUTRequest -->
  <testcase classname="com.ep.app.tests.APIMethods" name="testGETRequest" time="0.0">
    <ignored/>
  </testcase> <!-- testGETRequest -->
  <testcase classname="com.ep.app.tests.APIMethods" name="testDELETERequest" time="0.0">
    <ignored/>
  </testcase> <!-- testDELETERequest -->
  <testcase classname="com.ep.app.tests.APIMethods" name="testPOSTRequest" time="0.0">
    <ignored/>
  </testcase> <!-- testPOSTRequest -->
</testsuite> <!-- testPUTRequest_TC_PUT_15 -->
