<?xml version="1.0" encoding="UTF-8"?>
<!-- Generated by org.testng.reporters.JUnitXMLReporter -->
<testsuite ignored="3" hostname="1021HP440G815" failures="1" tests="1" name="testPUTRequest_TC001" time="4.464" errors="0" timestamp="2025-11-21T18:02:21 IST">
  <testcase classname="com.ep.app.tests.APIMethods" name="testPUTRequest" time="4.193">
    <failure type="java.lang.AssertionError" message="Expected one of [200] but got 406">
      <![CDATA[java.lang.AssertionError: Expected one of [200] but got 406
at com.ep.app.tests.Common.verifyResponseCode(Common.java:249)
at com.ep.app.tests.APIMethods.testPUTRequest(APIMethods.java:88)
at java.base/java.util.ArrayList.forEach(ArrayList.java:1596)
at com.ep.app.tests.RunEnabledAPITests.runTestNGSuite(RunEnabledAPITests.java:37)
at com.ep.app.tests.RunEnabledAPITests.main(RunEnabledAPITests.java:23)
... Removed 23 stack frames]]>
    </failure>
  </testcase> <!-- testPUTRequest -->
  <testcase classname="com.ep.app.tests.APIMethods" name="testDELETERequest" time="0.0">
    <ignored/>
  </testcase> <!-- testDELETERequest -->
  <testcase classname="com.ep.app.tests.APIMethods" name="testPOSTRequest" time="0.0">
    <ignored/>
  </testcase> <!-- testPOSTRequest -->
  <testcase classname="com.ep.app.tests.APIMethods" name="testGETRequest" time="0.0">
    <ignored/>
  </testcase> <!-- testGETRequest -->
</testsuite> <!-- testPUTRequest_TC001 -->
