<?xml version="1.0" encoding="UTF-8"?>
<testng-results ignored="0" total="3" passed="3" failed="0" skipped="0">
  <reporter-output>
  </reporter-output>
  <suite started-at="2025-12-03T09:51:59 IST" name="ChainingSuite" finished-at="2025-12-03T09:52:17 IST" duration-ms="18216">
    <groups>
    </groups>
    <test started-at="2025-12-03T09:51:59 IST" name="Chaining_TC003" finished-at="2025-12-03T09:52:10 IST" duration-ms="10298">
      <class name="com.ep.app.tests.ChainingTest">
        <test-method signature="testChainingRequest(java.lang.String)[pri:0, instance:com.ep.app.tests.ChainingTest@3bcbb589]" started-at="2025-12-03T09:52:00 IST" name="testChainingRequest" finished-at="2025-12-03T09:52:10 IST" duration-ms="9869" status="PASS">
          <params>
            <param index="0">
              <value>
                <![CDATA[TC003]]>
              </value>
            </param>
          </params>
          <reporter-output>
          </reporter-output>
        </test-method> <!-- testChainingRequest -->
      </class> <!-- com.ep.app.tests.ChainingTest -->
    </test> <!-- Chaining_TC003 -->
    <test started-at="2025-12-03T09:52:10 IST" name="Chaining_TC005" finished-at="2025-12-03T09:52:16 IST" duration-ms="5196">
      <class name="com.ep.app.tests.ChainingTest">
        <test-method signature="testChainingRequest(java.lang.String)[pri:0, instance:com.ep.app.tests.ChainingTest@101639ae]" started-at="2025-12-03T09:52:10 IST" name="testChainingRequest" finished-at="2025-12-03T09:52:16 IST" duration-ms="5191" status="PASS">
          <params>
            <param index="0">
              <value>
                <![CDATA[TC005]]>
              </value>
            </param>
          </params>
          <reporter-output>
          </reporter-output>
        </test-method> <!-- testChainingRequest -->
      </class> <!-- com.ep.app.tests.ChainingTest -->
    </test> <!-- Chaining_TC005 -->
    <test started-at="2025-12-03T09:52:16 IST" name="Chaining_TC006" finished-at="2025-12-03T09:52:17 IST" duration-ms="1621">
      <class name="com.ep.app.tests.ChainingTest">
        <test-method signature="testChainingRequest(java.lang.String)[pri:0, instance:com.ep.app.tests.ChainingTest@44040454]" started-at="2025-12-03T09:52:16 IST" name="testChainingRequest" finished-at="2025-12-03T09:52:17 IST" duration-ms="1617" status="PASS">
          <params>
            <param index="0">
              <value>
                <![CDATA[TC006]]>
              </value>
            </param>
          </params>
          <reporter-output>
          </reporter-output>
        </test-method> <!-- testChainingRequest -->
      </class> <!-- com.ep.app.tests.ChainingTest -->
    </test> <!-- Chaining_TC006 -->
  </suite> <!-- ChainingSuite -->
</testng-results>
