<?xml version="1.0" encoding="UTF-8"?>
<testng-results ignored="0" total="1" passed="1" failed="0" skipped="0">
  <reporter-output>
  </reporter-output>
  <suite started-at="2026-02-03T10:10:13 IST" name="Default suite" finished-at="2026-02-03T10:10:37 IST" duration-ms="23724">
    <groups>
    </groups>
    <test started-at="2026-02-03T10:10:13 IST" name="Default test" finished-at="2026-02-03T10:10:37 IST" duration-ms="23724">
      <class name="com.ep.app.tests.RunEnabledAPITests">
        <test-method signature="runEnabledTests()[pri:0, instance:com.ep.app.tests.RunEnabledAPITests@6743e411]" started-at="2026-02-03T10:10:13 IST" name="runEnabledTests" finished-at="2026-02-03T10:10:37 IST" duration-ms="23628" status="PASS">
          <reporter-output>
          </reporter-output>
        </test-method> <!-- runEnabledTests -->
      </class> <!-- com.ep.app.tests.RunEnabledAPITests -->
    </test> <!-- Default test -->
  </suite> <!-- Default suite -->
</testng-results>
