<?xml version="1.0" encoding="UTF-8"?>
<testng-results ignored="0" total="7" passed="7" failed="0" skipped="0">
  <reporter-output>
  </reporter-output>
  <suite started-at="2025-11-26T17:17:04 IST" name="ChainingSuite" finished-at="2025-11-26T17:17:36 IST" duration-ms="32090">
    <groups>
    </groups>
    <test started-at="2025-11-26T17:17:04 IST" name="Chaining_TC001" finished-at="2025-11-26T17:17:13 IST" duration-ms="8906">
      <class name="com.ep.app.tests.ChainingTest">
        <test-method signature="testChainingRequest(java.lang.String)[pri:0, instance:com.ep.app.tests.ChainingTest@6eed46e9]" started-at="2025-11-26T17:17:04 IST" name="testChainingRequest" finished-at="2025-11-26T17:17:13 IST" duration-ms="8906" status="PASS">
          <params>
            <param index="0">
              <value>
                <![CDATA[TC001]]>
              </value>
            </param>
          </params>
          <reporter-output>
          </reporter-output>
        </test-method> <!-- testChainingRequest -->
      </class> <!-- com.ep.app.tests.ChainingTest -->
    </test> <!-- Chaining_TC001 -->
    <test started-at="2025-11-26T17:17:13 IST" name="Chaining_TC002" finished-at="2025-11-26T17:17:16 IST" duration-ms="2922">
      <class name="com.ep.app.tests.ChainingTest">
        <test-method signature="testChainingRequest(java.lang.String)[pri:0, instance:com.ep.app.tests.ChainingTest@7893c715]" started-at="2025-11-26T17:17:13 IST" name="testChainingRequest" finished-at="2025-11-26T17:17:16 IST" duration-ms="2921" status="PASS">
          <params>
            <param index="0">
              <value>
                <![CDATA[TC002]]>
              </value>
            </param>
          </params>
          <reporter-output>
          </reporter-output>
        </test-method> <!-- testChainingRequest -->
      </class> <!-- com.ep.app.tests.ChainingTest -->
    </test> <!-- Chaining_TC002 -->
    <test started-at="2025-11-26T17:17:16 IST" name="Chaining_TC003" finished-at="2025-11-26T17:17:20 IST" duration-ms="4073">
      <class name="com.ep.app.tests.ChainingTest">
        <test-method signature="testChainingRequest(java.lang.String)[pri:0, instance:com.ep.app.tests.ChainingTest@7db791df]" started-at="2025-11-26T17:17:16 IST" name="testChainingRequest" finished-at="2025-11-26T17:17:20 IST" duration-ms="4072" status="PASS">
          <params>
            <param index="0">
              <value>
                <![CDATA[TC003]]>
              </value>
            </param>
          </params>
          <reporter-output>
          </reporter-output>
        </test-method> <!-- testChainingRequest -->
      </class> <!-- com.ep.app.tests.ChainingTest -->
    </test> <!-- Chaining_TC003 -->
    <test started-at="2025-11-26T17:17:20 IST" name="Chaining_TC004" finished-at="2025-11-26T17:17:25 IST" duration-ms="4505">
      <class name="com.ep.app.tests.ChainingTest">
        <test-method signature="testChainingRequest(java.lang.String)[pri:0, instance:com.ep.app.tests.ChainingTest@5c5f0edc]" started-at="2025-11-26T17:17:20 IST" name="testChainingRequest" finished-at="2025-11-26T17:17:25 IST" duration-ms="4504" status="PASS">
          <params>
            <param index="0">
              <value>
                <![CDATA[TC004]]>
              </value>
            </param>
          </params>
          <reporter-output>
          </reporter-output>
        </test-method> <!-- testChainingRequest -->
      </class> <!-- com.ep.app.tests.ChainingTest -->
    </test> <!-- Chaining_TC004 -->
    <test started-at="2025-11-26T17:17:25 IST" name="Chaining_TC005" finished-at="2025-11-26T17:17:28 IST" duration-ms="3620">
      <class name="com.ep.app.tests.ChainingTest">
        <test-method signature="testChainingRequest(java.lang.String)[pri:0, instance:com.ep.app.tests.ChainingTest@7d522180]" started-at="2025-11-26T17:17:25 IST" name="testChainingRequest" finished-at="2025-11-26T17:17:28 IST" duration-ms="3619" status="PASS">
          <params>
            <param index="0">
              <value>
                <![CDATA[TC005]]>
              </value>
            </param>
          </params>
          <reporter-output>
          </reporter-output>
        </test-method> <!-- testChainingRequest -->
      </class> <!-- com.ep.app.tests.ChainingTest -->
    </test> <!-- Chaining_TC005 -->
    <test started-at="2025-11-26T17:17:28 IST" name="Chaining_TC006" finished-at="2025-11-26T17:17:32 IST" duration-ms="3191">
      <class name="com.ep.app.tests.ChainingTest">
        <test-method signature="testChainingRequest(java.lang.String)[pri:0, instance:com.ep.app.tests.ChainingTest@3321291a]" started-at="2025-11-26T17:17:28 IST" name="testChainingRequest" finished-at="2025-11-26T17:17:32 IST" duration-ms="3190" status="PASS">
          <params>
            <param index="0">
              <value>
                <![CDATA[TC006]]>
              </value>
            </param>
          </params>
          <reporter-output>
          </reporter-output>
        </test-method> <!-- testChainingRequest -->
      </class> <!-- com.ep.app.tests.ChainingTest -->
    </test> <!-- Chaining_TC006 -->
    <test started-at="2025-11-26T17:17:32 IST" name="Chaining_TC007" finished-at="2025-11-26T17:17:36 IST" duration-ms="4604">
      <class name="com.ep.app.tests.ChainingTest">
        <test-method signature="testChainingRequest(java.lang.String)[pri:0, instance:com.ep.app.tests.ChainingTest@9c0d0bd]" started-at="2025-11-26T17:17:32 IST" name="testChainingRequest" finished-at="2025-11-26T17:17:36 IST" duration-ms="4604" status="PASS">
          <params>
            <param index="0">
              <value>
                <![CDATA[TC007]]>
              </value>
            </param>
          </params>
          <reporter-output>
          </reporter-output>
        </test-method> <!-- testChainingRequest -->
      </class> <!-- com.ep.app.tests.ChainingTest -->
    </test> <!-- Chaining_TC007 -->
  </suite> <!-- ChainingSuite -->
</testng-results>
