<?xml version="1.0" encoding="UTF-8"?>
<testng-results ignored="0" total="1" passed="1" failed="0" skipped="0">
  <reporter-output>
  </reporter-output>
  <suite started-at="2025-12-09T12:30:47 IST" name="API Suite" finished-at="2025-12-09T12:31:06 IST" duration-ms="19132">
    <groups>
    </groups>
    <test started-at="2025-12-09T12:30:47 IST" name="Enabled API Execution" finished-at="2025-12-09T12:31:06 IST" duration-ms="19132">
      <class name="com.ep.app.tests.RunEnabledAPITests">
        <test-method signature="runEnabledTests()[pri:0, instance:com.ep.app.tests.RunEnabledAPITests@385c9627]" started-at="2025-12-09T12:30:47 IST" name="runEnabledTests" finished-at="2025-12-09T12:31:06 IST" duration-ms="18521" status="PASS">
          <reporter-output>
          </reporter-output>
        </test-method> <!-- runEnabledTests -->
      </class> <!-- com.ep.app.tests.RunEnabledAPITests -->
    </test> <!-- Enabled API Execution -->
  </suite> <!-- API Suite -->
</testng-results>
