<?xml version="1.0" encoding="UTF-8"?>
<!-- Generated by org.testng.reporters.JUnitXMLReporter -->
<testsuite ignored="0" hostname="1021HP440G815" failures="1" tests="1" name="API_TC003" time="0.043" errors="0" timestamp="2026-01-22T11:32:17 IST">
  <testcase classname="com.ep.app.tests.APIMethods" name="runApi" time="0.042">
    <failure type="java.lang.NullPointerException" message="Cannot invoke &amp;quot;com.aventstack.extentreports.ExtentTest.log(com.aventstack.extentreports.Status, String)&amp;quot; because the return value of &amp;quot;com.ep.app.tests.APIMethods.getTestLogger()&amp;quot; is null">
      <![CDATA[java.lang.NullPointerException: Cannot invoke "com.aventstack.extentreports.ExtentTest.log(com.aventstack.extentreports.Status, String)" because the return value of "com.ep.app.tests.APIMethods.getTestLogger()" is null
at com.ep.app.tests.APIMethods.runApi(APIMethods.java:61)
at java.base/java.util.ArrayList.forEach(ArrayList.java:1596)
at com.ep.app.tests.RunEnabledAPITests.runSuite(RunEnabledAPITests.java:81)
at com.ep.app.tests.RunEnabledAPITests.runEnabledTests(RunEnabledAPITests.java:65)
at java.base/java.util.ArrayList.forEach(ArrayList.java:1596)
... Removed 47 stack frames]]>
    </failure>
  </testcase> <!-- runApi -->
</testsuite> <!-- API_TC003 -->
