<?xml version="1.0" encoding="UTF-8"?>
<!-- Generated by org.testng.reporters.JUnitXMLReporter -->
<testsuite ignored="0" hostname="1021HP440G815" failures="1" tests="1" name="API_TC001" time="0.128" errors="0" timestamp="2026-01-22T11:40:14 IST">
  <testcase classname="com.ep.app.tests.APIMethods" name="runApi" time="0.117">
    <failure type="java.lang.NullPointerException" message="Cannot invoke &amp;quot;String.equalsIgnoreCase(String)&amp;quot; because &amp;quot;name&amp;quot; is null">
      <![CDATA[java.lang.NullPointerException: Cannot invoke "String.equalsIgnoreCase(String)" because "name" is null
at org.apache.poi.xssf.usermodel.XSSFWorkbook.getSheet(XSSFWorkbook.java:1199)
at org.apache.poi.xssf.usermodel.XSSFWorkbook.getSheet(XSSFWorkbook.java:108)
at com.changepond.test.framework.actions.ExcelActions.extractExcelDataAsMap(ExcelActions.java:24)
at com.ep.app.tests.Common.getTestData(Common.java:95)
at com.ep.app.tests.APIMethods.runApi(APIMethods.java:52)
at java.base/java.util.ArrayList.forEach(ArrayList.java:1596)
at com.ep.app.tests.RunEnabledAPITests.runSuite(RunEnabledAPITests.java:82)
at com.ep.app.tests.RunEnabledAPITests.runEnabledTests(RunEnabledAPITests.java:66)
at java.base/java.util.ArrayList.forEach(ArrayList.java:1596)
... Removed 47 stack frames]]>
    </failure>
  </testcase> <!-- runApi -->
</testsuite> <!-- API_TC001 -->
