<?xml version="1.0" encoding="UTF-8"?>
<!-- Generated by org.testng.reporters.JUnitXMLReporter -->
<testsuite ignored="0" hostname="1021HP440G815" failures="2" tests="4" name="PUT_TC002" time="0.228" errors="0" timestamp="2026-01-22T15:28:02 IST">
  <testcase classname="com.ep.app.tests.APIMethods" name="testGETRequest" time="0.058">
    <failure type="java.lang.NullPointerException" message="Cannot invoke &amp;quot;com.aventstack.extentreports.ExtentTest.log(com.aventstack.extentreports.Status, String)&amp;quot; because the return value of &amp;quot;com.ep.app.tests.APIMethods.getTestLogger()&amp;quot; is null">
      <![CDATA[java.lang.NullPointerException: Cannot invoke "com.aventstack.extentreports.ExtentTest.log(com.aventstack.extentreports.Status, String)" because the return value of "com.ep.app.tests.APIMethods.getTestLogger()" is null
at com.ep.app.tests.APIMethods.testGETRequest(APIMethods.java:38)
at java.base/java.util.ArrayList.forEach(ArrayList.java:1596)
at com.ep.app.tests.RunEnabledAPITests.runTestNGSuite(RunEnabledAPITests.java:100)
at com.ep.app.tests.RunEnabledAPITests.runDBFlow(RunEnabledAPITests.java:93)
at com.ep.app.tests.RunEnabledAPITests.runEnabledTests(RunEnabledAPITests.java:23)
at java.base/java.util.ArrayList.forEach(ArrayList.java:1596)
... Removed 47 stack frames]]>
    </failure>
  </testcase> <!-- testGETRequest -->
  <testcase classname="com.ep.app.tests.APIMethods" name="testPOSTRequest" time="0.058">
    <failure type="java.lang.NullPointerException" message="Cannot invoke &amp;quot;com.aventstack.extentreports.ExtentTest.log(com.aventstack.extentreports.Status, String)&amp;quot; because the return value of &amp;quot;com.ep.app.tests.APIMethods.getTestLogger()&amp;quot; is null">
      <![CDATA[java.lang.NullPointerException: Cannot invoke "com.aventstack.extentreports.ExtentTest.log(com.aventstack.extentreports.Status, String)" because the return value of "com.ep.app.tests.APIMethods.getTestLogger()" is null
at com.ep.app.tests.APIMethods.testPOSTRequest(APIMethods.java:56)
at java.base/java.util.ArrayList.forEach(ArrayList.java:1596)
at com.ep.app.tests.RunEnabledAPITests.runTestNGSuite(RunEnabledAPITests.java:100)
at com.ep.app.tests.RunEnabledAPITests.runDBFlow(RunEnabledAPITests.java:93)
at com.ep.app.tests.RunEnabledAPITests.runEnabledTests(RunEnabledAPITests.java:23)
at java.base/java.util.ArrayList.forEach(ArrayList.java:1596)
... Removed 47 stack frames]]>
    </failure>
  </testcase> <!-- testPOSTRequest -->
  <testcase classname="com.ep.app.tests.APIMethods" name="testPUTRequest" time="0.056">
    <skipped/>
  </testcase> <!-- testPUTRequest -->
  <testcase classname="com.ep.app.tests.APIMethods" name="testDELETERequest" time="0.049">
    <skipped/>
  </testcase> <!-- testDELETERequest -->
</testsuite> <!-- PUT_TC002 -->
