<?xml version="1.0" encoding="UTF-8"?>
<!-- Generated by org.testng.reporters.JUnitReportReporter -->
<testsuite hostname="1021HP440G815" failures="0" tests="1" name="com.ep.app.tests.ChainingTest" time="1.501" errors="1" timestamp="2025-11-24T11:07:34 IST" skipped="0">
  <testcase classname="com.ep.app.tests.ChainingTest" name="testChainingRequest" time="1.501">
    <error message="Post ID is missing from the response." type="java.lang.IllegalStateException">
      <![CDATA[java.lang.IllegalStateException: Post ID is missing from the response.
at com.ep.app.tests.Common.updatePostIdInQueryParamForNextMatchingCaseID(Common.java:393)
at com.ep.app.tests.Common.executeChainedSteps(Common.java:641)
at com.ep.app.tests.ChainingTest.testChainingRequest(ChainingTest.java:26)
at java.base/jdk.internal.reflect.DirectMethodHandleAccessor.invoke(DirectMethodHandleAccessor.java:103)
at java.base/java.lang.reflect.Method.invoke(Method.java:580)
at org.testng.internal.invokers.MethodInvocationHelper.invokeMethod(MethodInvocationHelper.java:139)
at org.testng.internal.invokers.TestInvoker.invokeMethod(TestInvoker.java:677)
at org.testng.internal.invokers.TestInvoker.invokeTestMethod(TestInvoker.java:221)
at org.testng.internal.invokers.MethodRunner.runInSequence(MethodRunner.java:50)
at org.testng.internal.invokers.TestInvoker$MethodInvocationAgent.invoke(TestInvoker.java:969)
at org.testng.internal.invokers.TestInvoker.invokeTestMethods(TestInvoker.java:194)
at org.testng.internal.invokers.TestMethodWorker.invokeTestMethods(TestMethodWorker.java:148)
at org.testng.internal.invokers.TestMethodWorker.run(TestMethodWorker.java:128)
at java.base/java.util.ArrayList.forEach(ArrayList.java:1596)
at org.testng.TestRunner.privateRun(TestRunner.java:829)
at org.testng.TestRunner.run(TestRunner.java:602)
at org.testng.SuiteRunner.runTest(SuiteRunner.java:437)
at org.testng.SuiteRunner.runSequentially(SuiteRunner.java:431)
at org.testng.SuiteRunner.privateRun(SuiteRunner.java:391)
at org.testng.SuiteRunner.run(SuiteRunner.java:330)
at org.testng.SuiteRunnerWorker.runSuite(SuiteRunnerWorker.java:52)
at org.testng.SuiteRunnerWorker.run(SuiteRunnerWorker.java:95)
at org.testng.TestNG.runSuitesSequentially(TestNG.java:1256)
at org.testng.TestNG.runSuitesLocally(TestNG.java:1176)
at org.testng.TestNG.runSuites(TestNG.java:1099)
at org.testng.TestNG.run(TestNG.java:1067)
at com.ep.app.tests.RunEnabledAPITests.runTestNGSuite(RunEnabledAPITests.java:36)
at com.ep.app.tests.RunEnabledAPITests.main(RunEnabledAPITests.java:30)
]]>
    </error>
  </testcase> <!-- testChainingRequest -->
  <system-out/>
</testsuite> <!-- com.ep.app.tests.ChainingTest -->
