<?xml version="1.0" encoding="UTF-8"?>
<!-- Generated by org.testng.reporters.JUnitReportReporter -->
<testsuite hostname="1021HP440G815" failures="0" tests="2" name="com.ep.app.tests.APIMethods" time="7.006" errors="0" timestamp="2025-12-11T14:30:51 IST" skipped="0">
  <testcase classname="com.ep.app.tests.APIMethods" name="testGETRequest" time="0.874"/>
  <system-out/>
  <testcase classname="com.ep.app.tests.APIMethods" name="testGETRequest" time="6.132"/>
  <system-out/>
</testsuite> <!-- com.ep.app.tests.APIMethods -->
