<?xml version="1.0" encoding="UTF-8"?>
<!-- Generated by org.testng.reporters.JUnitReportReporter -->
<testsuite hostname="1021HP440G815" failures="0" tests="4" name="com.ep.app.tests.APIMethods" time="9.953" errors="0" timestamp="2025-12-09T10:48:49 IST" skipped="0">
  <testcase classname="com.ep.app.tests.APIMethods" name="testGETRequest" time="3.093"/>
  <system-out/>
  <testcase classname="com.ep.app.tests.APIMethods" name="testPOSTRequest" time="1.775"/>
  <system-out/>
  <testcase classname="com.ep.app.tests.APIMethods" name="testPUTRequest" time="2.763"/>
  <system-out/>
  <testcase classname="com.ep.app.tests.APIMethods" name="testDELETERequest" time="2.322"/>
  <system-out/>
</testsuite> <!-- com.ep.app.tests.APIMethods -->
