<?xml version="1.0" encoding="UTF-8"?>
<!-- Generated by org.testng.reporters.JUnitReportReporter -->
<testsuite hostname="1021HP440G815" failures="0" tests="10" name="com.ep.app.tests.APIMethods" time="7.521" errors="0" timestamp="2026-01-23T11:41:18 IST" skipped="0">
  <testcase classname="com.ep.app.tests.APIMethods" name="testGETRequest" time="0.061"/>
  <system-out/>
  <testcase classname="com.ep.app.tests.APIMethods" name="testGETRequest" time="3.520"/>
  <system-out/>
  <testcase classname="com.ep.app.tests.APIMethods" name="testGETRequest" time="0.056"/>
  <system-out/>
  <testcase classname="com.ep.app.tests.APIMethods" name="testGETRequest" time="0.050"/>
  <system-out/>
  <testcase classname="com.ep.app.tests.APIMethods" name="testPOSTRequest" time="0.037"/>
  <system-out/>
  <testcase classname="com.ep.app.tests.APIMethods" name="testPOSTRequest" time="1.467"/>
  <system-out/>
  <testcase classname="com.ep.app.tests.APIMethods" name="testPOSTRequest" time="0.039"/>
  <system-out/>
  <testcase classname="com.ep.app.tests.APIMethods" name="testPOSTRequest" time="0.038"/>
  <system-out/>
  <testcase classname="com.ep.app.tests.APIMethods" name="testPUTRequest" time="1.230"/>
  <system-out/>
  <testcase classname="com.ep.app.tests.APIMethods" name="testDELETERequest" time="1.023"/>
  <system-out/>
</testsuite> <!-- com.ep.app.tests.APIMethods -->
