<?xml version="1.0" encoding="UTF-8"?>
<!-- Generated by org.testng.reporters.JUnitReportReporter -->
<testsuite hostname="1021HP440G815" failures="0" tests="3" name="com.ep.app.tests.ChainingTest" time="16.677" errors="0" timestamp="2025-12-03T09:52:18 IST" skipped="0">
  <testcase classname="com.ep.app.tests.ChainingTest" name="testChainingRequest" time="9.869"/>
  <system-out/>
  <testcase classname="com.ep.app.tests.ChainingTest" name="testChainingRequest" time="1.617"/>
  <system-out/>
  <testcase classname="com.ep.app.tests.ChainingTest" name="testChainingRequest" time="5.191"/>
  <system-out/>
</testsuite> <!-- com.ep.app.tests.ChainingTest -->
