<?xml version="1.0" encoding="UTF-8"?>
<!-- Generated by org.testng.reporters.JUnitReportReporter -->
<testsuite hostname="1021HP440G815" failures="0" tests="4" name="com.ep.app.tests.APIMethods" time="8.837" errors="0" timestamp="2025-11-26T17:17:04 IST" skipped="0">
  <testcase classname="com.ep.app.tests.APIMethods" name="testGETRequest" time="3.039"/>
  <system-out/>
  <testcase classname="com.ep.app.tests.APIMethods" name="testPOSTRequest" time="1.549"/>
  <system-out/>
  <testcase classname="com.ep.app.tests.APIMethods" name="testPUTRequest" time="1.513"/>
  <system-out/>
  <testcase classname="com.ep.app.tests.APIMethods" name="testDELETERequest" time="2.736"/>
  <system-out/>
</testsuite> <!-- com.ep.app.tests.APIMethods -->
