<?xml version="1.0" encoding="UTF-8"?>
<!-- Generated by org.testng.reporters.JUnitReportReporter -->
<testsuite hostname="1021HP440G815" failures="0" tests="3" name="com.ep.app.tests.ChainingTest" time="17.543" errors="0" timestamp="2026-02-09T14:54:53 IST" skipped="0">
  <testcase classname="com.ep.app.tests.ChainingTest" name="testChainingRequest" time="4.054"/>
  <system-out/>
  <testcase classname="com.ep.app.tests.ChainingTest" name="testChainingRequest" time="13.300"/>
  <system-out/>
  <testcase classname="com.ep.app.tests.ChainingTest" name="testChainingRequest" time="0.189"/>
  <system-out/>
</testsuite> <!-- com.ep.app.tests.ChainingTest -->
