<?xml version="1.0" encoding="UTF-8"?>
<!-- Generated by org.testng.reporters.JUnitReportReporter -->
<testsuite hostname="1021HP440G815" failures="0" tests="6" name="com.ep.app.tests.APIMethods" time="8.170" errors="0" timestamp="2026-01-30T11:05:57 IST" skipped="0">
  <testcase classname="com.ep.app.tests.APIMethods" name="testGETRequest" time="3.010"/>
  <system-out/>
  <testcase classname="com.ep.app.tests.APIMethods" name="testGETRequest" time="0.687"/>
  <system-out/>
  <testcase classname="com.ep.app.tests.APIMethods" name="testPOSTRequest" time="0.022"/>
  <system-out/>
  <testcase classname="com.ep.app.tests.APIMethods" name="testPOSTRequest" time="1.810"/>
  <system-out/>
  <testcase classname="com.ep.app.tests.APIMethods" name="testPUTRequest" time="2.614"/>
  <system-out/>
  <testcase classname="com.ep.app.tests.APIMethods" name="testDELETERequest" time="0.027"/>
  <system-out/>
</testsuite> <!-- com.ep.app.tests.APIMethods -->
