<?xml version="1.0" encoding="UTF-8"?>
<!-- Generated by org.testng.reporters.JUnitReportReporter -->
<testsuite hostname="1021HP440G815" failures="0" tests="6" name="com.ep.app.tests.APIMethods" time="0.862" errors="0" timestamp="2026-02-09T14:54:35 IST" skipped="0">
  <testcase classname="com.ep.app.tests.APIMethods" name="testGETRequest" time="0.193"/>
  <system-out/>
  <testcase classname="com.ep.app.tests.APIMethods" name="testGETRequest" time="0.136"/>
  <system-out/>
  <testcase classname="com.ep.app.tests.APIMethods" name="testPOSTRequest" time="0.104"/>
  <system-out/>
  <testcase classname="com.ep.app.tests.APIMethods" name="testPOSTRequest" time="0.128"/>
  <system-out/>
  <testcase classname="com.ep.app.tests.APIMethods" name="testPUTRequest" time="0.145"/>
  <system-out/>
  <testcase classname="com.ep.app.tests.APIMethods" name="testDELETERequest" time="0.156"/>
  <system-out/>
</testsuite> <!-- com.ep.app.tests.APIMethods -->
