<?xml version="1.0" encoding="UTF-8"?>
<!-- Generated by org.testng.reporters.JUnitReportReporter -->
<testsuite hostname="1021HP440G815" failures="0" tests="7" name="com.ep.app.tests.ChainingTest" time="31.816" errors="0" timestamp="2025-11-26T17:17:37 IST" skipped="0">
  <testcase classname="com.ep.app.tests.ChainingTest" name="testChainingRequest" time="3.619"/>
  <system-out/>
  <testcase classname="com.ep.app.tests.ChainingTest" name="testChainingRequest" time="4.604"/>
  <system-out/>
  <testcase classname="com.ep.app.tests.ChainingTest" name="testChainingRequest" time="2.921"/>
  <system-out/>
  <testcase classname="com.ep.app.tests.ChainingTest" name="testChainingRequest" time="4.072"/>
  <system-out/>
  <testcase classname="com.ep.app.tests.ChainingTest" name="testChainingRequest" time="4.504"/>
  <system-out/>
  <testcase classname="com.ep.app.tests.ChainingTest" name="testChainingRequest" time="3.190"/>
  <system-out/>
  <testcase classname="com.ep.app.tests.ChainingTest" name="testChainingRequest" time="8.906"/>
  <system-out/>
</testsuite> <!-- com.ep.app.tests.ChainingTest -->
