<?xml version="1.0" encoding="UTF-8"?>
<!-- Generated by org.testng.reporters.JUnitReportReporter -->
<testsuite hostname="1021HP440G815" failures="0" tests="2" name="com.ep.app.tests.APIMethods" time="4.557" errors="0" timestamp="2025-12-09T11:28:01 IST" skipped="0">
  <testcase classname="com.ep.app.tests.APIMethods" name="testGETRequest" time="2.824"/>
  <system-out/>
  <testcase classname="com.ep.app.tests.APIMethods" name="testPOSTRequest" time="1.733"/>
  <system-out/>
</testsuite> <!-- com.ep.app.tests.APIMethods -->
