<?xml version="1.0" encoding="UTF-8"?>
<!-- Generated by org.testng.reporters.JUnitReportReporter -->
<testsuite hostname="1021HP440G815" failures="0" tests="4" name="com.ep.app.tests.ChainingTest" time="6.581" errors="0" timestamp="2025-12-11T15:57:59 IST" skipped="0">
  <testcase classname="com.ep.app.tests.ChainingTest" name="testChainingRequest" time="4.610"/>
  <system-out/>
  <testcase classname="com.ep.app.tests.ChainingTest" name="testChainingRequest" time="0.779"/>
  <system-out/>
  <testcase classname="com.ep.app.tests.ChainingTest" name="testChainingRequest" time="0.608"/>
  <system-out/>
  <testcase classname="com.ep.app.tests.ChainingTest" name="testChainingRequest" time="0.584"/>
  <system-out/>
</testsuite> <!-- com.ep.app.tests.ChainingTest -->
