<?xml version="1.0" encoding="UTF-8"?>
<!-- Generated by org.testng.reporters.JUnitReportReporter -->
<testsuite hostname="1021HP440G815" failures="0" tests="6" name="com.ep.app.tests.APIMethods" time="0.738" errors="0" timestamp="2026-02-02T18:28:42 IST" skipped="0">
  <testcase classname="com.ep.app.tests.APIMethods" name="testGETRequest" time="0.160"/>
  <system-out/>
  <testcase classname="com.ep.app.tests.APIMethods" name="testGETRequest" time="0.144"/>
  <system-out/>
  <testcase classname="com.ep.app.tests.APIMethods" name="testPOSTRequest" time="0.117"/>
  <system-out/>
  <testcase classname="com.ep.app.tests.APIMethods" name="testPOSTRequest" time="0.129"/>
  <system-out/>
  <testcase classname="com.ep.app.tests.APIMethods" name="testPUTRequest" time="0.099"/>
  <system-out/>
  <testcase classname="com.ep.app.tests.APIMethods" name="testDELETERequest" time="0.089"/>
  <system-out/>
</testsuite> <!-- com.ep.app.tests.APIMethods -->
