<?xml version="1.0" encoding="UTF-8"?>
<!-- Generated by org.testng.reporters.JUnitReportReporter -->
<testsuite hostname="1021HP440G815" failures="0" tests="2" name="com.ep.app.tests.APIMethods" time="7.985" errors="0" timestamp="2025-12-09T12:28:37 IST" skipped="0">
  <testcase classname="com.ep.app.tests.APIMethods" name="testGETRequest" time="5.484"/>
  <system-out/>
  <testcase classname="com.ep.app.tests.APIMethods" name="testPOSTRequest" time="2.501"/>
  <system-out/>
</testsuite> <!-- com.ep.app.tests.APIMethods -->
