<?xml version="1.0" encoding="UTF-8"?>
<!-- Generated by org.testng.reporters.JUnitReportReporter -->
<testsuite hostname="1021HP440G815" failures="0" tests="1" name="com.ep.app.tests.ChainingTest" time="3.090" errors="1" timestamp="2026-01-20T11:59:30 IST" skipped="0">
  <testcase classname="com.ep.app.tests.ChainingTest" name="testChainingRequest" time="3.090">
    <error type="java.lang.StackOverflowError">
      <![CDATA[java.lang.StackOverflowError
at com.ep.app.tests.Common.validateResponseParams(Common.java:315)
at com.ep.app.tests.Common.validateResponseParams(Common.java:325)
at com.ep.app.tests.Common.validateResponseParams(Common.java:325)
at com.ep.app.tests.Common.validateResponseParams(Common.java:325)
at com.ep.app.tests.Common.validateResponseParams(Common.java:325)
at com.ep.app.tests.Common.validateResponseParams(Common.java:325)
at com.ep.app.tests.Common.validateResponseParams(Common.java:325)
at com.ep.app.tests.Common.validateResponseParams(Common.java:325)
at com.ep.app.tests.Common.validateResponseParams(Common.java:325)
at com.ep.app.tests.Common.validateResponseParams(Common.java:325)
at com.ep.app.tests.Common.validateResponseParams(Common.java:325)
at com.ep.app.tests.Common.validateResponseParams(Common.java:325)
at com.ep.app.tests.Common.validateResponseParams(Common.java:325)
at com.ep.app.tests.Common.validateResponseParams(Common.java:325)
at com.ep.app.tests.Common.validateResponseParams(Common.java:325)
at com.ep.app.tests.Common.validateResponseParams(Common.java:325)
at com.ep.app.tests.Common.validateResponseParams(Common.java:325)
at com.ep.app.tests.Common.validateResponseParams(Common.java:325)
at com.ep.app.tests.Common.validateResponseParams(Common.java:325)
at com.ep.app.tests.Common.validateResponseParams(Common.java:325)
at com.ep.app.tests.Common.validateResponseParams(Common.java:325)
at com.ep.app.tests.Common.validateResponseParams(Common.java:325)
at com.ep.app.tests.Common.validateResponseParams(Common.java:325)
at com.ep.app.tests.Common.validateResponseParams(Common.java:325)
at com.ep.app.tests.Common.validateResponseParams(Common.java:325)
at com.ep.app.tests.Common.validateResponseParams(Common.java:325)
at com.ep.app.tests.Common.validateResponseParams(Common.java:325)
at com.ep.app.tests.Common.validateResponseParams(Common.java:325)
at com.ep.app.tests.Common.validateResponseParams(Common.java:325)
at com.ep.app.tests.Common.validateResponseParams(Common.java:325)
at com.ep.app.tests.Common.validateResponseParams(Common.java:325)
at com.ep.app.tests.Common.validateResponseParams(Common.java:325)
at com.ep.app.tests.Common.validateResponseParams(Common.java:325)
at com.ep.app.tests.Common.validateResponseParams(Common.java:325)
at com.ep.app.tests.Common.validateResponseParams(Common.java:325)
at com.ep.app.tests.Common.validateResponseParams(Common.java:325)
at com.ep.app.tests.Common.validateResponseParams(Common.java:325)
at com.ep.app.tests.Common.validateResponseParams(Common.java:325)
at com.ep.app.tests.Common.validateResponseParams(Common.java:325)
at com.ep.app.tests.Common.validateResponseParams(Common.java:325)
at com.ep.app.tests.Common.validateResponseParams(Common.java:325)
at com.ep.app.tests.Common.validateResponseParams(Common.java:325)
at com.ep.app.tests.Common.validateResponseParams(Common.java:325)
at com.ep.app.tests.Common.validateResponseParams(Common.java:325)
at com.ep.app.tests.Common.validateResponseParams(Common.java:325)
at com.ep.app.tests.Common.validateResponseParams(Common.java:325)
at com.ep.app.tests.Common.validateResponseParams(Common.java:325)
at com.ep.app.tests.Common.validateResponseParams(Common.java:325)
at com.ep.app.tests.Common.validateResponseParams(Common.java:325)
at com.ep.app.tests.Common.validateResponseParams(Common.java:325)
at com.ep.app.tests.Common.validateResponseParams(Common.java:325)
at com.ep.app.tests.Common.validateResponseParams(Common.java:325)
at com.ep.app.tests.Common.validateResponseParams(Common.java:325)
at com.ep.app.tests.Common.validateResponseParams(Common.java:325)
at com.ep.app.tests.Common.validateResponseParams(Common.java:325)
at com.ep.app.tests.Common.validateResponseParams(Common.java:325)
at com.ep.app.tests.Common.validateResponseParams(Common.java:325)
at com.ep.app.tests.Common.validateResponseParams(Common.java:325)
at com.ep.app.tests.Common.validateResponseParams(Common.java:325)
at com.ep.app.tests.Common.validateResponseParams(Common.java:325)
at com.ep.app.tests.Common.validateResponseParams(Common.java:325)
at com.ep.app.tests.Common.validateResponseParams(Common.java:325)
at com.ep.app.tests.Common.validateResponseParams(Common.java:325)
at com.ep.app.tests.Common.validateResponseParams(Common.java:325)
at com.ep.app.tests.Common.validateResponseParams(Common.java:325)
at com.ep.app.tests.Common.validateResponseParams(Common.java:325)
at com.ep.app.tests.Common.validateResponseParams(Common.java:325)
at com.ep.app.tests.Common.validateResponseParams(Common.java:325)
at com.ep.app.tests.Common.validateResponseParams(Common.java:325)
at com.ep.app.tests.Common.validateResponseParams(Common.java:325)
at com.ep.app.tests.Common.validateResponseParams(Common.java:325)
at com.ep.app.tests.Common.validateResponseParams(Common.java:325)
at com.ep.app.tests.Common.validateResponseParams(Common.java:325)
at com.ep.app.tests.Common.validateResponseParams(Common.java:325)
at com.ep.app.tests.Common.validateResponseParams(Common.java:325)
at com.ep.app.tests.Common.validateResponseParams(Common.java:325)
at com.ep.app.tests.Common.validateResponseParams(Common.java:325)
at com.ep.app.tests.Common.validateResponseParams(Common.java:325)
at com.ep.app.tests.Common.validateResponseParams(Common.java:325)
at com.ep.app.tests.Common.validateResponseParams(Common.java:325)
at com.ep.app.tests.Common.validateResponseParams(Common.java:325)
at com.ep.app.tests.Common.validateResponseParams(Common.java:325)
at com.ep.app.tests.Common.validateResponseParams(Common.java:325)
at com.ep.app.tests.Common.validateResponseParams(Common.java:325)
at com.ep.app.tests.Common.validateResponseParams(Common.java:325)
at com.ep.app.tests.Common.validateResponseParams(Common.java:325)
at com.ep.app.tests.Common.validateResponseParams(Common.java:325)
at com.ep.app.tests.Common.validateResponseParams(Common.java:325)
at com.ep.app.tests.Common.validateResponseParams(Common.java:325)
at com.ep.app.tests.Common.validateResponseParams(Common.java:325)
at com.ep.app.tests.Common.validateResponseParams(Common.java:325)
at com.ep.app.tests.Common.validateResponseParams(Common.java:325)
at com.ep.app.tests.Common.validateResponseParams(Common.java:325)
at com.ep.app.tests.Common.validateResponseParams(Common.java:325)
at com.ep.app.tests.Common.validateResponseParams(Common.java:325)
at com.ep.app.tests.Common.validateResponseParams(Common.java:325)
at com.ep.app.tests.Common.validateResponseParams(Common.java:325)
at com.ep.app.tests.Common.validateResponseParams(Common.java:325)
at com.ep.app.tests.Common.validateResponseParams(Common.java:325)
at com.ep.app.tests.Common.validateResponseParams(Common.java:325)
at com.ep.app.tests.Common.validateResponseParams(Common.java:325)
at com.ep.app.tests.Common.validateResponseParams(Common.java:325)
at com.ep.app.tests.Common.validateResponseParams(Common.java:325)
at com.ep.app.tests.Common.validateResponseParams(Common.java:325)
at com.ep.app.tests.Common.validateResponseParams(Common.java:325)
at com.ep.app.tests.Common.validateResponseParams(Common.java:325)
at com.ep.app.tests.Common.validateResponseParams(Common.java:325)
at com.ep.app.tests.Common.validateResponseParams(Common.java:325)
at com.ep.app.tests.Common.validateResponseParams(Common.java:325)
at com.ep.app.tests.Common.validateResponseParams(Common.java:325)
at com.ep.app.tests.Common.validateResponseParams(Common.java:325)
at com.ep.app.tests.Common.validateResponseParams(Common.java:325)
at com.ep.app.tests.Common.validateResponseParams(Common.java:325)
at com.ep.app.tests.Common.validateResponseParams(Common.java:325)
at com.ep.app.tests.Common.validateResponseParams(Common.java:325)
at com.ep.app.tests.Common.validateResponseParams(Common.java:325)
at com.ep.app.tests.Common.validateResponseParams(Common.java:325)
at com.ep.app.tests.Common.validateResponseParams(Common.java:325)
at com.ep.app.tests.Common.validateResponseParams(Common.java:325)
at com.ep.app.tests.Common.validateResponseParams(Common.java:325)
at com.ep.app.tests.Common.validateResponseParams(Common.java:325)
at com.ep.app.tests.Common.validateResponseParams(Common.java:325)
at com.ep.app.tests.Common.validateResponseParams(Common.java:325)
at com.ep.app.tests.Common.validateResponseParams(Common.java:325)
at com.ep.app.tests.Common.validateResponseParams(Common.java:325)
at com.ep.app.tests.Common.validateResponseParams(Common.java:325)
at com.ep.app.tests.Common.validateResponseParams(Common.java:325)
at com.ep.app.tests.Common.validateResponseParams(Common.java:325)
at com.ep.app.tests.Common.validateResponseParams(Common.java:325)
at com.ep.app.tests.Common.validateResponseParams(Common.java:325)
at com.ep.app.tests.Common.validateResponseParams(Common.java:325)
at com.ep.app.tests.Common.validateResponseParams(Common.java:325)
at com.ep.app.tests.Common.validateResponseParams(Common.java:325)
at com.ep.app.tests.Common.validateResponseParams(Common.java:325)
at com.ep.app.tests.Common.validateResponseParams(Common.java:325)
at com.ep.app.tests.Common.validateResponseParams(Common.java:325)
at com.ep.app.tests.Common.validateResponseParams(Common.java:325)
at com.ep.app.tests.Common.validateResponseParams(Common.java:325)
at com.ep.app.tests.Common.validateResponseParams(Common.java:325)
at com.ep.app.tests.Common.validateResponseParams(Common.java:325)
at com.ep.app.tests.Common.validateResponseParams(Common.java:325)
at com.ep.app.tests.Common.validateResponseParams(Common.java:325)
at com.ep.app.tests.Common.validateResponseParams(Common.java:325)
at com.ep.app.tests.Common.validateResponseParams(Common.java:325)
at com.ep.app.tests.Common.validateResponseParams(Common.java:325)
at com.ep.app.tests.Common.validateResponseParams(Common.java:325)
at com.ep.app.tests.Common.validateResponseParams(Common.java:325)
at com.ep.app.tests.Common.validateResponseParams(Common.java:325)
at com.ep.app.tests.Common.validateResponseParams(Common.java:325)
at com.ep.app.tests.Common.validateResponseParams(Common.java:325)
at com.ep.app.tests.Common.validateResponseParams(Common.java:325)
at com.ep.app.tests.Common.validateResponseParams(Common.java:325)
at com.ep.app.tests.Common.validateResponseParams(Common.java:325)
at com.ep.app.tests.Common.validateResponseParams(Common.java:325)
at com.ep.app.tests.Common.validateResponseParams(Common.java:325)
at com.ep.app.tests.Common.validateResponseParams(Common.java:325)
at com.ep.app.tests.Common.validateResponseParams(Common.java:325)
at com.ep.app.tests.Common.validateResponseParams(Common.java:325)
at com.ep.app.tests.Common.validateResponseParams(Common.java:325)
at com.ep.app.tests.Common.validateResponseParams(Common.java:325)
at com.ep.app.tests.Common.validateResponseParams(Common.java:325)
at com.ep.app.tests.Common.validateResponseParams(Common.java:325)
at com.ep.app.tests.Common.validateResponseParams(Common.java:325)
at com.ep.app.tests.Common.validateResponseParams(Common.java:325)
at com.ep.app.tests.Common.validateResponseParams(Common.java:325)
at com.ep.app.tests.Common.validateResponseParams(Common.java:325)
at com.ep.app.tests.Common.validateResponseParams(Common.java:325)
at com.ep.app.tests.Common.validateResponseParams(Common.java:325)
at com.ep.app.tests.Common.validateResponseParams(Common.java:325)
at com.ep.app.tests.Common.validateResponseParams(Common.java:325)
at com.ep.app.tests.Common.validateResponseParams(Common.java:325)
at com.ep.app.tests.Common.validateResponseParams(Common.java:325)
at com.ep.app.tests.Common.validateResponseParams(Common.java:325)
at com.ep.app.tests.Common.validateResponseParams(Common.java:325)
at com.ep.app.tests.Common.validateResponseParams(Common.java:325)
at com.ep.app.tests.Common.validateResponseParams(Common.java:325)
at com.ep.app.tests.Common.validateResponseParams(Common.java:325)
at com.ep.app.tests.Common.validateResponseParams(Common.java:325)
at com.ep.app.tests.Common.validateResponseParams(Common.java:325)
at com.ep.app.tests.Common.validateResponseParams(Common.java:325)
at com.ep.app.tests.Common.validateResponseParams(Common.java:325)
at com.ep.app.tests.Common.validateResponseParams(Common.java:325)
at com.ep.app.tests.Common.validateResponseParams(Common.java:325)
at com.ep.app.tests.Common.validateResponseParams(Common.java:325)
at com.ep.app.tests.Common.validateResponseParams(Common.java:325)
at com.ep.app.tests.Common.validateResponseParams(Common.java:325)
at com.ep.app.tests.Common.validateResponseParams(Common.java:325)
at com.ep.app.tests.Common.validateResponseParams(Common.java:325)
at com.ep.app.tests.Common.validateResponseParams(Common.java:325)
at com.ep.app.tests.Common.validateResponseParams(Common.java:325)
at com.ep.app.tests.Common.validateResponseParams(Common.java:325)
at com.ep.app.tests.Common.validateResponseParams(Common.java:325)
at com.ep.app.tests.Common.validateResponseParams(Common.java:325)
at com.ep.app.tests.Common.validateResponseParams(Common.java:325)
at com.ep.app.tests.Common.validateResponseParams(Common.java:325)
at com.ep.app.tests.Common.validateResponseParams(Common.java:325)
at com.ep.app.tests.Common.validateResponseParams(Common.java:325)
at com.ep.app.tests.Common.validateResponseParams(Common.java:325)
at com.ep.app.tests.Common.validateResponseParams(Common.java:325)
at com.ep.app.tests.Common.validateResponseParams(Common.java:325)
at com.ep.app.tests.Common.validateResponseParams(Common.java:325)
at com.ep.app.tests.Common.validateResponseParams(Common.java:325)
at com.ep.app.tests.Common.validateResponseParams(Common.java:325)
at com.ep.app.tests.Common.validateResponseParams(Common.java:325)
at com.ep.app.tests.Common.validateResponseParams(Common.java:325)
at com.ep.app.tests.Common.validateResponseParams(Common.java:325)
at com.ep.app.tests.Common.validateResponseParams(Common.java:325)
at com.ep.app.tests.Common.validateResponseParams(Common.java:325)
at com.ep.app.tests.Common.validateResponseParams(Common.java:325)
at com.ep.app.tests.Common.validateResponseParams(Common.java:325)
at com.ep.app.tests.Common.validateResponseParams(Common.java:325)
at com.ep.app.tests.Common.validateResponseParams(Common.java:325)
at com.ep.app.tests.Common.validateResponseParams(Common.java:325)
at com.ep.app.tests.Common.validateResponseParams(Common.java:325)
at com.ep.app.tests.Common.validateResponseParams(Common.java:325)
at com.ep.app.tests.Common.validateResponseParams(Common.java:325)
at com.ep.app.tests.Common.validateResponseParams(Common.java:325)
at com.ep.app.tests.Common.validateResponseParams(Common.java:325)
at com.ep.app.tests.Common.validateResponseParams(Common.java:325)
at com.ep.app.tests.Common.validateResponseParams(Common.java:325)
at com.ep.app.tests.Common.validateResponseParams(Common.java:325)
at com.ep.app.tests.Common.validateResponseParams(Common.java:325)
at com.ep.app.tests.Common.validateResponseParams(Common.java:325)
at com.ep.app.tests.Common.validateResponseParams(Common.java:325)
at com.ep.app.tests.Common.validateResponseParams(Common.java:325)
at com.ep.app.tests.Common.validateResponseParams(Common.java:325)
at com.ep.app.tests.Common.validateResponseParams(Common.java:325)
at com.ep.app.tests.Common.validateResponseParams(Common.java:325)
at com.ep.app.tests.Common.validateResponseParams(Common.java:325)
at com.ep.app.tests.Common.validateResponseParams(Common.java:325)
at com.ep.app.tests.Common.validateResponseParams(Common.java:325)
at com.ep.app.tests.Common.validateResponseParams(Common.java:325)
at com.ep.app.tests.Common.validateResponseParams(Common.java:325)
at com.ep.app.tests.Common.validateResponseParams(Common.java:325)
at com.ep.app.tests.Common.validateResponseParams(Common.java:325)
at com.ep.app.tests.Common.validateResponseParams(Common.java:325)
at com.ep.app.tests.Common.validateResponseParams(Common.java:325)
at com.ep.app.tests.Common.validateResponseParams(Common.java:325)
at com.ep.app.tests.Common.validateResponseParams(Common.java:325)
at com.ep.app.tests.Common.validateResponseParams(Common.java:325)
at com.ep.app.tests.Common.validateResponseParams(Common.java:325)
at com.ep.app.tests.Common.validateResponseParams(Common.java:325)
at com.ep.app.tests.Common.validateResponseParams(Common.java:325)
at com.ep.app.tests.Common.validateResponseParams(Common.java:325)
at com.ep.app.tests.Common.validateResponseParams(Common.java:325)
at com.ep.app.tests.Common.validateResponseParams(Common.java:325)
at com.ep.app.tests.Common.validateResponseParams(Common.java:325)
at com.ep.app.tests.Common.validateResponseParams(Common.java:325)
at com.ep.app.tests.Common.validateResponseParams(Common.java:325)
at com.ep.app.tests.Common.validateResponseParams(Common.java:325)
at com.ep.app.tests.Common.validateResponseParams(Common.java:325)
at com.ep.app.tests.Common.validateResponseParams(Common.java:325)
at com.ep.app.tests.Common.validateResponseParams(Common.java:325)
at com.ep.app.tests.Common.validateResponseParams(Common.java:325)
at com.ep.app.tests.Common.validateResponseParams(Common.java:325)
at com.ep.app.tests.Common.validateResponseParams(Common.java:325)
at com.ep.app.tests.Common.validateResponseParams(Common.java:325)
at com.ep.app.tests.Common.validateResponseParams(Common.java:325)
at com.ep.app.tests.Common.validateResponseParams(Common.java:325)
at com.ep.app.tests.Common.validateResponseParams(Common.java:325)
at com.ep.app.tests.Common.validateResponseParams(Common.java:325)
at com.ep.app.tests.Common.validateResponseParams(Common.java:325)
at com.ep.app.tests.Common.validateResponseParams(Common.java:325)
at com.ep.app.tests.Common.validateResponseParams(Common.java:325)
at com.ep.app.tests.Common.validateResponseParams(Common.java:325)
at com.ep.app.tests.Common.validateResponseParams(Common.java:325)
at com.ep.app.tests.Common.validateResponseParams(Common.java:325)
at com.ep.app.tests.Common.validateResponseParams(Common.java:325)
at com.ep.app.tests.Common.validateResponseParams(Common.java:325)
at com.ep.app.tests.Common.validateResponseParams(Common.java:325)
at com.ep.app.tests.Common.validateResponseParams(Common.java:325)
at com.ep.app.tests.Common.validateResponseParams(Common.java:325)
at com.ep.app.tests.Common.validateResponseParams(Common.java:325)
at com.ep.app.tests.Common.validateResponseParams(Common.java:325)
at com.ep.app.tests.Common.validateResponseParams(Common.java:325)
at com.ep.app.tests.Common.validateResponseParams(Common.java:325)
at com.ep.app.tests.Common.validateResponseParams(Common.java:325)
at com.ep.app.tests.Common.validateResponseParams(Common.java:325)
at com.ep.app.tests.Common.validateResponseParams(Common.java:325)
at com.ep.app.tests.Common.validateResponseParams(Common.java:325)
at com.ep.app.tests.Common.validateResponseParams(Common.java:325)
at com.ep.app.tests.Common.validateResponseParams(Common.java:325)
at com.ep.app.tests.Common.validateResponseParams(Common.java:325)
at com.ep.app.tests.Common.validateResponseParams(Common.java:325)
at com.ep.app.tests.Common.validateResponseParams(Common.java:325)
at com.ep.app.tests.Common.validateResponseParams(Common.java:325)
at com.ep.app.tests.Common.validateResponseParams(Common.java:325)
at com.ep.app.tests.Common.validateResponseParams(Common.java:325)
at com.ep.app.tests.Common.validateResponseParams(Common.java:325)
at com.ep.app.tests.Common.validateResponseParams(Common.java:325)
at com.ep.app.tests.Common.validateResponseParams(Common.java:325)
at com.ep.app.tests.Common.validateResponseParams(Common.java:325)
at com.ep.app.tests.Common.validateResponseParams(Common.java:325)
at com.ep.app.tests.Common.validateResponseParams(Common.java:325)
at com.ep.app.tests.Common.validateResponseParams(Common.java:325)
at com.ep.app.tests.Common.validateResponseParams(Common.java:325)
at com.ep.app.tests.Common.validateResponseParams(Common.java:325)
at com.ep.app.tests.Common.validateResponseParams(Common.java:325)
at com.ep.app.tests.Common.validateResponseParams(Common.java:325)
at com.ep.app.tests.Common.validateResponseParams(Common.java:325)
at com.ep.app.tests.Common.validateResponseParams(Common.java:325)
at com.ep.app.tests.Common.validateResponseParams(Common.java:325)
at com.ep.app.tests.Common.validateResponseParams(Common.java:325)
at com.ep.app.tests.Common.validateResponseParams(Common.java:325)
at com.ep.app.tests.Common.validateResponseParams(Common.java:325)
at com.ep.app.tests.Common.validateResponseParams(Common.java:325)
at com.ep.app.tests.Common.validateResponseParams(Common.java:325)
at com.ep.app.tests.Common.validateResponseParams(Common.java:325)
at com.ep.app.tests.Common.validateResponseParams(Common.java:325)
at com.ep.app.tests.Common.validateResponseParams(Common.java:325)
at com.ep.app.tests.Common.validateResponseParams(Common.java:325)
at com.ep.app.tests.Common.validateResponseParams(Common.java:325)
at com.ep.app.tests.Common.validateResponseParams(Common.java:325)
at com.ep.app.tests.Common.validateResponseParams(Common.java:325)
at com.ep.app.tests.Common.validateResponseParams(Common.java:325)
at com.ep.app.tests.Common.validateResponseParams(Common.java:325)
at com.ep.app.tests.Common.validateResponseParams(Common.java:325)
at com.ep.app.tests.Common.validateResponseParams(Common.java:325)
at com.ep.app.tests.Common.validateResponseParams(Common.java:325)
at com.ep.app.tests.Common.validateResponseParams(Common.java:325)
at com.ep.app.tests.Common.validateResponseParams(Common.java:325)
at com.ep.app.tests.Common.validateResponseParams(Common.java:325)
at com.ep.app.tests.Common.validateResponseParams(Common.java:325)
at com.ep.app.tests.Common.validateResponseParams(Common.java:325)
at com.ep.app.tests.Common.validateResponseParams(Common.java:325)
at com.ep.app.tests.Common.validateResponseParams(Common.java:325)
at com.ep.app.tests.Common.validateResponseParams(Common.java:325)
at com.ep.app.tests.Common.validateResponseParams(Common.java:325)
at com.ep.app.tests.Common.validateResponseParams(Common.java:325)
at com.ep.app.tests.Common.validateResponseParams(Common.java:325)
at com.ep.app.tests.Common.validateResponseParams(Common.java:325)
at com.ep.app.tests.Common.validateResponseParams(Common.java:325)
at com.ep.app.tests.Common.validateResponseParams(Common.java:325)
at com.ep.app.tests.Common.validateResponseParams(Common.java:325)
at com.ep.app.tests.Common.validateResponseParams(Common.java:325)
at com.ep.app.tests.Common.validateResponseParams(Common.java:325)
at com.ep.app.tests.Common.validateResponseParams(Common.java:325)
at com.ep.app.tests.Common.validateResponseParams(Common.java:325)
at com.ep.app.tests.Common.validateResponseParams(Common.java:325)
at com.ep.app.tests.Common.validateResponseParams(Common.java:325)
at com.ep.app.tests.Common.validateResponseParams(Common.java:325)
at com.ep.app.tests.Common.validateResponseParams(Common.java:325)
at com.ep.app.tests.Common.validateResponseParams(Common.java:325)
at com.ep.app.tests.Common.validateResponseParams(Common.java:325)
at com.ep.app.tests.Common.validateResponseParams(Common.java:325)
at com.ep.app.tests.Common.validateResponseParams(Common.java:325)
at com.ep.app.tests.Common.validateResponseParams(Common.java:325)
at com.ep.app.tests.Common.validateResponseParams(Common.java:325)
at com.ep.app.tests.Common.validateResponseParams(Common.java:325)
at com.ep.app.tests.Common.validateResponseParams(Common.java:325)
at com.ep.app.tests.Common.validateResponseParams(Common.java:325)
at com.ep.app.tests.Common.validateResponseParams(Common.java:325)
at com.ep.app.tests.Common.validateResponseParams(Common.java:325)
at com.ep.app.tests.Common.validateResponseParams(Common.java:325)
at com.ep.app.tests.Common.validateResponseParams(Common.java:325)
at com.ep.app.tests.Common.validateResponseParams(Common.java:325)
at com.ep.app.tests.Common.validateResponseParams(Common.java:325)
at com.ep.app.tests.Common.validateResponseParams(Common.java:325)
at com.ep.app.tests.Common.validateResponseParams(Common.java:325)
at com.ep.app.tests.Common.validateResponseParams(Common.java:325)
at com.ep.app.tests.Common.validateResponseParams(Common.java:325)
at com.ep.app.tests.Common.validateResponseParams(Common.java:325)
at com.ep.app.tests.Common.validateResponseParams(Common.java:325)
at com.ep.app.tests.Common.validateResponseParams(Common.java:325)
at com.ep.app.tests.Common.validateResponseParams(Common.java:325)
at com.ep.app.tests.Common.validateResponseParams(Common.java:325)
at com.ep.app.tests.Common.validateResponseParams(Common.java:325)
at com.ep.app.tests.Common.validateResponseParams(Common.java:325)
at com.ep.app.tests.Common.validateResponseParams(Common.java:325)
at com.ep.app.tests.Common.validateResponseParams(Common.java:325)
at com.ep.app.tests.Common.validateResponseParams(Common.java:325)
at com.ep.app.tests.Common.validateResponseParams(Common.java:325)
at com.ep.app.tests.Common.validateResponseParams(Common.java:325)
at com.ep.app.tests.Common.validateResponseParams(Common.java:325)
at com.ep.app.tests.Common.validateResponseParams(Common.java:325)
at com.ep.app.tests.Common.validateResponseParams(Common.java:325)
at com.ep.app.tests.Common.validateResponseParams(Common.java:325)
at com.ep.app.tests.Common.validateResponseParams(Common.java:325)
at com.ep.app.tests.Common.validateResponseParams(Common.java:325)
at com.ep.app.tests.Common.validateResponseParams(Common.java:325)
at com.ep.app.tests.Common.validateResponseParams(Common.java:325)
at com.ep.app.tests.Common.validateResponseParams(Common.java:325)
at com.ep.app.tests.Common.validateResponseParams(Common.java:325)
at com.ep.app.tests.Common.validateResponseParams(Common.java:325)
at com.ep.app.tests.Common.validateResponseParams(Common.java:325)
at com.ep.app.tests.Common.validateResponseParams(Common.java:325)
at com.ep.app.tests.Common.validateResponseParams(Common.java:325)
at com.ep.app.tests.Common.validateResponseParams(Common.java:325)
at com.ep.app.tests.Common.validateResponseParams(Common.java:325)
at com.ep.app.tests.Common.validateResponseParams(Common.java:325)
at com.ep.app.tests.Common.validateResponseParams(Common.java:325)
at com.ep.app.tests.Common.validateResponseParams(Common.java:325)
at com.ep.app.tests.Common.validateResponseParams(Common.java:325)
at com.ep.app.tests.Common.validateResponseParams(Common.java:325)
at com.ep.app.tests.Common.validateResponseParams(Common.java:325)
at com.ep.app.tests.Common.validateResponseParams(Common.java:325)
at com.ep.app.tests.Common.validateResponseParams(Common.java:325)
at com.ep.app.tests.Common.validateResponseParams(Common.java:325)
at com.ep.app.tests.Common.validateResponseParams(Common.java:325)
at com.ep.app.tests.Common.validateResponseParams(Common.java:325)
at com.ep.app.tests.Common.validateResponseParams(Common.java:325)
at com.ep.app.tests.Common.validateResponseParams(Common.java:325)
at com.ep.app.tests.Common.validateResponseParams(Common.java:325)
at com.ep.app.tests.Common.validateResponseParams(Common.java:325)
at com.ep.app.tests.Common.validateResponseParams(Common.java:325)
at com.ep.app.tests.Common.validateResponseParams(Common.java:325)
at com.ep.app.tests.Common.validateResponseParams(Common.java:325)
at com.ep.app.tests.Common.validateResponseParams(Common.java:325)
at com.ep.app.tests.Common.validateResponseParams(Common.java:325)
at com.ep.app.tests.Common.validateResponseParams(Common.java:325)
at com.ep.app.tests.Common.validateResponseParams(Common.java:325)
at com.ep.app.tests.Common.validateResponseParams(Common.java:325)
at com.ep.app.tests.Common.validateResponseParams(Common.java:325)
at com.ep.app.tests.Common.validateResponseParams(Common.java:325)
at com.ep.app.tests.Common.validateResponseParams(Common.java:325)
at com.ep.app.tests.Common.validateResponseParams(Common.java:325)
at com.ep.app.tests.Common.validateResponseParams(Common.java:325)
at com.ep.app.tests.Common.validateResponseParams(Common.java:325)
at com.ep.app.tests.Common.validateResponseParams(Common.java:325)
at com.ep.app.tests.Common.validateResponseParams(Common.java:325)
at com.ep.app.tests.Common.validateResponseParams(Common.java:325)
at com.ep.app.tests.Common.validateResponseParams(Common.java:325)
at com.ep.app.tests.Common.validateResponseParams(Common.java:325)
at com.ep.app.tests.Common.validateResponseParams(Common.java:325)
at com.ep.app.tests.Common.validateResponseParams(Common.java:325)
at com.ep.app.tests.Common.validateResponseParams(Common.java:325)
at com.ep.app.tests.Common.validateResponseParams(Common.java:325)
at com.ep.app.tests.Common.validateResponseParams(Common.java:325)
at com.ep.app.tests.Common.validateResponseParams(Common.java:325)
at com.ep.app.tests.Common.validateResponseParams(Common.java:325)
at com.ep.app.tests.Common.validateResponseParams(Common.java:325)
at com.ep.app.tests.Common.validateResponseParams(Common.java:325)
at com.ep.app.tests.Common.validateResponseParams(Common.java:325)
at com.ep.app.tests.Common.validateResponseParams(Common.java:325)
at com.ep.app.tests.Common.validateResponseParams(Common.java:325)
at com.ep.app.tests.Common.validateResponseParams(Common.java:325)
at com.ep.app.tests.Common.validateResponseParams(Common.java:325)
at com.ep.app.tests.Common.validateResponseParams(Common.java:325)
at com.ep.app.tests.Common.validateResponseParams(Common.java:325)
at com.ep.app.tests.Common.validateResponseParams(Common.java:325)
at com.ep.app.tests.Common.validateResponseParams(Common.java:325)
at com.ep.app.tests.Common.validateResponseParams(Common.java:325)
at com.ep.app.tests.Common.validateResponseParams(Common.java:325)
at com.ep.app.tests.Common.validateResponseParams(Common.java:325)
at com.ep.app.tests.Common.validateResponseParams(Common.java:325)
at com.ep.app.tests.Common.validateResponseParams(Common.java:325)
at com.ep.app.tests.Common.validateResponseParams(Common.java:325)
at com.ep.app.tests.Common.validateResponseParams(Common.java:325)
at com.ep.app.tests.Common.validateResponseParams(Common.java:325)
at com.ep.app.tests.Common.validateResponseParams(Common.java:325)
at com.ep.app.tests.Common.validateResponseParams(Common.java:325)
at com.ep.app.tests.Common.validateResponseParams(Common.java:325)
at com.ep.app.tests.Common.validateResponseParams(Common.java:325)
at com.ep.app.tests.Common.validateResponseParams(Common.java:325)
at com.ep.app.tests.Common.validateResponseParams(Common.java:325)
at com.ep.app.tests.Common.validateResponseParams(Common.java:325)
at com.ep.app.tests.Common.validateResponseParams(Common.java:325)
at com.ep.app.tests.Common.validateResponseParams(Common.java:325)
at com.ep.app.tests.Common.validateResponseParams(Common.java:325)
at com.ep.app.tests.Common.validateResponseParams(Common.java:325)
at com.ep.app.tests.Common.validateResponseParams(Common.java:325)
at com.ep.app.tests.Common.validateResponseParams(Common.java:325)
at com.ep.app.tests.Common.validateResponseParams(Common.java:325)
at com.ep.app.tests.Common.validateResponseParams(Common.java:325)
at com.ep.app.tests.Common.validateResponseParams(Common.java:325)
at com.ep.app.tests.Common.validateResponseParams(Common.java:325)
at com.ep.app.tests.Common.validateResponseParams(Common.java:325)
at com.ep.app.tests.Common.validateResponseParams(Common.java:325)
at com.ep.app.tests.Common.validateResponseParams(Common.java:325)
at com.ep.app.tests.Common.validateResponseParams(Common.java:325)
at com.ep.app.tests.Common.validateResponseParams(Common.java:325)
at com.ep.app.tests.Common.validateResponseParams(Common.java:325)
at com.ep.app.tests.Common.validateResponseParams(Common.java:325)
at com.ep.app.tests.Common.validateResponseParams(Common.java:325)
at com.ep.app.tests.Common.validateResponseParams(Common.java:325)
at com.ep.app.tests.Common.validateResponseParams(Common.java:325)
at com.ep.app.tests.Common.validateResponseParams(Common.java:325)
at com.ep.app.tests.Common.validateResponseParams(Common.java:325)
at com.ep.app.tests.Common.validateResponseParams(Common.java:325)
at com.ep.app.tests.Common.validateResponseParams(Common.java:325)
at com.ep.app.tests.Common.validateResponseParams(Common.java:325)
at com.ep.app.tests.Common.validateResponseParams(Common.java:325)
at com.ep.app.tests.Common.validateResponseParams(Common.java:325)
at com.ep.app.tests.Common.validateResponseParams(Common.java:325)
at com.ep.app.tests.Common.validateResponseParams(Common.java:325)
at com.ep.app.tests.Common.validateResponseParams(Common.java:325)
at com.ep.app.tests.Common.validateResponseParams(Common.java:325)
at com.ep.app.tests.Common.validateResponseParams(Common.java:325)
at com.ep.app.tests.Common.validateResponseParams(Common.java:325)
at com.ep.app.tests.Common.validateResponseParams(Common.java:325)
at com.ep.app.tests.Common.validateResponseParams(Common.java:325)
at com.ep.app.tests.Common.validateResponseParams(Common.java:325)
at com.ep.app.tests.Common.validateResponseParams(Common.java:325)
at com.ep.app.tests.Common.validateResponseParams(Common.java:325)
at com.ep.app.tests.Common.validateResponseParams(Common.java:325)
at com.ep.app.tests.Common.validateResponseParams(Common.java:325)
at com.ep.app.tests.Common.validateResponseParams(Common.java:325)
at com.ep.app.tests.Common.validateResponseParams(Common.java:325)
at com.ep.app.tests.Common.validateResponseParams(Common.java:325)
at com.ep.app.tests.Common.validateResponseParams(Common.java:325)
at com.ep.app.tests.Common.validateResponseParams(Common.java:325)
at com.ep.app.tests.Common.validateResponseParams(Common.java:325)
at com.ep.app.tests.Common.validateResponseParams(Common.java:325)
at com.ep.app.tests.Common.validateResponseParams(Common.java:325)
at com.ep.app.tests.Common.validateResponseParams(Common.java:325)
at com.ep.app.tests.Common.validateResponseParams(Common.java:325)
at com.ep.app.tests.Common.validateResponseParams(Common.java:325)
at com.ep.app.tests.Common.validateResponseParams(Common.java:325)
at com.ep.app.tests.Common.validateResponseParams(Common.java:325)
at com.ep.app.tests.Common.validateResponseParams(Common.java:325)
at com.ep.app.tests.Common.validateResponseParams(Common.java:325)
at com.ep.app.tests.Common.validateResponseParams(Common.java:325)
at com.ep.app.tests.Common.validateResponseParams(Common.java:325)
at com.ep.app.tests.Common.validateResponseParams(Common.java:325)
at com.ep.app.tests.Common.validateResponseParams(Common.java:325)
at com.ep.app.tests.Common.validateResponseParams(Common.java:325)
at com.ep.app.tests.Common.validateResponseParams(Common.java:325)
at com.ep.app.tests.Common.validateResponseParams(Common.java:325)
at com.ep.app.tests.Common.validateResponseParams(Common.java:325)
at com.ep.app.tests.Common.validateResponseParams(Common.java:325)
at com.ep.app.tests.Common.validateResponseParams(Common.java:325)
at com.ep.app.tests.Common.validateResponseParams(Common.java:325)
at com.ep.app.tests.Common.validateResponseParams(Common.java:325)
at com.ep.app.tests.Common.validateResponseParams(Common.java:325)
at com.ep.app.tests.Common.validateResponseParams(Common.java:325)
at com.ep.app.tests.Common.validateResponseParams(Common.java:325)
at com.ep.app.tests.Common.validateResponseParams(Common.java:325)
at com.ep.app.tests.Common.validateResponseParams(Common.java:325)
at com.ep.app.tests.Common.validateResponseParams(Common.java:325)
at com.ep.app.tests.Common.validateResponseParams(Common.java:325)
at com.ep.app.tests.Common.validateResponseParams(Common.java:325)
at com.ep.app.tests.Common.validateResponseParams(Common.java:325)
at com.ep.app.tests.Common.validateResponseParams(Common.java:325)
at com.ep.app.tests.Common.validateResponseParams(Common.java:325)
at com.ep.app.tests.Common.validateResponseParams(Common.java:325)
at com.ep.app.tests.Common.validateResponseParams(Common.java:325)
at com.ep.app.tests.Common.validateResponseParams(Common.java:325)
at com.ep.app.tests.Common.validateResponseParams(Common.java:325)
at com.ep.app.tests.Common.validateResponseParams(Common.java:325)
at com.ep.app.tests.Common.validateResponseParams(Common.java:325)
at com.ep.app.tests.Common.validateResponseParams(Common.java:325)
at com.ep.app.tests.Common.validateResponseParams(Common.java:325)
at com.ep.app.tests.Common.validateResponseParams(Common.java:325)
at com.ep.app.tests.Common.validateResponseParams(Common.java:325)
at com.ep.app.tests.Common.validateResponseParams(Common.java:325)
at com.ep.app.tests.Common.validateResponseParams(Common.java:325)
at com.ep.app.tests.Common.validateResponseParams(Common.java:325)
at com.ep.app.tests.Common.validateResponseParams(Common.java:325)
at com.ep.app.tests.Common.validateResponseParams(Common.java:325)
at com.ep.app.tests.Common.validateResponseParams(Common.java:325)
at com.ep.app.tests.Common.validateResponseParams(Common.java:325)
at com.ep.app.tests.Common.validateResponseParams(Common.java:325)
at com.ep.app.tests.Common.validateResponseParams(Common.java:325)
at com.ep.app.tests.Common.validateResponseParams(Common.java:325)
at com.ep.app.tests.Common.validateResponseParams(Common.java:325)
at com.ep.app.tests.Common.validateResponseParams(Common.java:325)
at com.ep.app.tests.Common.validateResponseParams(Common.java:325)
at com.ep.app.tests.Common.validateResponseParams(Common.java:325)
at com.ep.app.tests.Common.validateResponseParams(Common.java:325)
at com.ep.app.tests.Common.validateResponseParams(Common.java:325)
at com.ep.app.tests.Common.validateResponseParams(Common.java:325)
at com.ep.app.tests.Common.validateResponseParams(Common.java:325)
at com.ep.app.tests.Common.validateResponseParams(Common.java:325)
at com.ep.app.tests.Common.validateResponseParams(Common.java:325)
at com.ep.app.tests.Common.validateResponseParams(Common.java:325)
at com.ep.app.tests.Common.validateResponseParams(Common.java:325)
at com.ep.app.tests.Common.validateResponseParams(Common.java:325)
at com.ep.app.tests.Common.validateResponseParams(Common.java:325)
at com.ep.app.tests.Common.validateResponseParams(Common.java:325)
at com.ep.app.tests.Common.validateResponseParams(Common.java:325)
at com.ep.app.tests.Common.validateResponseParams(Common.java:325)
at com.ep.app.tests.Common.validateResponseParams(Common.java:325)
at com.ep.app.tests.Common.validateResponseParams(Common.java:325)
at com.ep.app.tests.Common.validateResponseParams(Common.java:325)
at com.ep.app.tests.Common.validateResponseParams(Common.java:325)
at com.ep.app.tests.Common.validateResponseParams(Common.java:325)
at com.ep.app.tests.Common.validateResponseParams(Common.java:325)
at com.ep.app.tests.Common.validateResponseParams(Common.java:325)
at com.ep.app.tests.Common.validateResponseParams(Common.java:325)
at com.ep.app.tests.Common.validateResponseParams(Common.java:325)
at com.ep.app.tests.Common.validateResponseParams(Common.java:325)
at com.ep.app.tests.Common.validateResponseParams(Common.java:325)
at com.ep.app.tests.Common.validateResponseParams(Common.java:325)
at com.ep.app.tests.Common.validateResponseParams(Common.java:325)
at com.ep.app.tests.Common.validateResponseParams(Common.java:325)
at com.ep.app.tests.Common.validateResponseParams(Common.java:325)
at com.ep.app.tests.Common.validateResponseParams(Common.java:325)
at com.ep.app.tests.Common.validateResponseParams(Common.java:325)
at com.ep.app.tests.Common.validateResponseParams(Common.java:325)
at com.ep.app.tests.Common.validateResponseParams(Common.java:325)
at com.ep.app.tests.Common.validateResponseParams(Common.java:325)
at com.ep.app.tests.Common.validateResponseParams(Common.java:325)
at com.ep.app.tests.Common.validateResponseParams(Common.java:325)
at com.ep.app.tests.Common.validateResponseParams(Common.java:325)
at com.ep.app.tests.Common.validateResponseParams(Common.java:325)
at com.ep.app.tests.Common.validateResponseParams(Common.java:325)
at com.ep.app.tests.Common.validateResponseParams(Common.java:325)
at com.ep.app.tests.Common.validateResponseParams(Common.java:325)
at com.ep.app.tests.Common.validateResponseParams(Common.java:325)
at com.ep.app.tests.Common.validateResponseParams(Common.java:325)
at com.ep.app.tests.Common.validateResponseParams(Common.java:325)
at com.ep.app.tests.Common.validateResponseParams(Common.java:325)
at com.ep.app.tests.Common.validateResponseParams(Common.java:325)
at com.ep.app.tests.Common.validateResponseParams(Common.java:325)
at com.ep.app.tests.Common.validateResponseParams(Common.java:325)
at com.ep.app.tests.Common.validateResponseParams(Common.java:325)
at com.ep.app.tests.Common.validateResponseParams(Common.java:325)
at com.ep.app.tests.Common.validateResponseParams(Common.java:325)
at com.ep.app.tests.Common.validateResponseParams(Common.java:325)
at com.ep.app.tests.Common.validateResponseParams(Common.java:325)
at com.ep.app.tests.Common.validateResponseParams(Common.java:325)
at com.ep.app.tests.Common.validateResponseParams(Common.java:325)
at com.ep.app.tests.Common.validateResponseParams(Common.java:325)
at com.ep.app.tests.Common.validateResponseParams(Common.java:325)
at com.ep.app.tests.Common.validateResponseParams(Common.java:325)
at com.ep.app.tests.Common.validateResponseParams(Common.java:325)
at com.ep.app.tests.Common.validateResponseParams(Common.java:325)
at com.ep.app.tests.Common.validateResponseParams(Common.java:325)
at com.ep.app.tests.Common.validateResponseParams(Common.java:325)
at com.ep.app.tests.Common.validateResponseParams(Common.java:325)
at com.ep.app.tests.Common.validateResponseParams(Common.java:325)
at com.ep.app.tests.Common.validateResponseParams(Common.java:325)
at com.ep.app.tests.Common.validateResponseParams(Common.java:325)
at com.ep.app.tests.Common.validateResponseParams(Common.java:325)
at com.ep.app.tests.Common.validateResponseParams(Common.java:325)
at com.ep.app.tests.Common.validateResponseParams(Common.java:325)
at com.ep.app.tests.Common.validateResponseParams(Common.java:325)
at com.ep.app.tests.Common.validateResponseParams(Common.java:325)
at com.ep.app.tests.Common.validateResponseParams(Common.java:325)
at com.ep.app.tests.Common.validateResponseParams(Common.java:325)
at com.ep.app.tests.Common.validateResponseParams(Common.java:325)
at com.ep.app.tests.Common.validateResponseParams(Common.java:325)
at com.ep.app.tests.Common.validateResponseParams(Common.java:325)
at com.ep.app.tests.Common.validateResponseParams(Common.java:325)
at com.ep.app.tests.Common.validateResponseParams(Common.java:325)
at com.ep.app.tests.Common.validateResponseParams(Common.java:325)
at com.ep.app.tests.Common.validateResponseParams(Common.java:325)
at com.ep.app.tests.Common.validateResponseParams(Common.java:325)
at com.ep.app.tests.Common.validateResponseParams(Common.java:325)
at com.ep.app.tests.Common.validateResponseParams(Common.java:325)
at com.ep.app.tests.Common.validateResponseParams(Common.java:325)
at com.ep.app.tests.Common.validateResponseParams(Common.java:325)
at com.ep.app.tests.Common.validateResponseParams(Common.java:325)
at com.ep.app.tests.Common.validateResponseParams(Common.java:325)
at com.ep.app.tests.Common.validateResponseParams(Common.java:325)
at com.ep.app.tests.Common.validateResponseParams(Common.java:325)
at com.ep.app.tests.Common.validateResponseParams(Common.java:325)
at com.ep.app.tests.Common.validateResponseParams(Common.java:325)
at com.ep.app.tests.Common.validateResponseParams(Common.java:325)
at com.ep.app.tests.Common.validateResponseParams(Common.java:325)
at com.ep.app.tests.Common.validateResponseParams(Common.java:325)
at com.ep.app.tests.Common.validateResponseParams(Common.java:325)
at com.ep.app.tests.Common.validateResponseParams(Common.java:325)
at com.ep.app.tests.Common.validateResponseParams(Common.java:325)
at com.ep.app.tests.Common.validateResponseParams(Common.java:325)
at com.ep.app.tests.Common.validateResponseParams(Common.java:325)
at com.ep.app.tests.Common.validateResponseParams(Common.java:325)
at com.ep.app.tests.Common.validateResponseParams(Common.java:325)
at com.ep.app.tests.Common.validateResponseParams(Common.java:325)
at com.ep.app.tests.Common.validateResponseParams(Common.java:325)
at com.ep.app.tests.Common.validateResponseParams(Common.java:325)
at com.ep.app.tests.Common.validateResponseParams(Common.java:325)
at com.ep.app.tests.Common.validateResponseParams(Common.java:325)
at com.ep.app.tests.Common.validateResponseParams(Common.java:325)
at com.ep.app.tests.Common.validateResponseParams(Common.java:325)
at com.ep.app.tests.Common.validateResponseParams(Common.java:325)
at com.ep.app.tests.Common.validateResponseParams(Common.java:325)
at com.ep.app.tests.Common.validateResponseParams(Common.java:325)
at com.ep.app.tests.Common.validateResponseParams(Common.java:325)
at com.ep.app.tests.Common.validateResponseParams(Common.java:325)
at com.ep.app.tests.Common.validateResponseParams(Common.java:325)
at com.ep.app.tests.Common.validateResponseParams(Common.java:325)
at com.ep.app.tests.Common.validateResponseParams(Common.java:325)
at com.ep.app.tests.Common.validateResponseParams(Common.java:325)
at com.ep.app.tests.Common.validateResponseParams(Common.java:325)
at com.ep.app.tests.Common.validateResponseParams(Common.java:325)
at com.ep.app.tests.Common.validateResponseParams(Common.java:325)
at com.ep.app.tests.Common.validateResponseParams(Common.java:325)
at com.ep.app.tests.Common.validateResponseParams(Common.java:325)
at com.ep.app.tests.Common.validateResponseParams(Common.java:325)
at com.ep.app.tests.Common.validateResponseParams(Common.java:325)
at com.ep.app.tests.Common.validateResponseParams(Common.java:325)
at com.ep.app.tests.Common.validateResponseParams(Common.java:325)
at com.ep.app.tests.Common.validateResponseParams(Common.java:325)
at com.ep.app.tests.Common.validateResponseParams(Common.java:325)
at com.ep.app.tests.Common.validateResponseParams(Common.java:325)
at com.ep.app.tests.Common.validateResponseParams(Common.java:325)
at com.ep.app.tests.Common.validateResponseParams(Common.java:325)
at com.ep.app.tests.Common.validateResponseParams(Common.java:325)
at com.ep.app.tests.Common.validateResponseParams(Common.java:325)
at com.ep.app.tests.Common.validateResponseParams(Common.java:325)
at com.ep.app.tests.Common.validateResponseParams(Common.java:325)
at com.ep.app.tests.Common.validateResponseParams(Common.java:325)
at com.ep.app.tests.Common.validateResponseParams(Common.java:325)
at com.ep.app.tests.Common.validateResponseParams(Common.java:325)
at com.ep.app.tests.Common.validateResponseParams(Common.java:325)
at com.ep.app.tests.Common.validateResponseParams(Common.java:325)
at com.ep.app.tests.Common.validateResponseParams(Common.java:325)
at com.ep.app.tests.Common.validateResponseParams(Common.java:325)
at com.ep.app.tests.Common.validateResponseParams(Common.java:325)
at com.ep.app.tests.Common.validateResponseParams(Common.java:325)
at com.ep.app.tests.Common.validateResponseParams(Common.java:325)
at com.ep.app.tests.Common.validateResponseParams(Common.java:325)
at com.ep.app.tests.Common.validateResponseParams(Common.java:325)
at com.ep.app.tests.Common.validateResponseParams(Common.java:325)
at com.ep.app.tests.Common.validateResponseParams(Common.java:325)
at com.ep.app.tests.Common.validateResponseParams(Common.java:325)
at com.ep.app.tests.Common.validateResponseParams(Common.java:325)
at com.ep.app.tests.Common.validateResponseParams(Common.java:325)
at com.ep.app.tests.Common.validateResponseParams(Common.java:325)
at com.ep.app.tests.Common.validateResponseParams(Common.java:325)
at com.ep.app.tests.Common.validateResponseParams(Common.java:325)
at com.ep.app.tests.Common.validateResponseParams(Common.java:325)
at com.ep.app.tests.Common.validateResponseParams(Common.java:325)
at com.ep.app.tests.Common.validateResponseParams(Common.java:325)
at com.ep.app.tests.Common.validateResponseParams(Common.java:325)
at com.ep.app.tests.Common.validateResponseParams(Common.java:325)
at com.ep.app.tests.Common.validateResponseParams(Common.java:325)
at com.ep.app.tests.Common.validateResponseParams(Common.java:325)
at com.ep.app.tests.Common.validateResponseParams(Common.java:325)
at com.ep.app.tests.Common.validateResponseParams(Common.java:325)
at com.ep.app.tests.Common.validateResponseParams(Common.java:325)
at com.ep.app.tests.Common.validateResponseParams(Common.java:325)
at com.ep.app.tests.Common.validateResponseParams(Common.java:325)
at com.ep.app.tests.Common.validateResponseParams(Common.java:325)
at com.ep.app.tests.Common.validateResponseParams(Common.java:325)
at com.ep.app.tests.Common.validateResponseParams(Common.java:325)
at com.ep.app.tests.Common.validateResponseParams(Common.java:325)
at com.ep.app.tests.Common.validateResponseParams(Common.java:325)
at com.ep.app.tests.Common.validateResponseParams(Common.java:325)
at com.ep.app.tests.Common.validateResponseParams(Common.java:325)
at com.ep.app.tests.Common.validateResponseParams(Common.java:325)
at com.ep.app.tests.Common.validateResponseParams(Common.java:325)
at com.ep.app.tests.Common.validateResponseParams(Common.java:325)
at com.ep.app.tests.Common.validateResponseParams(Common.java:325)
at com.ep.app.tests.Common.validateResponseParams(Common.java:325)
at com.ep.app.tests.Common.validateResponseParams(Common.java:325)
at com.ep.app.tests.Common.validateResponseParams(Common.java:325)
at com.ep.app.tests.Common.validateResponseParams(Common.java:325)
at com.ep.app.tests.Common.validateResponseParams(Common.java:325)
at com.ep.app.tests.Common.validateResponseParams(Common.java:325)
at com.ep.app.tests.Common.validateResponseParams(Common.java:325)
at com.ep.app.tests.Common.validateResponseParams(Common.java:325)
at com.ep.app.tests.Common.validateResponseParams(Common.java:325)
at com.ep.app.tests.Common.validateResponseParams(Common.java:325)
at com.ep.app.tests.Common.validateResponseParams(Common.java:325)
at com.ep.app.tests.Common.validateResponseParams(Common.java:325)
at com.ep.app.tests.Common.validateResponseParams(Common.java:325)
at com.ep.app.tests.Common.validateResponseParams(Common.java:325)
at com.ep.app.tests.Common.validateResponseParams(Common.java:325)
at com.ep.app.tests.Common.validateResponseParams(Common.java:325)
at com.ep.app.tests.Common.validateResponseParams(Common.java:325)
at com.ep.app.tests.Common.validateResponseParams(Common.java:325)
at com.ep.app.tests.Common.validateResponseParams(Common.java:325)
at com.ep.app.tests.Common.validateResponseParams(Common.java:325)
at com.ep.app.tests.Common.validateResponseParams(Common.java:325)
at com.ep.app.tests.Common.validateResponseParams(Common.java:325)
at com.ep.app.tests.Common.validateResponseParams(Common.java:325)
at com.ep.app.tests.Common.validateResponseParams(Common.java:325)
at com.ep.app.tests.Common.validateResponseParams(Common.java:325)
at com.ep.app.tests.Common.validateResponseParams(Common.java:325)
at com.ep.app.tests.Common.validateResponseParams(Common.java:325)
at com.ep.app.tests.Common.validateResponseParams(Common.java:325)
at com.ep.app.tests.Common.validateResponseParams(Common.java:325)
at com.ep.app.tests.Common.validateResponseParams(Common.java:325)
at com.ep.app.tests.Common.validateResponseParams(Common.java:325)
at com.ep.app.tests.Common.validateResponseParams(Common.java:325)
at com.ep.app.tests.Common.validateResponseParams(Common.java:325)
at com.ep.app.tests.Common.validateResponseParams(Common.java:325)
at com.ep.app.tests.Common.validateResponseParams(Common.java:325)
at com.ep.app.tests.Common.validateResponseParams(Common.java:325)
at com.ep.app.tests.Common.validateResponseParams(Common.java:325)
at com.ep.app.tests.Common.validateResponseParams(Common.java:325)
at com.ep.app.tests.Common.validateResponseParams(Common.java:325)
at com.ep.app.tests.Common.validateResponseParams(Common.java:325)
at com.ep.app.tests.Common.validateResponseParams(Common.java:325)
at com.ep.app.tests.Common.validateResponseParams(Common.java:325)
at com.ep.app.tests.Common.validateResponseParams(Common.java:325)
at com.ep.app.tests.Common.validateResponseParams(Common.java:325)
at com.ep.app.tests.Common.validateResponseParams(Common.java:325)
at com.ep.app.tests.Common.validateResponseParams(Common.java:325)
at com.ep.app.tests.Common.validateResponseParams(Common.java:325)
at com.ep.app.tests.Common.validateResponseParams(Common.java:325)
at com.ep.app.tests.Common.validateResponseParams(Common.java:325)
at com.ep.app.tests.Common.validateResponseParams(Common.java:325)
at com.ep.app.tests.Common.validateResponseParams(Common.java:325)
at com.ep.app.tests.Common.validateResponseParams(Common.java:325)
at com.ep.app.tests.Common.validateResponseParams(Common.java:325)
at com.ep.app.tests.Common.validateResponseParams(Common.java:325)
at com.ep.app.tests.Common.validateResponseParams(Common.java:325)
at com.ep.app.tests.Common.validateResponseParams(Common.java:325)
at com.ep.app.tests.Common.validateResponseParams(Common.java:325)
at com.ep.app.tests.Common.validateResponseParams(Common.java:325)
at com.ep.app.tests.Common.validateResponseParams(Common.java:325)
at com.ep.app.tests.Common.validateResponseParams(Common.java:325)
at com.ep.app.tests.Common.validateResponseParams(Common.java:325)
at com.ep.app.tests.Common.validateResponseParams(Common.java:325)
at com.ep.app.tests.Common.validateResponseParams(Common.java:325)
at com.ep.app.tests.Common.validateResponseParams(Common.java:325)
at com.ep.app.tests.Common.validateResponseParams(Common.java:325)
at com.ep.app.tests.Common.validateResponseParams(Common.java:325)
at com.ep.app.tests.Common.validateResponseParams(Common.java:325)
at com.ep.app.tests.Common.validateResponseParams(Common.java:325)
at com.ep.app.tests.Common.validateResponseParams(Common.java:325)
at com.ep.app.tests.Common.validateResponseParams(Common.java:325)
at com.ep.app.tests.Common.validateResponseParams(Common.java:325)
at com.ep.app.tests.Common.validateResponseParams(Common.java:325)
at com.ep.app.tests.Common.validateResponseParams(Common.java:325)
at com.ep.app.tests.Common.validateResponseParams(Common.java:325)
at com.ep.app.tests.Common.validateResponseParams(Common.java:325)
at com.ep.app.tests.Common.validateResponseParams(Common.java:325)
at com.ep.app.tests.Common.validateResponseParams(Common.java:325)
at com.ep.app.tests.Common.validateResponseParams(Common.java:325)
at com.ep.app.tests.Common.validateResponseParams(Common.java:325)
at com.ep.app.tests.Common.validateResponseParams(Common.java:325)
at com.ep.app.tests.Common.validateResponseParams(Common.java:325)
at com.ep.app.tests.Common.validateResponseParams(Common.java:325)
at com.ep.app.tests.Common.validateResponseParams(Common.java:325)
at com.ep.app.tests.Common.validateResponseParams(Common.java:325)
at com.ep.app.tests.Common.validateResponseParams(Common.java:325)
at com.ep.app.tests.Common.validateResponseParams(Common.java:325)
at com.ep.app.tests.Common.validateResponseParams(Common.java:325)
at com.ep.app.tests.Common.validateResponseParams(Common.java:325)
at com.ep.app.tests.Common.validateResponseParams(Common.java:325)
at com.ep.app.tests.Common.validateResponseParams(Common.java:325)
at com.ep.app.tests.Common.validateResponseParams(Common.java:325)
at com.ep.app.tests.Common.validateResponseParams(Common.java:325)
at com.ep.app.tests.Common.validateResponseParams(Common.java:325)
at com.ep.app.tests.Common.validateResponseParams(Common.java:325)
at com.ep.app.tests.Common.validateResponseParams(Common.java:325)
at com.ep.app.tests.Common.validateResponseParams(Common.java:325)
at com.ep.app.tests.Common.validateResponseParams(Common.java:325)
at com.ep.app.tests.Common.validateResponseParams(Common.java:325)
at com.ep.app.tests.Common.validateResponseParams(Common.java:325)
at com.ep.app.tests.Common.validateResponseParams(Common.java:325)
at com.ep.app.tests.Common.validateResponseParams(Common.java:325)
at com.ep.app.tests.Common.validateResponseParams(Common.java:325)
at com.ep.app.tests.Common.validateResponseParams(Common.java:325)
at com.ep.app.tests.Common.validateResponseParams(Common.java:325)
at com.ep.app.tests.Common.validateResponseParams(Common.java:325)
at com.ep.app.tests.Common.validateResponseParams(Common.java:325)
at com.ep.app.tests.Common.validateResponseParams(Common.java:325)
at com.ep.app.tests.Common.validateResponseParams(Common.java:325)
at com.ep.app.tests.Common.validateResponseParams(Common.java:325)
at com.ep.app.tests.Common.validateResponseParams(Common.java:325)
at com.ep.app.tests.Common.validateResponseParams(Common.java:325)
at com.ep.app.tests.Common.validateResponseParams(Common.java:325)
at com.ep.app.tests.Common.validateResponseParams(Common.java:325)
at com.ep.app.tests.Common.validateResponseParams(Common.java:325)
at com.ep.app.tests.Common.validateResponseParams(Common.java:325)
at com.ep.app.tests.Common.validateResponseParams(Common.java:325)
at com.ep.app.tests.Common.validateResponseParams(Common.java:325)
at com.ep.app.tests.Common.validateResponseParams(Common.java:325)
at com.ep.app.tests.Common.validateResponseParams(Common.java:325)
at com.ep.app.tests.Common.validateResponseParams(Common.java:325)
at com.ep.app.tests.Common.validateResponseParams(Common.java:325)
at com.ep.app.tests.Common.validateResponseParams(Common.java:325)
at com.ep.app.tests.Common.validateResponseParams(Common.java:325)
at com.ep.app.tests.Common.validateResponseParams(Common.java:325)
at com.ep.app.tests.Common.validateResponseParams(Common.java:325)
at com.ep.app.tests.Common.validateResponseParams(Common.java:325)
at com.ep.app.tests.Common.validateResponseParams(Common.java:325)
at com.ep.app.tests.Common.validateResponseParams(Common.java:325)
at com.ep.app.tests.Common.validateResponseParams(Common.java:325)
at com.ep.app.tests.Common.validateResponseParams(Common.java:325)
at com.ep.app.tests.Common.validateResponseParams(Common.java:325)
at com.ep.app.tests.Common.validateResponseParams(Common.java:325)
at com.ep.app.tests.Common.validateResponseParams(Common.java:325)
at com.ep.app.tests.Common.validateResponseParams(Common.java:325)
at com.ep.app.tests.Common.validateResponseParams(Common.java:325)
at com.ep.app.tests.Common.validateResponseParams(Common.java:325)
at com.ep.app.tests.Common.validateResponseParams(Common.java:325)
at com.ep.app.tests.Common.validateResponseParams(Common.java:325)
at com.ep.app.tests.Common.validateResponseParams(Common.java:325)
at com.ep.app.tests.Common.validateResponseParams(Common.java:325)
at com.ep.app.tests.Common.validateResponseParams(Common.java:325)
at com.ep.app.tests.Common.validateResponseParams(Common.java:325)
at com.ep.app.tests.Common.validateResponseParams(Common.java:325)
at com.ep.app.tests.Common.validateResponseParams(Common.java:325)
at com.ep.app.tests.Common.validateResponseParams(Common.java:325)
at com.ep.app.tests.Common.validateResponseParams(Common.java:325)
at com.ep.app.tests.Common.validateResponseParams(Common.java:325)
at com.ep.app.tests.Common.validateResponseParams(Common.java:325)
at com.ep.app.tests.Common.validateResponseParams(Common.java:325)
at com.ep.app.tests.Common.validateResponseParams(Common.java:325)
at com.ep.app.tests.Common.validateResponseParams(Common.java:325)
at com.ep.app.tests.Common.validateResponseParams(Common.java:325)
at com.ep.app.tests.Common.validateResponseParams(Common.java:325)
at com.ep.app.tests.Common.validateResponseParams(Common.java:325)
at com.ep.app.tests.Common.validateResponseParams(Common.java:325)
at com.ep.app.tests.Common.validateResponseParams(Common.java:325)
at com.ep.app.tests.Common.validateResponseParams(Common.java:325)
at com.ep.app.tests.Common.validateResponseParams(Common.java:325)
at com.ep.app.tests.Common.validateResponseParams(Common.java:325)
at com.ep.app.tests.Common.validateResponseParams(Common.java:325)
at com.ep.app.tests.Common.validateResponseParams(Common.java:325)
at com.ep.app.tests.Common.validateResponseParams(Common.java:325)
at com.ep.app.tests.Common.validateResponseParams(Common.java:325)
at com.ep.app.tests.Common.validateResponseParams(Common.java:325)
at com.ep.app.tests.Common.validateResponseParams(Common.java:325)
at com.ep.app.tests.Common.validateResponseParams(Common.java:325)
at com.ep.app.tests.Common.validateResponseParams(Common.java:325)
at com.ep.app.tests.Common.validateResponseParams(Common.java:325)
at com.ep.app.tests.Common.validateResponseParams(Common.java:325)
at com.ep.app.tests.Common.validateResponseParams(Common.java:325)
at com.ep.app.tests.Common.validateResponseParams(Common.java:325)
at com.ep.app.tests.Common.validateResponseParams(Common.java:325)
at com.ep.app.tests.Common.validateResponseParams(Common.java:325)
at com.ep.app.tests.Common.validateResponseParams(Common.java:325)
at com.ep.app.tests.Common.validateResponseParams(Common.java:325)
at com.ep.app.tests.Common.validateResponseParams(Common.java:325)
at com.ep.app.tests.Common.validateResponseParams(Common.java:325)
at com.ep.app.tests.Common.validateResponseParams(Common.java:325)
at com.ep.app.tests.Common.validateResponseParams(Common.java:325)
at com.ep.app.tests.Common.validateResponseParams(Common.java:325)
at com.ep.app.tests.Common.validateResponseParams(Common.java:325)
at com.ep.app.tests.Common.validateResponseParams(Common.java:325)
at com.ep.app.tests.Common.validateResponseParams(Common.java:325)
at com.ep.app.tests.Common.validateResponseParams(Common.java:325)
at com.ep.app.tests.Common.validateResponseParams(Common.java:325)
at com.ep.app.tests.Common.validateResponseParams(Common.java:325)
at com.ep.app.tests.Common.validateResponseParams(Common.java:325)
at com.ep.app.tests.Common.validateResponseParams(Common.java:325)
at com.ep.app.tests.Common.validateResponseParams(Common.java:325)
at com.ep.app.tests.Common.validateResponseParams(Common.java:325)
at com.ep.app.tests.Common.validateResponseParams(Common.java:325)
at com.ep.app.tests.Common.validateResponseParams(Common.java:325)
at com.ep.app.tests.Common.validateResponseParams(Common.java:325)
at com.ep.app.tests.Common.validateResponseParams(Common.java:325)
at com.ep.app.tests.Common.validateResponseParams(Common.java:325)
at com.ep.app.tests.Common.validateResponseParams(Common.java:325)
at com.ep.app.tests.Common.validateResponseParams(Common.java:325)
at com.ep.app.tests.Common.validateResponseParams(Common.java:325)
at com.ep.app.tests.Common.validateResponseParams(Common.java:325)
at com.ep.app.tests.Common.validateResponseParams(Common.java:325)
at com.ep.app.tests.Common.validateResponseParams(Common.java:325)
at com.ep.app.tests.Common.validateResponseParams(Common.java:325)
at com.ep.app.tests.Common.validateResponseParams(Common.java:325)
at com.ep.app.tests.Common.validateResponseParams(Common.java:325)
at com.ep.app.tests.Common.validateResponseParams(Common.java:325)
at com.ep.app.tests.Common.validateResponseParams(Common.java:325)
at com.ep.app.tests.Common.validateResponseParams(Common.java:325)
at com.ep.app.tests.Common.validateResponseParams(Common.java:325)
at com.ep.app.tests.Common.validateResponseParams(Common.java:325)
at com.ep.app.tests.Common.validateResponseParams(Common.java:325)
at com.ep.app.tests.Common.validateResponseParams(Common.java:325)
at com.ep.app.tests.Common.validateResponseParams(Common.java:325)
at com.ep.app.tests.Common.validateResponseParams(Common.java:325)
at com.ep.app.tests.Common.validateResponseParams(Common.java:325)
at com.ep.app.tests.Common.validateResponseParams(Common.java:325)
at com.ep.app.tests.Common.validateResponseParams(Common.java:325)
at com.ep.app.tests.Common.validateResponseParams(Common.java:325)
at com.ep.app.tests.Common.validateResponseParams(Common.java:325)
at com.ep.app.tests.Common.validateResponseParams(Common.java:325)
at com.ep.app.tests.Common.validateResponseParams(Common.java:325)
at com.ep.app.tests.Common.validateResponseParams(Common.java:325)
at com.ep.app.tests.Common.validateResponseParams(Common.java:325)
at com.ep.app.tests.Common.validateResponseParams(Common.java:325)
at com.ep.app.tests.Common.validateResponseParams(Common.java:325)
at com.ep.app.tests.Common.validateResponseParams(Common.java:325)
at com.ep.app.tests.Common.validateResponseParams(Common.java:325)
at com.ep.app.tests.Common.validateResponseParams(Common.java:325)
at com.ep.app.tests.Common.validateResponseParams(Common.java:325)
at com.ep.app.tests.Common.validateResponseParams(Common.java:325)
at com.ep.app.tests.Common.validateResponseParams(Common.java:325)
at com.ep.app.tests.Common.validateResponseParams(Common.java:325)
at com.ep.app.tests.Common.validateResponseParams(Common.java:325)
at com.ep.app.tests.Common.validateResponseParams(Common.java:325)
at com.ep.app.tests.Common.validateResponseParams(Common.java:325)
at com.ep.app.tests.Common.validateResponseParams(Common.java:325)
at com.ep.app.tests.Common.validateResponseParams(Common.java:325)
at com.ep.app.tests.Common.validateResponseParams(Common.java:325)
at com.ep.app.tests.Common.validateResponseParams(Common.java:325)
at com.ep.app.tests.Common.validateResponseParams(Common.java:325)
at com.ep.app.tests.Common.validateResponseParams(Common.java:325)
at com.ep.app.tests.Common.validateResponseParams(Common.java:325)
at com.ep.app.tests.Common.validateResponseParams(Common.java:325)
at com.ep.app.tests.Common.validateResponseParams(Common.java:325)
at com.ep.app.tests.Common.validateResponseParams(Common.java:325)
at com.ep.app.tests.Common.validateResponseParams(Common.java:325)
at com.ep.app.tests.Common.validateResponseParams(Common.java:325)
at com.ep.app.tests.Common.validateResponseParams(Common.java:325)
at com.ep.app.tests.Common.validateResponseParams(Common.java:325)
at com.ep.app.tests.Common.validateResponseParams(Common.java:325)
at com.ep.app.tests.Common.validateResponseParams(Common.java:325)
at com.ep.app.tests.Common.validateResponseParams(Common.java:325)
at com.ep.app.tests.Common.validateResponseParams(Common.java:325)
at com.ep.app.tests.Common.validateResponseParams(Common.java:325)
at com.ep.app.tests.Common.validateResponseParams(Common.java:325)
at com.ep.app.tests.Common.validateResponseParams(Common.java:325)
at com.ep.app.tests.Common.validateResponseParams(Common.java:325)
at com.ep.app.tests.Common.validateResponseParams(Common.java:325)
at com.ep.app.tests.Common.validateResponseParams(Common.java:325)
at com.ep.app.tests.Common.validateResponseParams(Common.java:325)
at com.ep.app.tests.Common.validateResponseParams(Common.java:325)
at com.ep.app.tests.Common.validateResponseParams(Common.java:325)
at com.ep.app.tests.Common.validateResponseParams(Common.java:325)
at com.ep.app.tests.Common.validateResponseParams(Common.java:325)
at com.ep.app.tests.Common.validateResponseParams(Common.java:325)
at com.ep.app.tests.Common.validateResponseParams(Common.java:325)
at com.ep.app.tests.Common.validateResponseParams(Common.java:325)
at com.ep.app.tests.Common.validateResponseParams(Common.java:325)
at com.ep.app.tests.Common.validateResponseParams(Common.java:325)
at com.ep.app.tests.Common.validateResponseParams(Common.java:325)
at com.ep.app.tests.Common.validateResponseParams(Common.java:325)
at com.ep.app.tests.Common.validateResponseParams(Common.java:325)
at com.ep.app.tests.Common.validateResponseParams(Common.java:325)
at com.ep.app.tests.Common.validateResponseParams(Common.java:325)
at com.ep.app.tests.Common.validateResponseParams(Common.java:325)
at com.ep.app.tests.Common.validateResponseParams(Common.java:325)
at com.ep.app.tests.Common.validateResponseParams(Common.java:325)
at com.ep.app.tests.Common.validateResponseParams(Common.java:325)
at com.ep.app.tests.Common.validateResponseParams(Common.java:325)
at com.ep.app.tests.Common.validateResponseParams(Common.java:325)
at com.ep.app.tests.Common.validateResponseParams(Common.java:325)
at com.ep.app.tests.Common.validateResponseParams(Common.java:325)
at com.ep.app.tests.Common.validateResponseParams(Common.java:325)
at com.ep.app.tests.Common.validateResponseParams(Common.java:325)
at com.ep.app.tests.Common.validateResponseParams(Common.java:325)
at com.ep.app.tests.Common.validateResponseParams(Common.java:325)
at com.ep.app.tests.Common.validateResponseParams(Common.java:325)
at com.ep.app.tests.Common.validateResponseParams(Common.java:325)
at com.ep.app.tests.Common.validateResponseParams(Common.java:325)
at com.ep.app.tests.Common.validateResponseParams(Common.java:325)
]]>
    </error>
  </testcase> <!-- testChainingRequest -->
  <system-out/>
</testsuite> <!-- com.ep.app.tests.ChainingTest -->
