<?xml version="1.0" encoding="UTF-8"?>
<!-- Generated by org.testng.reporters.JUnitReportReporter -->
<testsuite hostname="1021HP440G815" failures="0" tests="2" name="com.ep.app.tests.APIMethods" time="7.090" errors="0" timestamp="2026-01-22T11:57:01 IST" skipped="0">
  <testcase classname="com.ep.app.tests.APIMethods" name="runApi" time="1.516"/>
  <system-out/>
  <testcase classname="com.ep.app.tests.APIMethods" name="runApi" time="5.574"/>
  <system-out/>
</testsuite> <!-- com.ep.app.tests.APIMethods -->
