<?xml version="1.0" encoding="UTF-8"?>
<!-- Generated by org.testng.reporters.JUnitReportReporter -->
<testsuite hostname="1021HP440G815" failures="0" tests="7" name="com.ep.app.tests.ChainingTest" time="0.502" errors="0" timestamp="2026-01-23T11:41:18 IST" skipped="0">
  <testcase classname="com.ep.app.tests.ChainingTest" name="testChainingRequest" time="0.074"/>
  <system-out/>
  <testcase classname="com.ep.app.tests.ChainingTest" name="testChainingRequest" time="0.067"/>
  <system-out/>
  <testcase classname="com.ep.app.tests.ChainingTest" name="testChainingRequest" time="0.087"/>
  <system-out/>
  <testcase classname="com.ep.app.tests.ChainingTest" name="testChainingRequest" time="0.072"/>
  <system-out/>
  <testcase classname="com.ep.app.tests.ChainingTest" name="testChainingRequest" time="0.069"/>
  <system-out/>
  <testcase classname="com.ep.app.tests.ChainingTest" name="testChainingRequest" time="0.066"/>
  <system-out/>
  <testcase classname="com.ep.app.tests.ChainingTest" name="testChainingRequest" time="0.067"/>
  <system-out/>
</testsuite> <!-- com.ep.app.tests.ChainingTest -->
