<?xml version="1.0" encoding="UTF-8"?>
<!-- Generated by org.testng.reporters.JUnitReportReporter -->
<testsuite hostname="1021HP440G815" failures="0" tests="2" name="com.ep.app.tests.APIMethods" time="7.590" errors="0" timestamp="2025-12-09T17:47:59 IST" skipped="0">
  <testcase classname="com.ep.app.tests.APIMethods" name="testGETRequest" time="5.228"/>
  <system-out/>
  <testcase classname="com.ep.app.tests.APIMethods" name="testPOSTRequest" time="2.362"/>
  <system-out/>
</testsuite> <!-- com.ep.app.tests.APIMethods -->
